{"/home/richard/Documents/Projects/kym-api/server/api/routes/paths.js":{"path":"/home/richard/Documents/Projects/kym-api/server/api/routes/paths.js","statementMap":{"0":{"start":{"line":4,"column":0},"end":{"line":4,"column":29}},"1":{"start":{"line":5,"column":0},"end":{"line":5,"column":28}},"2":{"start":{"line":6,"column":0},"end":{"line":6,"column":29}},"3":{"start":{"line":7,"column":0},"end":{"line":7,"column":26}},"4":{"start":{"line":8,"column":0},"end":{"line":8,"column":24}},"5":{"start":{"line":9,"column":0},"end":{"line":9,"column":29}},"6":{"start":{"line":10,"column":0},"end":{"line":10,"column":31}},"7":{"start":{"line":11,"column":0},"end":{"line":11,"column":28}},"8":{"start":{"line":12,"column":0},"end":{"line":12,"column":25}},"9":{"start":{"line":13,"column":0},"end":{"line":13,"column":28}},"10":{"start":{"line":14,"column":0},"end":{"line":14,"column":27}}},"fnMap":{},"branchMap":{},"s":{"0":1,"1":1,"2":1,"3":1,"4":1,"5":1,"6":1,"7":1,"8":1,"9":1,"10":1},"f":{},"b":{},"_coverageSchema":"1a1c01bbd47fc00a2c39e90264f33305004495a9","hash":"c7c7ddc5fb4ec5a231ead80566f35441dade99a6","contentHash":"6281d05ee31bfb46862e16a206e43a9c0ecc37e277a9eddb6f1ce2793adaed80"},"/home/richard/Documents/Projects/kym-api/server/api/routes/calculate/paths.js":{"path":"/home/richard/Documents/Projects/kym-api/server/api/routes/calculate/paths.js","statementMap":{"0":{"start":{"line":1,"column":21},"end":{"line":1,"column":52}},"1":{"start":{"line":3,"column":0},"end":{"line":62,"column":3}},"2":{"start":{"line":64,"column":0},"end":{"line":89,"column":3}}},"fnMap":{},"branchMap":{},"s":{"0":1,"1":1,"2":1},"f":{},"b":{},"_coverageSchema":"1a1c01bbd47fc00a2c39e90264f33305004495a9","hash":"46a694980a217a3ee3d63777db1a2386f5d90238","contentHash":"f3d7f8246f541968ef85e305ab5f8d1361055905ef5e6c5442e9cc7dd5d4cb35"},"/home/richard/Documents/Projects/kym-api/server/api/routes/database/paths.js":{"path":"/home/richard/Documents/Projects/kym-api/server/api/routes/database/paths.js","statementMap":{"0":{"start":{"line":1,"column":21},"end":{"line":1,"column":52}},"1":{"start":{"line":3,"column":0},"end":{"line":43,"column":3}}},"fnMap":{},"branchMap":{},"s":{"0":1,"1":1},"f":{},"b":{},"_coverageSchema":"1a1c01bbd47fc00a2c39e90264f33305004495a9","hash":"ba6ac3434a0fc549107bc5eecf59bb5bb1b13494","contentHash":"aee0528e4db1cc7f7b00645596534179b97e0fac14d32f95ff05fbbf1ee08d2d"},"/home/richard/Documents/Projects/kym-api/server/api/routes/favorites/paths.js":{"path":"/home/richard/Documents/Projects/kym-api/server/api/routes/favorites/paths.js","statementMap":{"0":{"start":{"line":1,"column":21},"end":{"line":1,"column":52}},"1":{"start":{"line":2,"column":18},"end":{"line":2,"column":55}},"2":{"start":{"line":4,"column":0},"end":{"line":101,"column":3}}},"fnMap":{},"branchMap":{},"s":{"0":1,"1":1,"2":1},"f":{},"b":{},"_coverageSchema":"1a1c01bbd47fc00a2c39e90264f33305004495a9","hash":"eb3759b5148a49b2990da52aa0ce1aeca2939684","contentHash":"2b14d342735afbff07363bf100e0376fedf99ee8d6adf9b856fc1cdb92d2b615"},"/home/richard/Documents/Projects/kym-api/server/api/routes/fitbit/paths.js":{"path":"/home/richard/Documents/Projects/kym-api/server/api/routes/fitbit/paths.js","statementMap":{"0":{"start":{"line":1,"column":21},"end":{"line":1,"column":52}},"1":{"start":{"line":3,"column":0},"end":{"line":38,"column":3}}},"fnMap":{},"branchMap":{},"s":{"0":1,"1":1},"f":{},"b":{},"_coverageSchema":"1a1c01bbd47fc00a2c39e90264f33305004495a9","hash":"efec5f696f8db4a68771a07c0f3a3a7598482103","contentHash":"129fddcecbe36b9ea93269cf2906f50dc50fd0e796e8c76994417caeaa401ce0"},"/home/richard/Documents/Projects/kym-api/server/api/routes/food/paths.js":{"path":"/home/richard/Documents/Projects/kym-api/server/api/routes/food/paths.js","statementMap":{"0":{"start":{"line":1,"column":21},"end":{"line":1,"column":52}},"1":{"start":{"line":3,"column":0},"end":{"line":53,"column":3}},"2":{"start":{"line":55,"column":0},"end":{"line":131,"column":3}}},"fnMap":{},"branchMap":{},"s":{"0":1,"1":1,"2":1},"f":{},"b":{},"_coverageSchema":"1a1c01bbd47fc00a2c39e90264f33305004495a9","hash":"2e8513042e260c394e1d4487d12ec1b261f477cb","contentHash":"1c2d3e2195918fd3d081202c3e18e5223e10ee49ef834d02ab944a1130d79c32"},"/home/richard/Documents/Projects/kym-api/server/api/routes/foodmicro/paths.js":{"path":"/home/richard/Documents/Projects/kym-api/server/api/routes/foodmicro/paths.js","statementMap":{"0":{"start":{"line":1,"column":21},"end":{"line":1,"column":52}},"1":{"start":{"line":3,"column":0},"end":{"line":14,"column":3}}},"fnMap":{},"branchMap":{},"s":{"0":1,"1":1},"f":{},"b":{},"_coverageSchema":"1a1c01bbd47fc00a2c39e90264f33305004495a9","hash":"d91819420ca3c5f508d13a7f3bd0623409a06b32","contentHash":"7b6d008bdd504fb300288baa78a1f126f968ce6f6aa0f7af2a74053d23cc83a4"},"/home/richard/Documents/Projects/kym-api/server/api/routes/food-record/paths.js":{"path":"/home/richard/Documents/Projects/kym-api/server/api/routes/food-record/paths.js","statementMap":{"0":{"start":{"line":1,"column":21},"end":{"line":1,"column":52}},"1":{"start":{"line":3,"column":0},"end":{"line":31,"column":3}},"2":{"start":{"line":33,"column":0},"end":{"line":118,"column":3}},"3":{"start":{"line":120,"column":0},"end":{"line":146,"column":3}},"4":{"start":{"line":148,"column":0},"end":{"line":194,"column":3}},"5":{"start":{"line":196,"column":0},"end":{"line":214,"column":3}}},"fnMap":{},"branchMap":{},"s":{"0":1,"1":1,"2":1,"3":1,"4":1,"5":1},"f":{},"b":{},"_coverageSchema":"1a1c01bbd47fc00a2c39e90264f33305004495a9","hash":"d015877e1845bda66f73dcaac4dee29d51776082","contentHash":"a8dc074e8db5114f128fa3c9ac36cb775c2eafabf30d85cab6d672eb50a9e66a"},"/home/richard/Documents/Projects/kym-api/server/api/routes/generate/paths.js":{"path":"/home/richard/Documents/Projects/kym-api/server/api/routes/generate/paths.js","statementMap":{"0":{"start":{"line":1,"column":21},"end":{"line":1,"column":52}},"1":{"start":{"line":3,"column":0},"end":{"line":19,"column":3}},"2":{"start":{"line":21,"column":0},"end":{"line":40,"column":3}}},"fnMap":{},"branchMap":{},"s":{"0":1,"1":1,"2":1},"f":{},"b":{},"_coverageSchema":"1a1c01bbd47fc00a2c39e90264f33305004495a9","hash":"2aad9ba3bffb338756befd76eb7a65cd7582dd5e","contentHash":"5d421c8ed855b1a52fdbd6a8f9898e0ec77ecbbabaff243504ba5a143e9c4c2e"},"/home/richard/Documents/Projects/kym-api/server/api/routes/goals/paths.js":{"path":"/home/richard/Documents/Projects/kym-api/server/api/routes/goals/paths.js","statementMap":{"0":{"start":{"line":1,"column":24},"end":{"line":1,"column":42}},"1":{"start":{"line":2,"column":21},"end":{"line":2,"column":52}},"2":{"start":{"line":4,"column":0},"end":{"line":75,"column":3}}},"fnMap":{},"branchMap":{},"s":{"0":1,"1":1,"2":1},"f":{},"b":{},"_coverageSchema":"1a1c01bbd47fc00a2c39e90264f33305004495a9","hash":"61ad9b11ee41db6151d00d7de42d2bd88678906d","contentHash":"785805b2008cc8e53ebdd69185da310b1a5c6fff3004af97c7a231abe4b12c7f"},"/home/richard/Documents/Projects/kym-api/server/api/routes/programs/paths.js":{"path":"/home/richard/Documents/Projects/kym-api/server/api/routes/programs/paths.js","statementMap":{"0":{"start":{"line":1,"column":21},"end":{"line":1,"column":52}},"1":{"start":{"line":3,"column":0},"end":{"line":44,"column":3}}},"fnMap":{},"branchMap":{},"s":{"0":1,"1":1},"f":{},"b":{},"_coverageSchema":"1a1c01bbd47fc00a2c39e90264f33305004495a9","hash":"3ae9c20dcda292d459285cbc4a37cf699953f183","contentHash":"bc5b8c8d6806b341da6b350ccee2d2157e429abb48d2dd50c33f727c3e94c65a"},"/home/richard/Documents/Projects/kym-api/server/api/routes/session/paths.js":{"path":"/home/richard/Documents/Projects/kym-api/server/api/routes/session/paths.js","statementMap":{"0":{"start":{"line":1,"column":21},"end":{"line":1,"column":52}},"1":{"start":{"line":3,"column":0},"end":{"line":18,"column":3}},"2":{"start":{"line":20,"column":0},"end":{"line":48,"column":3}}},"fnMap":{},"branchMap":{},"s":{"0":1,"1":1,"2":1},"f":{},"b":{},"_coverageSchema":"1a1c01bbd47fc00a2c39e90264f33305004495a9","hash":"520d44c6e74400c49bf1b18fa1f5aa123e02b3c5","contentHash":"8ffde6411195ea5584df91ad6e604c2bc21187089913b3dd067431b9166276b4"},"/home/richard/Documents/Projects/kym-api/server/api/routes/calculate/index.js":{"path":"/home/richard/Documents/Projects/kym-api/server/api/routes/calculate/index.js","statementMap":{"0":{"start":{"line":1,"column":29},"end":{"line":1,"column":62}},"1":{"start":{"line":2,"column":15},"end":{"line":2,"column":42}},"2":{"start":{"line":3,"column":30},"end":{"line":3,"column":76}},"3":{"start":{"line":4,"column":28},"end":{"line":4,"column":72}},"4":{"start":{"line":5,"column":23},"end":{"line":5,"column":78}},"5":{"start":{"line":7,"column":0},"end":{"line":7,"column":24}},"6":{"start":{"line":9,"column":0},"end":{"line":17,"column":3}},"7":{"start":{"line":10,"column":2},"end":{"line":16,"column":3}},"8":{"start":{"line":11,"column":19},"end":{"line":11,"column":57}},"9":{"start":{"line":12,"column":4},"end":{"line":12,"column":21}},"10":{"start":{"line":14,"column":4},"end":{"line":14,"column":39}},"11":{"start":{"line":15,"column":4},"end":{"line":15,"column":14}},"12":{"start":{"line":19,"column":0},"end":{"line":28,"column":3}},"13":{"start":{"line":20,"column":2},"end":{"line":27,"column":3}},"14":{"start":{"line":21,"column":4},"end":{"line":21,"column":83}},"15":{"start":{"line":22,"column":18},"end":{"line":22,"column":70}},"16":{"start":{"line":23,"column":4},"end":{"line":23,"column":20}},"17":{"start":{"line":25,"column":4},"end":{"line":25,"column":39}},"18":{"start":{"line":26,"column":4},"end":{"line":26,"column":14}}},"fnMap":{"0":{"name":"getCalculate","decl":{"start":{"line":9,"column":33},"end":{"line":9,"column":45}},"loc":{"start":{"line":9,"column":62},"end":{"line":17,"column":1}},"line":9},"1":{"name":"postCalculateDay","decl":{"start":{"line":19,"column":38},"end":{"line":19,"column":54}},"loc":{"start":{"line":19,"column":71},"end":{"line":28,"column":1}},"line":19}},"branchMap":{},"s":{"0":1,"1":1,"2":1,"3":1,"4":1,"5":1,"6":1,"7":3,"8":3,"9":2,"10":1,"11":1,"12":1,"13":2,"14":2,"15":1,"16":1,"17":1,"18":1},"f":{"0":3,"1":2},"b":{},"_coverageSchema":"1a1c01bbd47fc00a2c39e90264f33305004495a9","hash":"51eca66ff6074da46b4b3c41e5953955348940b1","contentHash":"49b8ce43f9846da1d64d39ed4d9f90f7e27a5a5dd62542244e4d1f5d04c7cc94"},"/home/richard/Documents/Projects/kym-api/server/api/routes/calculate/controllers/singleMealCalculateV1/index.js":{"path":"/home/richard/Documents/Projects/kym-api/server/api/routes/calculate/controllers/singleMealCalculateV1/index.js","statementMap":{"0":{"start":{"line":1,"column":28},"end":{"line":1,"column":46}},"1":{"start":{"line":2,"column":19},"end":{"line":2,"column":36}},"2":{"start":{"line":3,"column":24},"end":{"line":3,"column":47}},"3":{"start":{"line":5,"column":30},"end":{"line":25,"column":1}},"4":{"start":{"line":6,"column":20},"end":{"line":6,"column":70}},"5":{"start":{"line":7,"column":2},"end":{"line":7,"column":25}},"6":{"start":{"line":7,"column":13},"end":{"line":7,"column":25}},"7":{"start":{"line":14,"column":6},"end":{"line":14,"column":11}},"8":{"start":{"line":16,"column":16},"end":{"line":20,"column":3}},"9":{"start":{"line":22,"column":17},"end":{"line":22,"column":71}},"10":{"start":{"line":24,"column":2},"end":{"line":24,"column":16}},"11":{"start":{"line":27,"column":0},"end":{"line":27,"column":39}}},"fnMap":{"0":{"name":"(anonymous_0)","decl":{"start":{"line":5,"column":30},"end":{"line":5,"column":31}},"loc":{"start":{"line":5,"column":47},"end":{"line":25,"column":1}},"line":5}},"branchMap":{"0":{"loc":{"start":{"line":7,"column":2},"end":{"line":7,"column":25}},"type":"if","locations":[{"start":{"line":7,"column":2},"end":{"line":7,"column":25}},{"start":{"line":7,"column":2},"end":{"line":7,"column":25}}],"line":7}},"s":{"0":1,"1":1,"2":1,"3":1,"4":5,"5":5,"6":2,"7":3,"8":3,"9":3,"10":3,"11":1},"f":{"0":5},"b":{"0":[2,3]},"_coverageSchema":"1a1c01bbd47fc00a2c39e90264f33305004495a9","hash":"29f7869cb09d5cebf503744e8e69b26cc3a5e168","contentHash":"5e5369e8a3a68ab62bc697e950b502ce68c81026997a685a526e68b5f558221e"},"/home/richard/Documents/Projects/kym-api/server/api/routes/calculate/controllers/singleMealCalculateV1/validation.js":{"path":"/home/richard/Documents/Projects/kym-api/server/api/routes/calculate/controllers/singleMealCalculateV1/validation.js","statementMap":{"0":{"start":{"line":1,"column":12},"end":{"line":1,"column":26}},"1":{"start":{"line":2,"column":24},"end":{"line":2,"column":60}},"2":{"start":{"line":4,"column":29},"end":{"line":4,"column":51}},"3":{"start":{"line":5,"column":35},"end":{"line":5,"column":63}},"4":{"start":{"line":6,"column":25},"end":{"line":6,"column":43}},"5":{"start":{"line":8,"column":26},"end":{"line":8,"column":104}},"6":{"start":{"line":8,"column":62},"end":{"line":8,"column":103}},"7":{"start":{"line":9,"column":23},"end":{"line":9,"column":107}},"8":{"start":{"line":9,"column":59},"end":{"line":9,"column":106}},"9":{"start":{"line":10,"column":22},"end":{"line":10,"column":96}},"10":{"start":{"line":10,"column":58},"end":{"line":10,"column":95}},"11":{"start":{"line":11,"column":20},"end":{"line":11,"column":42}},"12":{"start":{"line":13,"column":20},"end":{"line":18,"column":2}},"13":{"start":{"line":20,"column":0},"end":{"line":31,"column":2}}},"fnMap":{"0":{"name":"(anonymous_0)","decl":{"start":{"line":8,"column":56},"end":{"line":8,"column":57}},"loc":{"start":{"line":8,"column":62},"end":{"line":8,"column":103}},"line":8},"1":{"name":"(anonymous_1)","decl":{"start":{"line":9,"column":53},"end":{"line":9,"column":54}},"loc":{"start":{"line":9,"column":59},"end":{"line":9,"column":106}},"line":9},"2":{"name":"(anonymous_2)","decl":{"start":{"line":10,"column":52},"end":{"line":10,"column":53}},"loc":{"start":{"line":10,"column":58},"end":{"line":10,"column":95}},"line":10}},"branchMap":{},"s":{"0":1,"1":1,"2":1,"3":1,"4":1,"5":1,"6":4,"7":1,"8":4,"9":1,"10":3,"11":1,"12":1,"13":1},"f":{"0":4,"1":4,"2":3},"b":{},"_coverageSchema":"1a1c01bbd47fc00a2c39e90264f33305004495a9","hash":"52258a414ddff267b5973c0ffe8907c245351b82","contentHash":"ec957f76269a02f870c94f57581d4099097ef1b5788d6174888474d687ea6047"},"/home/richard/Documents/Projects/kym-api/server/api/routes/calculate/controllers/dayMealsCalculateV1/index.js":{"path":"/home/richard/Documents/Projects/kym-api/server/api/routes/calculate/controllers/dayMealsCalculateV1/index.js","statementMap":{"0":{"start":{"line":1,"column":28},"end":{"line":1,"column":46}},"1":{"start":{"line":2,"column":30},"end":{"line":2,"column":47}},"2":{"start":{"line":4,"column":23},"end":{"line":4,"column":38}},"3":{"start":{"line":6,"column":30},"end":{"line":15,"column":1}},"4":{"start":{"line":7,"column":17},"end":{"line":7,"column":82}},"5":{"start":{"line":9,"column":2},"end":{"line":14,"column":4}},"6":{"start":{"line":17,"column":0},"end":{"line":17,"column":39}}},"fnMap":{"0":{"name":"(anonymous_0)","decl":{"start":{"line":6,"column":30},"end":{"line":6,"column":31}},"loc":{"start":{"line":6,"column":52},"end":{"line":15,"column":1}},"line":6}},"branchMap":{"0":{"loc":{"start":{"line":13,"column":10},"end":{"line":13,"column":26}},"type":"binary-expr","locations":[{"start":{"line":13,"column":10},"end":{"line":13,"column":14}},{"start":{"line":13,"column":18},"end":{"line":13,"column":26}}],"line":13}},"s":{"0":1,"1":1,"2":1,"3":1,"4":3,"5":3,"6":1},"f":{"0":3},"b":{"0":[3,0]},"_coverageSchema":"1a1c01bbd47fc00a2c39e90264f33305004495a9","hash":"63ea723f9875107394138fc304713dbcc8b943f3","contentHash":"e90127a4bcc99b22175de647e6055640d395f48717d5772e5e9b89af7f241d45"},"/home/richard/Documents/Projects/kym-api/server/api/routes/calculate/controllers/dayMealsCalculateV1/validation.js":{"path":"/home/richard/Documents/Projects/kym-api/server/api/routes/calculate/controllers/dayMealsCalculateV1/validation.js","statementMap":{"0":{"start":{"line":1,"column":12},"end":{"line":1,"column":26}},"1":{"start":{"line":2,"column":24},"end":{"line":2,"column":75}},"2":{"start":{"line":4,"column":19},"end":{"line":7,"column":56}},"3":{"start":{"line":7,"column":15},"end":{"line":7,"column":55}},"4":{"start":{"line":9,"column":19},"end":{"line":11,"column":2}},"5":{"start":{"line":13,"column":0},"end":{"line":16,"column":2}}},"fnMap":{"0":{"name":"(anonymous_0)","decl":{"start":{"line":7,"column":9},"end":{"line":7,"column":10}},"loc":{"start":{"line":7,"column":15},"end":{"line":7,"column":55}},"line":7}},"branchMap":{},"s":{"0":1,"1":1,"2":1,"3":3,"4":1,"5":1},"f":{"0":3},"b":{},"_coverageSchema":"1a1c01bbd47fc00a2c39e90264f33305004495a9","hash":"7d96a2cafc1a89b6c9f4a8c2ffbda49e7d01eb3b","contentHash":"c4b215282e3d9679d7953bcff880a716a58c5d37c7484d7bbfd3349ff1142879"},"/home/richard/Documents/Projects/kym-api/server/api/routes/database/index.js":{"path":"/home/richard/Documents/Projects/kym-api/server/api/routes/database/index.js","statementMap":{"0":{"start":{"line":1,"column":15},"end":{"line":1,"column":42}},"1":{"start":{"line":2,"column":23},"end":{"line":2,"column":62}},"2":{"start":{"line":3,"column":25},"end":{"line":3,"column":66}},"3":{"start":{"line":4,"column":21},"end":{"line":4,"column":58}},"4":{"start":{"line":5,"column":23},"end":{"line":5,"column":62}},"5":{"start":{"line":6,"column":31},"end":{"line":6,"column":79}},"6":{"start":{"line":7,"column":51},"end":{"line":7,"column":101}},"7":{"start":{"line":8,"column":49},"end":{"line":8,"column":99}},"8":{"start":{"line":10,"column":29},"end":{"line":10,"column":62}},"9":{"start":{"line":12,"column":0},"end":{"line":12,"column":24}},"10":{"start":{"line":16,"column":0},"end":{"line":29,"column":3}},"11":{"start":{"line":17,"column":2},"end":{"line":28,"column":3}},"12":{"start":{"line":18,"column":4},"end":{"line":18,"column":56}},"13":{"start":{"line":20,"column":21},"end":{"line":20,"column":30}},"14":{"start":{"line":22,"column":18},"end":{"line":22,"column":48}},"15":{"start":{"line":24,"column":4},"end":{"line":24,"column":20}},"16":{"start":{"line":26,"column":4},"end":{"line":26,"column":39}},"17":{"start":{"line":27,"column":4},"end":{"line":27,"column":14}},"18":{"start":{"line":32,"column":0},"end":{"line":45,"column":3}},"19":{"start":{"line":33,"column":2},"end":{"line":44,"column":3}},"20":{"start":{"line":34,"column":4},"end":{"line":34,"column":78}},"21":{"start":{"line":36,"column":56},"end":{"line":36,"column":64}},"22":{"start":{"line":38,"column":20},"end":{"line":38,"column":85}},"23":{"start":{"line":40,"column":4},"end":{"line":40,"column":22}},"24":{"start":{"line":42,"column":4},"end":{"line":42,"column":39}},"25":{"start":{"line":43,"column":4},"end":{"line":43,"column":14}},"26":{"start":{"line":48,"column":0},"end":{"line":59,"column":3}},"27":{"start":{"line":49,"column":2},"end":{"line":58,"column":3}},"28":{"start":{"line":50,"column":21},"end":{"line":50,"column":31}},"29":{"start":{"line":52,"column":20},"end":{"line":52,"column":52}},"30":{"start":{"line":54,"column":4},"end":{"line":54,"column":22}},"31":{"start":{"line":56,"column":4},"end":{"line":56,"column":39}},"32":{"start":{"line":57,"column":4},"end":{"line":57,"column":14}},"33":{"start":{"line":62,"column":0},"end":{"line":75,"column":3}},"34":{"start":{"line":63,"column":2},"end":{"line":74,"column":3}},"35":{"start":{"line":64,"column":4},"end":{"line":64,"column":52}},"36":{"start":{"line":66,"column":21},"end":{"line":66,"column":31}},"37":{"start":{"line":67,"column":19},"end":{"line":67,"column":27}},"38":{"start":{"line":69,"column":4},"end":{"line":69,"column":37}},"39":{"start":{"line":70,"column":4},"end":{"line":70,"column":24}},"40":{"start":{"line":72,"column":4},"end":{"line":72,"column":39}},"41":{"start":{"line":73,"column":4},"end":{"line":73,"column":14}}},"fnMap":{"0":{"name":"(anonymous_0)","decl":{"start":{"line":16,"column":28},"end":{"line":16,"column":29}},"loc":{"start":{"line":16,"column":54},"end":{"line":29,"column":1}},"line":16},"1":{"name":"(anonymous_1)","decl":{"start":{"line":32,"column":33},"end":{"line":32,"column":34}},"loc":{"start":{"line":32,"column":59},"end":{"line":45,"column":1}},"line":32},"2":{"name":"(anonymous_2)","decl":{"start":{"line":48,"column":31},"end":{"line":48,"column":32}},"loc":{"start":{"line":48,"column":57},"end":{"line":59,"column":1}},"line":48},"3":{"name":"(anonymous_3)","decl":{"start":{"line":62,"column":34},"end":{"line":62,"column":35}},"loc":{"start":{"line":62,"column":60},"end":{"line":75,"column":1}},"line":62}},"branchMap":{},"s":{"0":1,"1":1,"2":1,"3":1,"4":1,"5":1,"6":1,"7":1,"8":1,"9":1,"10":1,"11":1,"12":1,"13":1,"14":1,"15":1,"16":0,"17":0,"18":1,"19":0,"20":0,"21":0,"22":0,"23":0,"24":0,"25":0,"26":1,"27":1,"28":1,"29":1,"30":1,"31":0,"32":0,"33":1,"34":4,"35":4,"36":3,"37":3,"38":3,"39":1,"40":3,"41":3},"f":{"0":1,"1":0,"2":1,"3":4},"b":{},"_coverageSchema":"1a1c01bbd47fc00a2c39e90264f33305004495a9","hash":"21db2e58a600f24223d6c1d93310ffd5efc039bd","contentHash":"6f8f0db18d3e5ed818638b1bdd693f9b8a279e0ee10d62aab70b8fe3136a13a1"},"/home/richard/Documents/Projects/kym-api/server/api/routes/database/controllers/getBestGroupV1/index.js":{"path":"/home/richard/Documents/Projects/kym-api/server/api/routes/database/controllers/getBestGroupV1/index.js","statementMap":{"0":{"start":{"line":1,"column":32},"end":{"line":1,"column":50}},"1":{"start":{"line":3,"column":21},"end":{"line":3,"column":38}},"2":{"start":{"line":5,"column":21},"end":{"line":14,"column":1}},"3":{"start":{"line":6,"column":16},"end":{"line":10,"column":4}},"4":{"start":{"line":12,"column":16},"end":{"line":12,"column":50}},"5":{"start":{"line":13,"column":2},"end":{"line":13,"column":15}},"6":{"start":{"line":16,"column":0},"end":{"line":16,"column":30}}},"fnMap":{"0":{"name":"(anonymous_0)","decl":{"start":{"line":5,"column":21},"end":{"line":5,"column":22}},"loc":{"start":{"line":5,"column":41},"end":{"line":14,"column":1}},"line":5}},"branchMap":{},"s":{"0":1,"1":1,"2":1,"3":1,"4":1,"5":1,"6":1},"f":{"0":1},"b":{},"_coverageSchema":"1a1c01bbd47fc00a2c39e90264f33305004495a9","hash":"b7dd0eeb2cb9b47009859adfea883278266101f2","contentHash":"c9d52b43f89f95febc4d8cf6a2aa263bab823eca5d8c770da14b640dbb2bec3e"},"/home/richard/Documents/Projects/kym-api/server/api/routes/database/controllers/getUserCreatedV1/index.js":{"path":"/home/richard/Documents/Projects/kym-api/server/api/routes/database/controllers/getUserCreatedV1/index.js","statementMap":{"0":{"start":{"line":1,"column":41},"end":{"line":1,"column":59}},"1":{"start":{"line":3,"column":19},"end":{"line":3,"column":36}},"2":{"start":{"line":4,"column":17},"end":{"line":4,"column":28}},"3":{"start":{"line":6,"column":25},"end":{"line":13,"column":1}},"4":{"start":{"line":7,"column":18},"end":{"line":10,"column":4}},"5":{"start":{"line":12,"column":2},"end":{"line":12,"column":17}},"6":{"start":{"line":15,"column":0},"end":{"line":15,"column":34}}},"fnMap":{"0":{"name":"(anonymous_0)","decl":{"start":{"line":6,"column":25},"end":{"line":6,"column":26}},"loc":{"start":{"line":6,"column":45},"end":{"line":13,"column":1}},"line":6}},"branchMap":{},"s":{"0":1,"1":1,"2":1,"3":1,"4":1,"5":1,"6":1},"f":{"0":1},"b":{},"_coverageSchema":"1a1c01bbd47fc00a2c39e90264f33305004495a9","hash":"f081318ed590e40221d6831881ff6ffc9b1dec2a","contentHash":"d50712cdc1c1a9c2a9cffc6aeb8e098db5c90d65425e6c066c6391c4b5ef61fd"},"/home/richard/Documents/Projects/kym-api/server/api/routes/database/controllers/deleteFoodV1/index.js":{"path":"/home/richard/Documents/Projects/kym-api/server/api/routes/database/controllers/deleteFoodV1/index.js","statementMap":{"0":{"start":{"line":1,"column":41},"end":{"line":1,"column":59}},"1":{"start":{"line":3,"column":17},"end":{"line":3,"column":46}},"2":{"start":{"line":5,"column":19},"end":{"line":5,"column":36}},"3":{"start":{"line":7,"column":21},"end":{"line":23,"column":1}},"4":{"start":{"line":8,"column":17},"end":{"line":8,"column":42}},"5":{"start":{"line":9,"column":2},"end":{"line":14,"column":3}},"6":{"start":{"line":10,"column":4},"end":{"line":13,"column":13}},"7":{"start":{"line":16,"column":2},"end":{"line":21,"column":3}},"8":{"start":{"line":17,"column":4},"end":{"line":20,"column":13}},"9":{"start":{"line":22,"column":2},"end":{"line":22,"column":25}},"10":{"start":{"line":25,"column":0},"end":{"line":25,"column":30}}},"fnMap":{"0":{"name":"(anonymous_0)","decl":{"start":{"line":7,"column":21},"end":{"line":7,"column":22}},"loc":{"start":{"line":7,"column":45},"end":{"line":23,"column":1}},"line":7}},"branchMap":{"0":{"loc":{"start":{"line":9,"column":2},"end":{"line":14,"column":3}},"type":"if","locations":[{"start":{"line":9,"column":2},"end":{"line":14,"column":3}},{"start":{"line":9,"column":2},"end":{"line":14,"column":3}}],"line":9},"1":{"loc":{"start":{"line":16,"column":2},"end":{"line":21,"column":3}},"type":"if","locations":[{"start":{"line":16,"column":2},"end":{"line":21,"column":3}},{"start":{"line":16,"column":2},"end":{"line":21,"column":3}}],"line":16}},"s":{"0":1,"1":1,"2":1,"3":1,"4":3,"5":3,"6":1,"7":2,"8":1,"9":1,"10":1},"f":{"0":3},"b":{"0":[1,2],"1":[1,1]},"_coverageSchema":"1a1c01bbd47fc00a2c39e90264f33305004495a9","hash":"6dcda9826a9521bc13f0c81baea5480d4950e0e0","contentHash":"bcb6e3c762c4ea9a7ac0dc0ba7c86fb53059d42d62207a9190aa0e6f27a24491"},"/home/richard/Documents/Projects/kym-api/server/api/routes/database/controllers/searchDetailV1/index.js":{"path":"/home/richard/Documents/Projects/kym-api/server/api/routes/database/controllers/searchDetailV1/index.js","statementMap":{"0":{"start":{"line":1,"column":32},"end":{"line":1,"column":50}},"1":{"start":{"line":2,"column":22},"end":{"line":2,"column":47}},"2":{"start":{"line":3,"column":25},"end":{"line":3,"column":53}},"3":{"start":{"line":5,"column":30},"end":{"line":5,"column":47}},"4":{"start":{"line":7,"column":21},"end":{"line":48,"column":1}},"5":{"start":{"line":8,"column":15},"end":{"line":8,"column":54}},"6":{"start":{"line":9,"column":18},"end":{"line":13,"column":3}},"7":{"start":{"line":15,"column":2},"end":{"line":17,"column":3}},"8":{"start":{"line":16,"column":4},"end":{"line":16,"column":36}},"9":{"start":{"line":19,"column":16},"end":{"line":22,"column":3}},"10":{"start":{"line":24,"column":16},"end":{"line":24,"column":45}},"11":{"start":{"line":25,"column":15},"end":{"line":40,"column":4}},"12":{"start":{"line":42,"column":2},"end":{"line":47,"column":5}},"13":{"start":{"line":50,"column":0},"end":{"line":50,"column":30}}},"fnMap":{"0":{"name":"(anonymous_0)","decl":{"start":{"line":7,"column":21},"end":{"line":7,"column":22}},"loc":{"start":{"line":7,"column":76},"end":{"line":48,"column":1}},"line":7}},"branchMap":{"0":{"loc":{"start":{"line":8,"column":15},"end":{"line":8,"column":54}},"type":"cond-expr","locations":[{"start":{"line":8,"column":27},"end":{"line":8,"column":47}},{"start":{"line":8,"column":50},"end":{"line":8,"column":54}}],"line":8},"1":{"loc":{"start":{"line":15,"column":2},"end":{"line":17,"column":3}},"type":"if","locations":[{"start":{"line":15,"column":2},"end":{"line":17,"column":3}},{"start":{"line":15,"column":2},"end":{"line":17,"column":3}}],"line":15},"2":{"loc":{"start":{"line":27,"column":11},"end":{"line":38,"column":9}},"type":"cond-expr","locations":[{"start":{"line":28,"column":8},"end":{"line":34,"column":11}},{"start":{"line":35,"column":8},"end":{"line":38,"column":9}}],"line":27}},"s":{"0":1,"1":1,"2":1,"3":1,"4":1,"5":3,"6":3,"7":3,"8":1,"9":3,"10":3,"11":3,"12":3,"13":1},"f":{"0":3},"b":{"0":[1,2],"1":[1,2],"2":[1,2]},"_coverageSchema":"1a1c01bbd47fc00a2c39e90264f33305004495a9","hash":"73f3882794e6ae7a5dd70dfb1a09b9e754cd0c34","contentHash":"340f742e21fba7b930eec8e3940df463ca765138f5ef279331081f0d27633192"},"/home/richard/Documents/Projects/kym-api/server/api/routes/database/controllers/searchDetailV1/queries/food.js":{"path":"/home/richard/Documents/Projects/kym-api/server/api/routes/database/controllers/searchDetailV1/queries/food.js","statementMap":{"0":{"start":{"line":1,"column":15},"end":{"line":1,"column":33}},"1":{"start":{"line":4,"column":2},"end":{"line":6,"column":3}},"2":{"start":{"line":5,"column":4},"end":{"line":5,"column":14}},"3":{"start":{"line":7,"column":2},"end":{"line":9,"column":3}},"4":{"start":{"line":8,"column":4},"end":{"line":8,"column":14}},"5":{"start":{"line":10,"column":2},"end":{"line":18,"column":4}},"6":{"start":{"line":11,"column":32},"end":{"line":17,"column":5}},"7":{"start":{"line":21,"column":0},"end":{"line":21,"column":31}}},"fnMap":{"0":{"name":"makeFoodQuery","decl":{"start":{"line":3,"column":9},"end":{"line":3,"column":22}},"loc":{"start":{"line":3,"column":29},"end":{"line":19,"column":1}},"line":3},"1":{"name":"(anonymous_1)","decl":{"start":{"line":11,"column":23},"end":{"line":11,"column":24}},"loc":{"start":{"line":11,"column":32},"end":{"line":17,"column":5}},"line":11}},"branchMap":{"0":{"loc":{"start":{"line":4,"column":2},"end":{"line":6,"column":3}},"type":"if","locations":[{"start":{"line":4,"column":2},"end":{"line":6,"column":3}},{"start":{"line":4,"column":2},"end":{"line":6,"column":3}}],"line":4},"1":{"loc":{"start":{"line":7,"column":2},"end":{"line":9,"column":3}},"type":"if","locations":[{"start":{"line":7,"column":2},"end":{"line":9,"column":3}},{"start":{"line":7,"column":2},"end":{"line":9,"column":3}}],"line":7},"2":{"loc":{"start":{"line":7,"column":7},"end":{"line":7,"column":42}},"type":"binary-expr","locations":[{"start":{"line":7,"column":7},"end":{"line":7,"column":24}},{"start":{"line":7,"column":28},"end":{"line":7,"column":42}}],"line":7}},"s":{"0":1,"1":4,"2":1,"3":3,"4":1,"5":2,"6":2,"7":1},"f":{"0":4,"1":2},"b":{"0":[1,3],"1":[1,2],"2":[3,3]},"_coverageSchema":"1a1c01bbd47fc00a2c39e90264f33305004495a9","hash":"dfc7d03094023714734c8b1086f980406e178cb9","contentHash":"2b577a160d1fd1141b9eee9bb2b2f4a325db536de7e75ed21d20eec9cc508edc"},"/home/richard/Documents/Projects/kym-api/server/api/routes/database/controllers/searchDetailV1/queries/percent.js":{"path":"/home/richard/Documents/Projects/kym-api/server/api/routes/database/controllers/searchDetailV1/queries/percent.js","statementMap":{"0":{"start":{"line":1,"column":46},"end":{"line":1,"column":73}},"1":{"start":{"line":4,"column":14},"end":{"line":4,"column":16}},"2":{"start":{"line":6,"column":21},"end":{"line":6,"column":59}},"3":{"start":{"line":6,"column":30},"end":{"line":6,"column":59}},"4":{"start":{"line":8,"column":15},"end":{"line":8,"column":49}},"5":{"start":{"line":9,"column":15},"end":{"line":9,"column":47}},"6":{"start":{"line":10,"column":15},"end":{"line":10,"column":45}},"7":{"start":{"line":12,"column":2},"end":{"line":15,"column":3}},"8":{"start":{"line":13,"column":4},"end":{"line":13,"column":58}},"9":{"start":{"line":14,"column":4},"end":{"line":14,"column":58}},"10":{"start":{"line":17,"column":2},"end":{"line":20,"column":3}},"11":{"start":{"line":18,"column":4},"end":{"line":18,"column":50}},"12":{"start":{"line":19,"column":4},"end":{"line":19,"column":50}},"13":{"start":{"line":22,"column":2},"end":{"line":25,"column":3}},"14":{"start":{"line":23,"column":4},"end":{"line":23,"column":61}},"15":{"start":{"line":24,"column":4},"end":{"line":24,"column":61}},"16":{"start":{"line":27,"column":2},"end":{"line":27,"column":13}},"17":{"start":{"line":30,"column":0},"end":{"line":30,"column":34}}},"fnMap":{"0":{"name":"makePercentQuery","decl":{"start":{"line":3,"column":9},"end":{"line":3,"column":25}},"loc":{"start":{"line":3,"column":60},"end":{"line":28,"column":1}},"line":3},"1":{"name":"(anonymous_1)","decl":{"start":{"line":6,"column":21},"end":{"line":6,"column":22}},"loc":{"start":{"line":6,"column":30},"end":{"line":6,"column":59}},"line":6}},"branchMap":{"0":{"loc":{"start":{"line":12,"column":2},"end":{"line":15,"column":3}},"type":"if","locations":[{"start":{"line":12,"column":2},"end":{"line":15,"column":3}},{"start":{"line":12,"column":2},"end":{"line":15,"column":3}}],"line":12},"1":{"loc":{"start":{"line":17,"column":2},"end":{"line":20,"column":3}},"type":"if","locations":[{"start":{"line":17,"column":2},"end":{"line":20,"column":3}},{"start":{"line":17,"column":2},"end":{"line":20,"column":3}}],"line":17},"2":{"loc":{"start":{"line":22,"column":2},"end":{"line":25,"column":3}},"type":"if","locations":[{"start":{"line":22,"column":2},"end":{"line":25,"column":3}},{"start":{"line":22,"column":2},"end":{"line":25,"column":3}}],"line":22}},"s":{"0":1,"1":5,"2":5,"3":15,"4":5,"5":5,"6":5,"7":5,"8":2,"9":2,"10":5,"11":2,"12":2,"13":5,"14":2,"15":2,"16":5,"17":1},"f":{"0":5,"1":15},"b":{"0":[2,3],"1":[2,3],"2":[2,3]},"_coverageSchema":"1a1c01bbd47fc00a2c39e90264f33305004495a9","hash":"65d58fcd8f3a3af24c4d932a66d78cc50422927e","contentHash":"2b29578d5124d899d70c5ba982d84d2008a1211990be2c26edf32fa85337e3ba"},"/home/richard/Documents/Projects/kym-api/server/api/routes/database/controllers/searchDetailV1/queries/macronutrients.js":{"path":"/home/richard/Documents/Projects/kym-api/server/api/routes/database/controllers/searchDetailV1/queries/macronutrients.js","statementMap":{"0":{"start":{"line":1,"column":28},"end":{"line":1,"column":46}},"1":{"start":{"line":2,"column":22},"end":{"line":2,"column":39}},"2":{"start":{"line":4,"column":14},"end":{"line":4,"column":40}},"3":{"start":{"line":5,"column":12},"end":{"line":5,"column":28}},"4":{"start":{"line":6,"column":16},"end":{"line":6,"column":36}},"5":{"start":{"line":8,"column":23},"end":{"line":8,"column":64}},"6":{"start":{"line":9,"column":26},"end":{"line":9,"column":104}},"7":{"start":{"line":10,"column":25},"end":{"line":10,"column":52}},"8":{"start":{"line":13,"column":2},"end":{"line":13,"column":59}},"9":{"start":{"line":15,"column":4},"end":{"line":15,"column":41}},"10":{"start":{"line":20,"column":20},"end":{"line":20,"column":27}},"11":{"start":{"line":21,"column":2},"end":{"line":23,"column":3}},"12":{"start":{"line":22,"column":4},"end":{"line":22,"column":24}},"13":{"start":{"line":24,"column":2},"end":{"line":26,"column":3}},"14":{"start":{"line":25,"column":4},"end":{"line":25,"column":24}},"15":{"start":{"line":27,"column":2},"end":{"line":27,"column":21}},"16":{"start":{"line":36,"column":2},"end":{"line":38,"column":3}},"17":{"start":{"line":37,"column":4},"end":{"line":37,"column":25}},"18":{"start":{"line":39,"column":2},"end":{"line":41,"column":3}},"19":{"start":{"line":40,"column":4},"end":{"line":40,"column":28}},"20":{"start":{"line":42,"column":22},"end":{"line":42,"column":46}},"21":{"start":{"line":43,"column":2},"end":{"line":47,"column":4}},"22":{"start":{"line":56,"column":2},"end":{"line":58,"column":3}},"23":{"start":{"line":57,"column":4},"end":{"line":57,"column":25}},"24":{"start":{"line":59,"column":2},"end":{"line":61,"column":3}},"25":{"start":{"line":60,"column":4},"end":{"line":60,"column":28}},"26":{"start":{"line":62,"column":22},"end":{"line":62,"column":46}},"27":{"start":{"line":63,"column":2},"end":{"line":67,"column":4}},"28":{"start":{"line":76,"column":2},"end":{"line":78,"column":3}},"29":{"start":{"line":77,"column":4},"end":{"line":77,"column":25}},"30":{"start":{"line":79,"column":2},"end":{"line":81,"column":3}},"31":{"start":{"line":80,"column":4},"end":{"line":80,"column":28}},"32":{"start":{"line":82,"column":22},"end":{"line":82,"column":46}},"33":{"start":{"line":83,"column":2},"end":{"line":87,"column":4}},"34":{"start":{"line":90,"column":0},"end":{"line":97,"column":2}}},"fnMap":{"0":{"name":"isValidComparator","decl":{"start":{"line":12,"column":9},"end":{"line":12,"column":26}},"loc":{"start":{"line":12,"column":39},"end":{"line":17,"column":1}},"line":12},"1":{"name":"comparatorsReduce","decl":{"start":{"line":14,"column":11},"end":{"line":14,"column":28}},"loc":{"start":{"line":14,"column":43},"end":{"line":16,"column":3}},"line":14},"2":{"name":"makeSafePercent","decl":{"start":{"line":19,"column":9},"end":{"line":19,"column":24}},"loc":{"start":{"line":19,"column":34},"end":{"line":28,"column":1}},"line":19},"3":{"name":"proteinQuery","decl":{"start":{"line":35,"column":9},"end":{"line":35,"column":21}},"loc":{"start":{"line":35,"column":43},"end":{"line":48,"column":1}},"line":35},"4":{"name":"carbQuery","decl":{"start":{"line":55,"column":9},"end":{"line":55,"column":18}},"loc":{"start":{"line":55,"column":40},"end":{"line":68,"column":1}},"line":55},"5":{"name":"fatQuery","decl":{"start":{"line":75,"column":9},"end":{"line":75,"column":17}},"loc":{"start":{"line":75,"column":39},"end":{"line":88,"column":1}},"line":75}},"branchMap":{"0":{"loc":{"start":{"line":15,"column":11},"end":{"line":15,"column":40}},"type":"binary-expr","locations":[{"start":{"line":15,"column":11},"end":{"line":15,"column":15}},{"start":{"line":15,"column":19},"end":{"line":15,"column":40}}],"line":15},"1":{"loc":{"start":{"line":21,"column":2},"end":{"line":23,"column":3}},"type":"if","locations":[{"start":{"line":21,"column":2},"end":{"line":23,"column":3}},{"start":{"line":21,"column":2},"end":{"line":23,"column":3}}],"line":21},"2":{"loc":{"start":{"line":24,"column":2},"end":{"line":26,"column":3}},"type":"if","locations":[{"start":{"line":24,"column":2},"end":{"line":26,"column":3}},{"start":{"line":24,"column":2},"end":{"line":26,"column":3}}],"line":24},"3":{"loc":{"start":{"line":36,"column":2},"end":{"line":38,"column":3}},"type":"if","locations":[{"start":{"line":36,"column":2},"end":{"line":38,"column":3}},{"start":{"line":36,"column":2},"end":{"line":38,"column":3}}],"line":36},"4":{"loc":{"start":{"line":39,"column":2},"end":{"line":41,"column":3}},"type":"if","locations":[{"start":{"line":39,"column":2},"end":{"line":41,"column":3}},{"start":{"line":39,"column":2},"end":{"line":41,"column":3}}],"line":39},"5":{"loc":{"start":{"line":56,"column":2},"end":{"line":58,"column":3}},"type":"if","locations":[{"start":{"line":56,"column":2},"end":{"line":58,"column":3}},{"start":{"line":56,"column":2},"end":{"line":58,"column":3}}],"line":56},"6":{"loc":{"start":{"line":59,"column":2},"end":{"line":61,"column":3}},"type":"if","locations":[{"start":{"line":59,"column":2},"end":{"line":61,"column":3}},{"start":{"line":59,"column":2},"end":{"line":61,"column":3}}],"line":59},"7":{"loc":{"start":{"line":76,"column":2},"end":{"line":78,"column":3}},"type":"if","locations":[{"start":{"line":76,"column":2},"end":{"line":78,"column":3}},{"start":{"line":76,"column":2},"end":{"line":78,"column":3}}],"line":76},"8":{"loc":{"start":{"line":79,"column":2},"end":{"line":81,"column":3}},"type":"if","locations":[{"start":{"line":79,"column":2},"end":{"line":81,"column":3}},{"start":{"line":79,"column":2},"end":{"line":81,"column":3}}],"line":79}},"s":{"0":1,"1":1,"2":1,"3":1,"4":1,"5":1,"6":1,"7":1,"8":27,"9":135,"10":21,"11":21,"12":7,"13":21,"14":1,"15":21,"16":10,"17":1,"18":9,"19":2,"20":7,"21":7,"22":10,"23":1,"24":9,"25":2,"26":7,"27":7,"28":10,"29":1,"30":9,"31":2,"32":7,"33":7,"34":1},"f":{"0":27,"1":135,"2":21,"3":10,"4":10,"5":10},"b":{"0":[135,63],"1":[7,14],"2":[1,20],"3":[1,9],"4":[2,7],"5":[1,9],"6":[2,7],"7":[1,9],"8":[2,7]},"_coverageSchema":"1a1c01bbd47fc00a2c39e90264f33305004495a9","hash":"1c56c3f332e205ef282b4c4c104a767b3c60f7d5","contentHash":"a4d92164c1569589081d35714e64b2604d5ba0e8536734bd51b9d2afb563b0c2"},"/home/richard/Documents/Projects/kym-api/server/api/routes/database/controllers/deleteFoodV1/validation.js":{"path":"/home/richard/Documents/Projects/kym-api/server/api/routes/database/controllers/deleteFoodV1/validation.js","statementMap":{"0":{"start":{"line":1,"column":12},"end":{"line":1,"column":26}},"1":{"start":{"line":3,"column":19},"end":{"line":5,"column":2}},"2":{"start":{"line":7,"column":0},"end":{"line":7,"column":28}}},"fnMap":{},"branchMap":{},"s":{"0":1,"1":1,"2":1},"f":{},"b":{},"_coverageSchema":"1a1c01bbd47fc00a2c39e90264f33305004495a9","hash":"c58f896593e688ca264d9e956356ef3c8480a9cb","contentHash":"8399295f2b0721bf07c5316941994aadb4a4a9a40149cd07c36a058b7e2b1ed5"},"/home/richard/Documents/Projects/kym-api/server/api/routes/database/controllers/getBestGroupV1/validation.js":{"path":"/home/richard/Documents/Projects/kym-api/server/api/routes/database/controllers/getBestGroupV1/validation.js","statementMap":{"0":{"start":{"line":1,"column":12},"end":{"line":1,"column":26}},"1":{"start":{"line":3,"column":20},"end":{"line":7,"column":2}},"2":{"start":{"line":9,"column":0},"end":{"line":11,"column":2}}},"fnMap":{},"branchMap":{},"s":{"0":1,"1":1,"2":1},"f":{},"b":{},"_coverageSchema":"1a1c01bbd47fc00a2c39e90264f33305004495a9","hash":"07df66bcb0297bf1787ff16abac03bc628cbcce6","contentHash":"d4e0eca7ab4a62b291d2ddf781d851947d07c7738029f3327beb164ae8a6d651"},"/home/richard/Documents/Projects/kym-api/server/api/routes/database/controllers/searchDetailV1/validation.js":{"path":"/home/richard/Documents/Projects/kym-api/server/api/routes/database/controllers/searchDetailV1/validation.js","statementMap":{"0":{"start":{"line":1,"column":12},"end":{"line":1,"column":26}},"1":{"start":{"line":3,"column":19},"end":{"line":8,"column":2}},"2":{"start":{"line":10,"column":0},"end":{"line":12,"column":2}}},"fnMap":{},"branchMap":{},"s":{"0":1,"1":1,"2":1},"f":{},"b":{},"_coverageSchema":"1a1c01bbd47fc00a2c39e90264f33305004495a9","hash":"a26e7c91736bbf738186818a90a8a597486a2d26","contentHash":"f2221ef450f2d3fe8a6a0e836b7b5f43052465417cceb07946e364887bbb3e53"},"/home/richard/Documents/Projects/kym-api/server/api/routes/day/index.js":{"path":"/home/richard/Documents/Projects/kym-api/server/api/routes/day/index.js","statementMap":{"0":{"start":{"line":1,"column":29},"end":{"line":1,"column":62}},"1":{"start":{"line":2,"column":15},"end":{"line":2,"column":42}},"2":{"start":{"line":3,"column":18},"end":{"line":3,"column":52}},"3":{"start":{"line":4,"column":27},"end":{"line":4,"column":70}},"4":{"start":{"line":5,"column":22},"end":{"line":5,"column":60}},"5":{"start":{"line":7,"column":0},"end":{"line":10,"column":3}},"6":{"start":{"line":8,"column":15},"end":{"line":8,"column":47}},"7":{"start":{"line":9,"column":2},"end":{"line":9,"column":17}},"8":{"start":{"line":12,"column":0},"end":{"line":21,"column":3}},"9":{"start":{"line":13,"column":2},"end":{"line":20,"column":3}},"10":{"start":{"line":14,"column":27},"end":{"line":14,"column":30}},"11":{"start":{"line":15,"column":17},"end":{"line":15,"column":74}},"12":{"start":{"line":16,"column":4},"end":{"line":16,"column":31}},"13":{"start":{"line":18,"column":4},"end":{"line":18,"column":39}},"14":{"start":{"line":19,"column":4},"end":{"line":19,"column":14}},"15":{"start":{"line":23,"column":0},"end":{"line":32,"column":3}},"16":{"start":{"line":24,"column":2},"end":{"line":31,"column":3}},"17":{"start":{"line":25,"column":27},"end":{"line":25,"column":30}},"18":{"start":{"line":26,"column":4},"end":{"line":26,"column":47}},"19":{"start":{"line":27,"column":4},"end":{"line":27,"column":24}},"20":{"start":{"line":29,"column":4},"end":{"line":29,"column":39}},"21":{"start":{"line":30,"column":4},"end":{"line":30,"column":14}},"22":{"start":{"line":34,"column":0},"end":{"line":34,"column":24}}},"fnMap":{"0":{"name":"(anonymous_0)","decl":{"start":{"line":7,"column":23},"end":{"line":7,"column":24}},"loc":{"start":{"line":7,"column":49},"end":{"line":10,"column":1}},"line":7},"1":{"name":"(anonymous_1)","decl":{"start":{"line":12,"column":24},"end":{"line":12,"column":25}},"loc":{"start":{"line":12,"column":50},"end":{"line":21,"column":1}},"line":12},"2":{"name":"(anonymous_2)","decl":{"start":{"line":23,"column":26},"end":{"line":23,"column":27}},"loc":{"start":{"line":23,"column":52},"end":{"line":32,"column":1}},"line":23}},"branchMap":{},"s":{"0":1,"1":1,"2":1,"3":1,"4":1,"5":1,"6":1,"7":1,"8":1,"9":2,"10":2,"11":2,"12":1,"13":1,"14":1,"15":1,"16":2,"17":2,"18":2,"19":1,"20":1,"21":1,"22":1},"f":{"0":1,"1":2,"2":2},"b":{},"_coverageSchema":"1a1c01bbd47fc00a2c39e90264f33305004495a9","hash":"a906b48c6addfbf693621ca7ef5fcb6d05e8d7fb","contentHash":"59abb5107bf8a8eacff6898af5f2347d216df95c88b041f15d9a4c9ddb35c832"},"/home/richard/Documents/Projects/kym-api/server/api/routes/day/controllers/getDaysv1/index.js":{"path":"/home/richard/Documents/Projects/kym-api/server/api/routes/day/controllers/getDaysv1/index.js","statementMap":{"0":{"start":{"line":1,"column":41},"end":{"line":1,"column":59}},"1":{"start":{"line":3,"column":17},"end":{"line":3,"column":28}},"2":{"start":{"line":4,"column":16},"end":{"line":4,"column":33}},"3":{"start":{"line":7,"column":2},"end":{"line":7,"column":49}},"4":{"start":{"line":7,"column":13},"end":{"line":7,"column":49}},"5":{"start":{"line":9,"column":15},"end":{"line":15,"column":4}},"6":{"start":{"line":17,"column":2},"end":{"line":19,"column":4}},"7":{"start":{"line":18,"column":36},"end":{"line":18,"column":51}},"8":{"start":{"line":22,"column":0},"end":{"line":22,"column":25}}},"fnMap":{"0":{"name":"getDays","decl":{"start":{"line":6,"column":15},"end":{"line":6,"column":22}},"loc":{"start":{"line":6,"column":29},"end":{"line":20,"column":1}},"line":6},"1":{"name":"(anonymous_1)","decl":{"start":{"line":18,"column":13},"end":{"line":18,"column":14}},"loc":{"start":{"line":18,"column":36},"end":{"line":18,"column":51}},"line":18}},"branchMap":{"0":{"loc":{"start":{"line":7,"column":2},"end":{"line":7,"column":49}},"type":"if","locations":[{"start":{"line":7,"column":2},"end":{"line":7,"column":49}},{"start":{"line":7,"column":2},"end":{"line":7,"column":49}}],"line":7}},"s":{"0":1,"1":1,"2":1,"3":3,"4":1,"5":2,"6":2,"7":1,"8":1},"f":{"0":3,"1":1},"b":{"0":[1,2]},"_coverageSchema":"1a1c01bbd47fc00a2c39e90264f33305004495a9","hash":"3f6fcc665bdbade31568badc999a807375b96acc","contentHash":"fd4f6578d25b5862e3dc916c516cc8c8f809250ba120bb4ced3f2c7663f229a9"},"/home/richard/Documents/Projects/kym-api/server/api/routes/day/controllers/createUpdateDaysv1/index.js":{"path":"/home/richard/Documents/Projects/kym-api/server/api/routes/day/controllers/createUpdateDaysv1/index.js","statementMap":{"0":{"start":{"line":1,"column":41},"end":{"line":1,"column":59}},"1":{"start":{"line":2,"column":15},"end":{"line":2,"column":32}},"2":{"start":{"line":4,"column":17},"end":{"line":4,"column":28}},"3":{"start":{"line":5,"column":16},"end":{"line":5,"column":33}},"4":{"start":{"line":7,"column":25},"end":{"line":26,"column":1}},"5":{"start":{"line":8,"column":2},"end":{"line":8,"column":35}},"6":{"start":{"line":9,"column":2},"end":{"line":9,"column":35}},"7":{"start":{"line":11,"column":15},"end":{"line":20,"column":6}},"8":{"start":{"line":11,"column":79},"end":{"line":20,"column":4}},"9":{"start":{"line":22,"column":2},"end":{"line":25,"column":6}},"10":{"start":{"line":22,"column":43},"end":{"line":25,"column":3}},"11":{"start":{"line":28,"column":0},"end":{"line":28,"column":34}}},"fnMap":{"0":{"name":"(anonymous_0)","decl":{"start":{"line":7,"column":25},"end":{"line":7,"column":26}},"loc":{"start":{"line":7,"column":51},"end":{"line":26,"column":1}},"line":7},"1":{"name":"(anonymous_1)","decl":{"start":{"line":11,"column":58},"end":{"line":11,"column":59}},"loc":{"start":{"line":11,"column":79},"end":{"line":20,"column":4}},"line":11},"2":{"name":"(anonymous_2)","decl":{"start":{"line":22,"column":18},"end":{"line":22,"column":19}},"loc":{"start":{"line":22,"column":43},"end":{"line":25,"column":3}},"line":22}},"branchMap":{},"s":{"0":1,"1":1,"2":1,"3":1,"4":1,"5":4,"6":3,"7":3,"8":3,"9":2,"10":2,"11":1},"f":{"0":4,"1":3,"2":2},"b":{},"_coverageSchema":"1a1c01bbd47fc00a2c39e90264f33305004495a9","hash":"fce9c1cd4ba5a8ccefc595f3f507278f6c0dee9c","contentHash":"635629bd4b4fc223193ab0f3074debe20397fa023b15acf44caf029088fc67a7"},"/home/richard/Documents/Projects/kym-api/server/api/routes/day/controllers/destroyDaysv1/index.js":{"path":"/home/richard/Documents/Projects/kym-api/server/api/routes/day/controllers/destroyDaysv1/index.js","statementMap":{"0":{"start":{"line":1,"column":45},"end":{"line":1,"column":63}},"1":{"start":{"line":2,"column":15},"end":{"line":2,"column":32}},"2":{"start":{"line":4,"column":17},"end":{"line":4,"column":28}},"3":{"start":{"line":5,"column":16},"end":{"line":5,"column":33}},"4":{"start":{"line":7,"column":20},"end":{"line":21,"column":1}},"5":{"start":{"line":8,"column":2},"end":{"line":8,"column":35}},"6":{"start":{"line":9,"column":2},"end":{"line":9,"column":64}},"7":{"start":{"line":11,"column":2},"end":{"line":18,"column":5}},"8":{"start":{"line":20,"column":2},"end":{"line":20,"column":14}},"9":{"start":{"line":23,"column":0},"end":{"line":23,"column":29}}},"fnMap":{"0":{"name":"(anonymous_0)","decl":{"start":{"line":7,"column":20},"end":{"line":7,"column":21}},"loc":{"start":{"line":7,"column":42},"end":{"line":21,"column":1}},"line":7}},"branchMap":{"0":{"loc":{"start":{"line":9,"column":9},"end":{"line":9,"column":38}},"type":"binary-expr","locations":[{"start":{"line":9,"column":9},"end":{"line":9,"column":13}},{"start":{"line":9,"column":18},"end":{"line":9,"column":37}}],"line":9}},"s":{"0":1,"1":1,"2":1,"3":1,"4":1,"5":4,"6":3,"7":2,"8":2,"9":1},"f":{"0":4},"b":{"0":[3,3]},"_coverageSchema":"1a1c01bbd47fc00a2c39e90264f33305004495a9","hash":"aa3bd31b181d6b71b9161f019f2f1be0455ee057","contentHash":"818baeda0b4383e0eb283783be8c1f23227f0b72643032e7c8d73d6231ec6a81"},"/home/richard/Documents/Projects/kym-api/server/api/routes/favorites/index.js":{"path":"/home/richard/Documents/Projects/kym-api/server/api/routes/favorites/index.js","statementMap":{"0":{"start":{"line":1,"column":15},"end":{"line":1,"column":42}},"1":{"start":{"line":2,"column":26},"end":{"line":2,"column":68}},"2":{"start":{"line":3,"column":29},"end":{"line":3,"column":74}},"3":{"start":{"line":4,"column":27},"end":{"line":4,"column":70}},"4":{"start":{"line":5,"column":29},"end":{"line":5,"column":71}},"5":{"start":{"line":6,"column":52},"end":{"line":6,"column":105}},"6":{"start":{"line":7,"column":55},"end":{"line":7,"column":111}},"7":{"start":{"line":9,"column":0},"end":{"line":9,"column":24}},"8":{"start":{"line":11,"column":0},"end":{"line":14,"column":3}},"9":{"start":{"line":12,"column":20},"end":{"line":12,"column":61}},"10":{"start":{"line":13,"column":2},"end":{"line":13,"column":22}},"11":{"start":{"line":15,"column":0},"end":{"line":25,"column":3}},"12":{"start":{"line":16,"column":2},"end":{"line":24,"column":3}},"13":{"start":{"line":17,"column":4},"end":{"line":17,"column":80}},"14":{"start":{"line":18,"column":31},"end":{"line":18,"column":39}},"15":{"start":{"line":19,"column":17},"end":{"line":19,"column":83}},"16":{"start":{"line":20,"column":4},"end":{"line":20,"column":19}},"17":{"start":{"line":22,"column":4},"end":{"line":22,"column":36}},"18":{"start":{"line":23,"column":4},"end":{"line":23,"column":14}},"19":{"start":{"line":26,"column":0},"end":{"line":37,"column":3}},"20":{"start":{"line":27,"column":2},"end":{"line":36,"column":3}},"21":{"start":{"line":28,"column":4},"end":{"line":28,"column":60}},"22":{"start":{"line":30,"column":31},"end":{"line":30,"column":39}},"23":{"start":{"line":31,"column":4},"end":{"line":31,"column":74}},"24":{"start":{"line":32,"column":4},"end":{"line":32,"column":24}},"25":{"start":{"line":34,"column":4},"end":{"line":34,"column":59}},"26":{"start":{"line":35,"column":4},"end":{"line":35,"column":14}}},"fnMap":{"0":{"name":"(anonymous_0)","decl":{"start":{"line":11,"column":23},"end":{"line":11,"column":24}},"loc":{"start":{"line":11,"column":43},"end":{"line":14,"column":1}},"line":11},"1":{"name":"(anonymous_1)","decl":{"start":{"line":15,"column":24},"end":{"line":15,"column":25}},"loc":{"start":{"line":15,"column":50},"end":{"line":25,"column":1}},"line":15},"2":{"name":"(anonymous_2)","decl":{"start":{"line":26,"column":26},"end":{"line":26,"column":27}},"loc":{"start":{"line":26,"column":52},"end":{"line":37,"column":1}},"line":26}},"branchMap":{},"s":{"0":1,"1":1,"2":1,"3":1,"4":1,"5":1,"6":1,"7":1,"8":1,"9":1,"10":1,"11":1,"12":2,"13":2,"14":1,"15":1,"16":1,"17":1,"18":1,"19":1,"20":2,"21":2,"22":1,"23":1,"24":1,"25":1,"26":1},"f":{"0":1,"1":2,"2":2},"b":{},"_coverageSchema":"1a1c01bbd47fc00a2c39e90264f33305004495a9","hash":"e7daabc74d7693e01bdddc33e4d87a389a0f6753","contentHash":"6e8821ba75504d1cd5e409e00612f6b58ea0b53a0e25dc54e1dd65f0f8e44246"},"/home/richard/Documents/Projects/kym-api/server/api/routes/favorites/controllers/addFavoriteFoodV1/index.js":{"path":"/home/richard/Documents/Projects/kym-api/server/api/routes/favorites/controllers/addFavoriteFoodV1/index.js","statementMap":{"0":{"start":{"line":1,"column":28},"end":{"line":1,"column":46}},"1":{"start":{"line":2,"column":46},"end":{"line":2,"column":63}},"2":{"start":{"line":4,"column":24},"end":{"line":14,"column":1}},"3":{"start":{"line":5,"column":35},"end":{"line":11,"column":4}},"4":{"start":{"line":13,"column":2},"end":{"line":13,"column":34}},"5":{"start":{"line":16,"column":0},"end":{"line":16,"column":33}}},"fnMap":{"0":{"name":"(anonymous_0)","decl":{"start":{"line":4,"column":24},"end":{"line":4,"column":25}},"loc":{"start":{"line":4,"column":60},"end":{"line":14,"column":1}},"line":4}},"branchMap":{},"s":{"0":1,"1":1,"2":1,"3":1,"4":1,"5":1},"f":{"0":1},"b":{},"_coverageSchema":"1a1c01bbd47fc00a2c39e90264f33305004495a9","hash":"7d593c82300f7ba8e019655d8bfb62e1def03a30","contentHash":"ba28c4ca0b28b6cbdf5a9f7e423048b50b94eb73e6e9bc2e6abf274920d14929"},"/home/richard/Documents/Projects/kym-api/server/api/routes/favorites/controllers/removeFavoriteFoodV1/index.js":{"path":"/home/richard/Documents/Projects/kym-api/server/api/routes/favorites/controllers/removeFavoriteFoodV1/index.js","statementMap":{"0":{"start":{"line":1,"column":28},"end":{"line":1,"column":46}},"1":{"start":{"line":2,"column":46},"end":{"line":2,"column":63}},"2":{"start":{"line":4,"column":27},"end":{"line":12,"column":1}},"3":{"start":{"line":5,"column":2},"end":{"line":11,"column":5}},"4":{"start":{"line":14,"column":0},"end":{"line":14,"column":36}}},"fnMap":{"0":{"name":"(anonymous_0)","decl":{"start":{"line":4,"column":27},"end":{"line":4,"column":28}},"loc":{"start":{"line":4,"column":63},"end":{"line":12,"column":1}},"line":4}},"branchMap":{},"s":{"0":1,"1":1,"2":1,"3":1,"4":1},"f":{"0":1},"b":{},"_coverageSchema":"1a1c01bbd47fc00a2c39e90264f33305004495a9","hash":"08271798f58b4e92d3e24c154509e8a5fc788b04","contentHash":"c28ec847a7d07f1562c8da5c18e9d707143ceb159623be666eb16baede4f77e7"},"/home/richard/Documents/Projects/kym-api/server/api/routes/favorites/controllers/getFavoriteFoodsV1/index.js":{"path":"/home/richard/Documents/Projects/kym-api/server/api/routes/favorites/controllers/getFavoriteFoodsV1/index.js","statementMap":{"0":{"start":{"line":1,"column":28},"end":{"line":1,"column":46}},"1":{"start":{"line":2,"column":46},"end":{"line":2,"column":63}},"2":{"start":{"line":4,"column":25},"end":{"line":7,"column":1}},"3":{"start":{"line":5,"column":15},"end":{"line":5,"column":82}},"4":{"start":{"line":6,"column":2},"end":{"line":6,"column":14}},"5":{"start":{"line":9,"column":0},"end":{"line":9,"column":34}}},"fnMap":{"0":{"name":"(anonymous_0)","decl":{"start":{"line":4,"column":25},"end":{"line":4,"column":26}},"loc":{"start":{"line":4,"column":41},"end":{"line":7,"column":1}},"line":4}},"branchMap":{},"s":{"0":1,"1":1,"2":1,"3":2,"4":2,"5":1},"f":{"0":2},"b":{},"_coverageSchema":"1a1c01bbd47fc00a2c39e90264f33305004495a9","hash":"7da198298b853116c627751caa9af5bbf0f5d373","contentHash":"112753f782fea59a3c0e5de9c031bac66b2407f2dd22e887f17b6f522e143b94"},"/home/richard/Documents/Projects/kym-api/server/api/routes/favorites/controllers/addFavoriteFoodV1/validation.js":{"path":"/home/richard/Documents/Projects/kym-api/server/api/routes/favorites/controllers/addFavoriteFoodV1/validation.js","statementMap":{"0":{"start":{"line":1,"column":12},"end":{"line":1,"column":26}},"1":{"start":{"line":3,"column":19},"end":{"line":6,"column":2}},"2":{"start":{"line":8,"column":0},"end":{"line":10,"column":2}}},"fnMap":{},"branchMap":{},"s":{"0":1,"1":1,"2":1},"f":{},"b":{},"_coverageSchema":"1a1c01bbd47fc00a2c39e90264f33305004495a9","hash":"3b92b391b402ad9289002b153249a69a2cdb1375","contentHash":"71f06ed33f324e57851f51ccdc5d2c5ec1acece66ed76e636e502e195254cac5"},"/home/richard/Documents/Projects/kym-api/server/api/routes/favorites/controllers/removeFavoriteFoodV1/validation.js":{"path":"/home/richard/Documents/Projects/kym-api/server/api/routes/favorites/controllers/removeFavoriteFoodV1/validation.js","statementMap":{"0":{"start":{"line":1,"column":12},"end":{"line":1,"column":26}},"1":{"start":{"line":3,"column":19},"end":{"line":6,"column":2}},"2":{"start":{"line":8,"column":0},"end":{"line":10,"column":2}}},"fnMap":{},"branchMap":{},"s":{"0":1,"1":1,"2":1},"f":{},"b":{},"_coverageSchema":"1a1c01bbd47fc00a2c39e90264f33305004495a9","hash":"9cd9d13beb84f0172c0c69005f215481e509ad00","contentHash":"875ee2f141c89f72d090fe12c5fec8cf5a40541960a0022162f15e17ca07e2bf"},"/home/richard/Documents/Projects/kym-api/server/api/routes/fitbit/index.js":{"path":"/home/richard/Documents/Projects/kym-api/server/api/routes/fitbit/index.js","statementMap":{"0":{"start":{"line":1,"column":15},"end":{"line":1,"column":42}},"1":{"start":{"line":2,"column":29},"end":{"line":2,"column":71}},"2":{"start":{"line":3,"column":20},"end":{"line":3,"column":56}},"3":{"start":{"line":4,"column":23},"end":{"line":4,"column":70}},"4":{"start":{"line":6,"column":0},"end":{"line":6,"column":24}},"5":{"start":{"line":8,"column":0},"end":{"line":21,"column":3}},"6":{"start":{"line":9,"column":2},"end":{"line":20,"column":3}},"7":{"start":{"line":10,"column":35},"end":{"line":10,"column":44}},"8":{"start":{"line":11,"column":4},"end":{"line":11,"column":41}},"9":{"start":{"line":12,"column":4},"end":{"line":12,"column":39}},"10":{"start":{"line":14,"column":27},"end":{"line":14,"column":81}},"11":{"start":{"line":16,"column":4},"end":{"line":16,"column":29}},"12":{"start":{"line":18,"column":4},"end":{"line":18,"column":64}},"13":{"start":{"line":19,"column":4},"end":{"line":19,"column":14}}},"fnMap":{"0":{"name":"(anonymous_0)","decl":{"start":{"line":8,"column":24},"end":{"line":8,"column":25}},"loc":{"start":{"line":8,"column":50},"end":{"line":21,"column":1}},"line":8}},"branchMap":{},"s":{"0":1,"1":1,"2":1,"3":1,"4":1,"5":1,"6":0,"7":0,"8":0,"9":0,"10":0,"11":0,"12":0,"13":0},"f":{"0":0},"b":{},"_coverageSchema":"1a1c01bbd47fc00a2c39e90264f33305004495a9","hash":"53fbd117d1341bd3270ad35a1f9d0e59501a99b4","contentHash":"60c8b9d470c273bc4856123a6173121b2b8e5e71eab0239596836b5c2cf59642"},"/home/richard/Documents/Projects/kym-api/server/api/routes/fitbit/controllers/getCalories/index.js":{"path":"/home/richard/Documents/Projects/kym-api/server/api/routes/fitbit/controllers/getCalories/index.js","statementMap":{"0":{"start":{"line":1,"column":12},"end":{"line":1,"column":26}},"1":{"start":{"line":2,"column":28},"end":{"line":2,"column":46}},"2":{"start":{"line":3,"column":26},"end":{"line":3,"column":43}},"3":{"start":{"line":13,"column":2},"end":{"line":31,"column":3}},"4":{"start":{"line":14,"column":21},"end":{"line":16,"column":6}},"5":{"start":{"line":17,"column":4},"end":{"line":17,"column":39}},"6":{"start":{"line":19,"column":17},"end":{"line":19,"column":42}},"7":{"start":{"line":25,"column":21},"end":{"line":29,"column":6}},"8":{"start":{"line":30,"column":4},"end":{"line":30,"column":48}},"9":{"start":{"line":34,"column":0},"end":{"line":34,"column":29}}},"fnMap":{"0":{"name":"getCalories","decl":{"start":{"line":12,"column":15},"end":{"line":12,"column":26}},"loc":{"start":{"line":12,"column":53},"end":{"line":32,"column":1}},"line":12}},"branchMap":{},"s":{"0":1,"1":1,"2":1,"3":0,"4":0,"5":0,"6":0,"7":0,"8":0,"9":1},"f":{"0":0},"b":{},"_coverageSchema":"1a1c01bbd47fc00a2c39e90264f33305004495a9","hash":"df940c281eb8165fa61cb0a47a39ba5d7a901fe6","contentHash":"3de89af24445c1c3e6d201597288f02e616afcbe5a91159ebf74c0267a7ce4f1"},"/home/richard/Documents/Projects/kym-api/server/api/routes/fitbit/controllers/getCalories/validation.js":{"path":"/home/richard/Documents/Projects/kym-api/server/api/routes/fitbit/controllers/getCalories/validation.js","statementMap":{"0":{"start":{"line":1,"column":12},"end":{"line":1,"column":26}},"1":{"start":{"line":3,"column":19},"end":{"line":3,"column":40}},"2":{"start":{"line":5,"column":0},"end":{"line":7,"column":2}}},"fnMap":{},"branchMap":{},"s":{"0":1,"1":1,"2":1},"f":{},"b":{},"_coverageSchema":"1a1c01bbd47fc00a2c39e90264f33305004495a9","hash":"915a4ba7d62598cc6f4fab8b16fdf1b75724eb87","contentHash":"88ec3065ddc530076687b18cf7c1d7799d7748ce0b634d161276cf40c13aee03"},"/home/richard/Documents/Projects/kym-api/server/api/routes/food/index.js":{"path":"/home/richard/Documents/Projects/kym-api/server/api/routes/food/index.js","statementMap":{"0":{"start":{"line":1,"column":15},"end":{"line":1,"column":42}},"1":{"start":{"line":2,"column":22},"end":{"line":2,"column":62}},"2":{"start":{"line":3,"column":19},"end":{"line":3,"column":56}},"3":{"start":{"line":4,"column":21},"end":{"line":4,"column":60}},"4":{"start":{"line":7,"column":19},"end":{"line":7,"column":55}},"5":{"start":{"line":8,"column":29},"end":{"line":8,"column":71}},"6":{"start":{"line":9,"column":41},"end":{"line":9,"column":92}},"7":{"start":{"line":10,"column":23},"end":{"line":10,"column":71}},"8":{"start":{"line":11,"column":17},"end":{"line":11,"column":55}},"9":{"start":{"line":13,"column":0},"end":{"line":25,"column":3}},"10":{"start":{"line":14,"column":2},"end":{"line":24,"column":3}},"11":{"start":{"line":15,"column":25},"end":{"line":15,"column":35}},"12":{"start":{"line":16,"column":18},"end":{"line":16,"column":33}},"13":{"start":{"line":18,"column":4},"end":{"line":18,"column":92}},"14":{"start":{"line":18,"column":27},"end":{"line":18,"column":92}},"15":{"start":{"line":19,"column":18},"end":{"line":19,"column":57}},"16":{"start":{"line":20,"column":4},"end":{"line":20,"column":20}},"17":{"start":{"line":22,"column":4},"end":{"line":22,"column":39}},"18":{"start":{"line":23,"column":4},"end":{"line":23,"column":14}},"19":{"start":{"line":27,"column":0},"end":{"line":36,"column":3}},"20":{"start":{"line":28,"column":2},"end":{"line":35,"column":3}},"21":{"start":{"line":29,"column":4},"end":{"line":29,"column":63}},"22":{"start":{"line":30,"column":22},"end":{"line":30,"column":81}},"23":{"start":{"line":31,"column":4},"end":{"line":31,"column":53}},"24":{"start":{"line":33,"column":4},"end":{"line":33,"column":55}},"25":{"start":{"line":34,"column":4},"end":{"line":34,"column":14}},"26":{"start":{"line":59,"column":0},"end":{"line":75,"column":3}},"27":{"start":{"line":60,"column":2},"end":{"line":74,"column":3}},"28":{"start":{"line":61,"column":19},"end":{"line":61,"column":54}},"29":{"start":{"line":62,"column":25},"end":{"line":62,"column":35}},"30":{"start":{"line":63,"column":18},"end":{"line":63,"column":33}},"31":{"start":{"line":64,"column":4},"end":{"line":64,"column":92}},"32":{"start":{"line":64,"column":27},"end":{"line":64,"column":92}},"33":{"start":{"line":66,"column":4},"end":{"line":66,"column":41}},"34":{"start":{"line":67,"column":4},"end":{"line":67,"column":40}},"35":{"start":{"line":69,"column":17},"end":{"line":69,"column":65}},"36":{"start":{"line":70,"column":4},"end":{"line":70,"column":19}},"37":{"start":{"line":72,"column":4},"end":{"line":72,"column":39}},"38":{"start":{"line":73,"column":4},"end":{"line":73,"column":14}}},"fnMap":{"0":{"name":"(anonymous_0)","decl":{"start":{"line":13,"column":41},"end":{"line":13,"column":42}},"loc":{"start":{"line":13,"column":67},"end":{"line":25,"column":1}},"line":13},"1":{"name":"(anonymous_1)","decl":{"start":{"line":27,"column":19},"end":{"line":27,"column":20}},"loc":{"start":{"line":27,"column":45},"end":{"line":36,"column":1}},"line":27},"2":{"name":"(anonymous_2)","decl":{"start":{"line":59,"column":28},"end":{"line":59,"column":29}},"loc":{"start":{"line":59,"column":54},"end":{"line":75,"column":1}},"line":59}},"branchMap":{"0":{"loc":{"start":{"line":18,"column":4},"end":{"line":18,"column":92}},"type":"if","locations":[{"start":{"line":18,"column":4},"end":{"line":18,"column":92}},{"start":{"line":18,"column":4},"end":{"line":18,"column":92}}],"line":18},"1":{"loc":{"start":{"line":61,"column":19},"end":{"line":61,"column":54}},"type":"binary-expr","locations":[{"start":{"line":61,"column":19},"end":{"line":61,"column":49}},{"start":{"line":61,"column":53},"end":{"line":61,"column":54}}],"line":61},"2":{"loc":{"start":{"line":64,"column":4},"end":{"line":64,"column":92}},"type":"if","locations":[{"start":{"line":64,"column":4},"end":{"line":64,"column":92}},{"start":{"line":64,"column":4},"end":{"line":64,"column":92}}],"line":64}},"s":{"0":1,"1":1,"2":1,"3":1,"4":1,"5":1,"6":1,"7":1,"8":1,"9":1,"10":2,"11":2,"12":2,"13":2,"14":1,"15":1,"16":1,"17":1,"18":1,"19":1,"20":3,"21":3,"22":2,"23":2,"24":2,"25":2,"26":1,"27":3,"28":3,"29":3,"30":3,"31":3,"32":1,"33":2,"34":2,"35":2,"36":2,"37":1,"38":1},"f":{"0":2,"1":3,"2":3},"b":{"0":[1,1],"1":[3,3],"2":[1,2]},"_coverageSchema":"1a1c01bbd47fc00a2c39e90264f33305004495a9","hash":"92172a25128c6e0fee72788e10d95afbfe24c146","contentHash":"3f01381d123636434b0924d8dac2ea4659971a5c0c66a0df5b70da8c88a7ceb1"},"/home/richard/Documents/Projects/kym-api/server/api/routes/food/controllers/getFoodByNameV1/index.js":{"path":"/home/richard/Documents/Projects/kym-api/server/api/routes/food/controllers/getFoodByNameV1/index.js","statementMap":{"0":{"start":{"line":1,"column":28},"end":{"line":1,"column":46}},"1":{"start":{"line":4,"column":4},"end":{"line":4,"column":21}},"2":{"start":{"line":5,"column":18},"end":{"line":5,"column":48}},"3":{"start":{"line":6,"column":21},"end":{"line":6,"column":47}},"4":{"start":{"line":14,"column":24},"end":{"line":53,"column":1}},"5":{"start":{"line":15,"column":2},"end":{"line":15,"column":31}},"6":{"start":{"line":17,"column":20},"end":{"line":17,"column":39}},"7":{"start":{"line":18,"column":22},"end":{"line":18,"column":31}},"8":{"start":{"line":21,"column":21},"end":{"line":40,"column":4}},"9":{"start":{"line":42,"column":18},"end":{"line":44,"column":3}},"10":{"start":{"line":43,"column":36},"end":{"line":43,"column":71}},"11":{"start":{"line":46,"column":2},"end":{"line":52,"column":4}},"12":{"start":{"line":55,"column":0},"end":{"line":55,"column":33}}},"fnMap":{"0":{"name":"(anonymous_0)","decl":{"start":{"line":14,"column":24},"end":{"line":14,"column":25}},"loc":{"start":{"line":14,"column":60},"end":{"line":53,"column":1}},"line":14},"1":{"name":"(anonymous_1)","decl":{"start":{"line":43,"column":24},"end":{"line":43,"column":25}},"loc":{"start":{"line":43,"column":36},"end":{"line":43,"column":71}},"line":43}},"branchMap":{"0":{"loc":{"start":{"line":14,"column":43},"end":{"line":14,"column":53}},"type":"default-arg","locations":[{"start":{"line":14,"column":52},"end":{"line":14,"column":53}}],"line":14},"1":{"loc":{"start":{"line":27,"column":11},"end":{"line":38,"column":9}},"type":"cond-expr","locations":[{"start":{"line":28,"column":8},"end":{"line":34,"column":11}},{"start":{"line":35,"column":8},"end":{"line":38,"column":9}}],"line":27}},"s":{"0":1,"1":1,"2":1,"3":1,"4":1,"5":4,"6":4,"7":4,"8":4,"9":4,"10":9,"11":4,"12":1},"f":{"0":4,"1":9},"b":{"0":[2],"1":[3,1]},"_coverageSchema":"1a1c01bbd47fc00a2c39e90264f33305004495a9","hash":"77d080e93a384ee87a35fe15e958f6be164466d8","contentHash":"3c5c18cf0fa74b1b125e751b127e3f858f396b6398899b1a63af31b7e3da5860"},"/home/richard/Documents/Projects/kym-api/server/api/routes/food/controllers/getFoodByNameV1/helpers/makeWhere.js":{"path":"/home/richard/Documents/Projects/kym-api/server/api/routes/food/controllers/getFoodByNameV1/helpers/makeWhere.js","statementMap":{"0":{"start":{"line":1,"column":15},"end":{"line":1,"column":33}},"1":{"start":{"line":3,"column":18},"end":{"line":13,"column":1}},"2":{"start":{"line":4,"column":2},"end":{"line":4,"column":28}},"3":{"start":{"line":4,"column":18},"end":{"line":4,"column":28}},"4":{"start":{"line":5,"column":2},"end":{"line":12,"column":4}},"5":{"start":{"line":6,"column":37},"end":{"line":11,"column":5}},"6":{"start":{"line":15,"column":0},"end":{"line":15,"column":27}}},"fnMap":{"0":{"name":"(anonymous_0)","decl":{"start":{"line":3,"column":18},"end":{"line":3,"column":19}},"loc":{"start":{"line":3,"column":33},"end":{"line":13,"column":1}},"line":3},"1":{"name":"(anonymous_1)","decl":{"start":{"line":6,"column":28},"end":{"line":6,"column":29}},"loc":{"start":{"line":6,"column":37},"end":{"line":11,"column":5}},"line":6}},"branchMap":{"0":{"loc":{"start":{"line":4,"column":2},"end":{"line":4,"column":28}},"type":"if","locations":[{"start":{"line":4,"column":2},"end":{"line":4,"column":28}},{"start":{"line":4,"column":2},"end":{"line":4,"column":28}}],"line":4}},"s":{"0":1,"1":1,"2":5,"3":1,"4":4,"5":4,"6":1},"f":{"0":5,"1":4},"b":{"0":[1,4]},"_coverageSchema":"1a1c01bbd47fc00a2c39e90264f33305004495a9","hash":"8106b5f83e358ae828152e61371feee982ec8e79","contentHash":"c7483d03588ba93c8a49abab4b710c17bd89826982c63582e81f264f817a07a4"},"/home/richard/Documents/Projects/kym-api/server/api/routes/food/controllers/getFoodByNameV1/redis/counter.js":{"path":"/home/richard/Documents/Projects/kym-api/server/api/routes/food/controllers/getFoodByNameV1/redis/counter.js","statementMap":{"0":{"start":{"line":1,"column":20},"end":{"line":1,"column":53}},"1":{"start":{"line":2,"column":15},"end":{"line":2,"column":38}},"2":{"start":{"line":5,"column":14},"end":{"line":5,"column":39}},"3":{"start":{"line":14,"column":0},"end":{"line":14,"column":30}}},"fnMap":{"0":{"name":"redisCounter","decl":{"start":{"line":4,"column":15},"end":{"line":4,"column":27}},"loc":{"start":{"line":4,"column":38},"end":{"line":12,"column":1}},"line":4}},"branchMap":{},"s":{"0":1,"1":1,"2":4,"3":1},"f":{"0":4},"b":{},"_coverageSchema":"1a1c01bbd47fc00a2c39e90264f33305004495a9","hash":"b60d3f83a5b2052508669309e49448b873b107a3","contentHash":"6fc8f8f96546ec3a4c3af16a58e095570cbab806ae9305ba05a0772ee490f978"},"/home/richard/Documents/Projects/kym-api/server/api/routes/food/controllers/createFoodV1/index.js":{"path":"/home/richard/Documents/Projects/kym-api/server/api/routes/food/controllers/createFoodV1/index.js","statementMap":{"0":{"start":{"line":1,"column":28},"end":{"line":1,"column":46}},"1":{"start":{"line":2,"column":20},"end":{"line":2,"column":53}},"2":{"start":{"line":3,"column":20},"end":{"line":3,"column":53}},"3":{"start":{"line":4,"column":22},"end":{"line":4,"column":57}},"4":{"start":{"line":12,"column":4},"end":{"line":12,"column":21}},"5":{"start":{"line":14,"column":21},"end":{"line":47,"column":1}},"6":{"start":{"line":16,"column":2},"end":{"line":46,"column":3}},"7":{"start":{"line":18,"column":4},"end":{"line":18,"column":48}},"8":{"start":{"line":21,"column":22},"end":{"line":21,"column":83}},"9":{"start":{"line":24,"column":22},"end":{"line":24,"column":77}},"10":{"start":{"line":27,"column":4},"end":{"line":27,"column":58}},"11":{"start":{"line":30,"column":20},"end":{"line":30,"column":79}},"12":{"start":{"line":33,"column":4},"end":{"line":33,"column":58}},"13":{"start":{"line":36,"column":24},"end":{"line":36,"column":69}},"14":{"start":{"line":39,"column":4},"end":{"line":39,"column":65}},"15":{"start":{"line":41,"column":4},"end":{"line":41,"column":31}},"16":{"start":{"line":43,"column":4},"end":{"line":43,"column":21}},"17":{"start":{"line":45,"column":4},"end":{"line":45,"column":33}},"18":{"start":{"line":49,"column":0},"end":{"line":49,"column":30}}},"fnMap":{"0":{"name":"(anonymous_0)","decl":{"start":{"line":14,"column":21},"end":{"line":14,"column":22}},"loc":{"start":{"line":14,"column":47},"end":{"line":47,"column":1}},"line":14}},"branchMap":{},"s":{"0":1,"1":1,"2":1,"3":1,"4":1,"5":1,"6":2,"7":2,"8":2,"9":1,"10":1,"11":1,"12":1,"13":1,"14":1,"15":1,"16":1,"17":1,"18":1},"f":{"0":2},"b":{},"_coverageSchema":"1a1c01bbd47fc00a2c39e90264f33305004495a9","hash":"55422d5d4dfc2bb82f0d5b72b48f3ced24fcd7bc","contentHash":"5d1e1c67d7a1afb41ecec392bae4ca693fb5e3a4d0f0454bd48b9316675203b8"},"/home/richard/Documents/Projects/kym-api/server/api/routes/food/controllers/createFoodV1/cleaners/cleanAbbrev.js":{"path":"/home/richard/Documents/Projects/kym-api/server/api/routes/food/controllers/createFoodV1/cleaners/cleanAbbrev.js","statementMap":{"0":{"start":{"line":1,"column":24},"end":{"line":1,"column":42}},"1":{"start":{"line":14,"column":6},"end":{"line":14,"column":10}},"2":{"start":{"line":16,"column":2},"end":{"line":27,"column":4}},"3":{"start":{"line":31,"column":17},"end":{"line":31,"column":40}},"4":{"start":{"line":32,"column":18},"end":{"line":32,"column":43}},"5":{"start":{"line":33,"column":2},"end":{"line":33,"column":56}},"6":{"start":{"line":36,"column":0},"end":{"line":36,"column":29}}},"fnMap":{"0":{"name":"cleanAbbrev","decl":{"start":{"line":3,"column":9},"end":{"line":3,"column":20}},"loc":{"start":{"line":3,"column":33},"end":{"line":28,"column":1}},"line":3},"1":{"name":"convertToPer100","decl":{"start":{"line":30,"column":9},"end":{"line":30,"column":24}},"loc":{"start":{"line":30,"column":53},"end":{"line":34,"column":1}},"line":30}},"branchMap":{},"s":{"0":1,"1":2,"2":2,"3":8,"4":8,"5":8,"6":1},"f":{"0":2,"1":8},"b":{},"_coverageSchema":"1a1c01bbd47fc00a2c39e90264f33305004495a9","hash":"12d41fb0a893f6b1dc52d1fe33bce038a040c407","contentHash":"b25117bc7e73b79eb3eb4df866604454d79171e416a1a706e84b82460fc62c9e"},"/home/richard/Documents/Projects/kym-api/server/api/routes/food/controllers/createFoodV1/cleaners/cleanWeight.js":{"path":"/home/richard/Documents/Projects/kym-api/server/api/routes/food/controllers/createFoodV1/cleaners/cleanWeight.js","statementMap":{"0":{"start":{"line":2,"column":61},"end":{"line":2,"column":65}},"1":{"start":{"line":4,"column":2},"end":{"line":9,"column":4}},"2":{"start":{"line":12,"column":0},"end":{"line":12,"column":29}}},"fnMap":{"0":{"name":"cleanWeight","decl":{"start":{"line":1,"column":9},"end":{"line":1,"column":20}},"loc":{"start":{"line":1,"column":27},"end":{"line":10,"column":1}},"line":1}},"branchMap":{},"s":{"0":1,"1":1,"2":1},"f":{"0":1},"b":{},"_coverageSchema":"1a1c01bbd47fc00a2c39e90264f33305004495a9","hash":"d378f77192020123931c06d91907a2e151e7168f","contentHash":"0c9b1881d3fa49adfdc3075d8327559d188617c7e597ca75e6d6f39d5e51ed64"},"/home/richard/Documents/Projects/kym-api/server/api/routes/food/controllers/createFoodV1/cleaners/cleanFoodDesc.js":{"path":"/home/richard/Documents/Projects/kym-api/server/api/routes/food/controllers/createFoodV1/cleaners/cleanFoodDesc.js","statementMap":{"0":{"start":{"line":2,"column":31},"end":{"line":2,"column":35}},"1":{"start":{"line":4,"column":2},"end":{"line":8,"column":4}},"2":{"start":{"line":11,"column":0},"end":{"line":11,"column":31}}},"fnMap":{"0":{"name":"cleanFoodDesc","decl":{"start":{"line":1,"column":9},"end":{"line":1,"column":22}},"loc":{"start":{"line":1,"column":29},"end":{"line":9,"column":1}},"line":1}},"branchMap":{},"s":{"0":1,"1":1,"2":1},"f":{"0":1},"b":{},"_coverageSchema":"1a1c01bbd47fc00a2c39e90264f33305004495a9","hash":"de8e20b4021bb976f211a230a187d9ca8cd41b8e","contentHash":"27ede75a02b2ae334d67b8dfcca87483e95bee8902e3e5aa050767c0f1b63ff8"},"/home/richard/Documents/Projects/kym-api/server/api/routes/food/controllers/autocompleteV1/index.js":{"path":"/home/richard/Documents/Projects/kym-api/server/api/routes/food/controllers/autocompleteV1/index.js","statementMap":{"0":{"start":{"line":1,"column":28},"end":{"line":1,"column":46}},"1":{"start":{"line":3,"column":22},"end":{"line":3,"column":39}},"2":{"start":{"line":6,"column":15},"end":{"line":6,"column":34}},"3":{"start":{"line":7,"column":18},"end":{"line":21,"column":4}},"4":{"start":{"line":22,"column":2},"end":{"line":22,"column":15}},"5":{"start":{"line":25,"column":0},"end":{"line":25,"column":32}}},"fnMap":{"0":{"name":"autocompleteV1","decl":{"start":{"line":5,"column":15},"end":{"line":5,"column":29}},"loc":{"start":{"line":5,"column":44},"end":{"line":23,"column":1}},"line":5}},"branchMap":{},"s":{"0":1,"1":1,"2":3,"3":3,"4":3,"5":1},"f":{"0":3},"b":{},"_coverageSchema":"1a1c01bbd47fc00a2c39e90264f33305004495a9","hash":"7bd83199f6231dec85ea136508f4b9df27520a06","contentHash":"8d6611ebe16ef7f0b8291deee660f3d047a10cbc974466dafe894573d469b774"},"/home/richard/Documents/Projects/kym-api/server/api/routes/food/controllers/getRandomV1/index.js":{"path":"/home/richard/Documents/Projects/kym-api/server/api/routes/food/controllers/getRandomV1/index.js","statementMap":{"0":{"start":{"line":1,"column":28},"end":{"line":1,"column":46}},"1":{"start":{"line":2,"column":30},"end":{"line":2,"column":47}},"2":{"start":{"line":5,"column":21},"end":{"line":5,"column":72}},"3":{"start":{"line":6,"column":2},"end":{"line":6,"column":20}},"4":{"start":{"line":9,"column":0},"end":{"line":9,"column":33}}},"fnMap":{"0":{"name":"getRandomFoodV1","decl":{"start":{"line":4,"column":15},"end":{"line":4,"column":30}},"loc":{"start":{"line":4,"column":33},"end":{"line":7,"column":1}},"line":4}},"branchMap":{},"s":{"0":1,"1":1,"2":1,"3":1,"4":1},"f":{"0":1},"b":{},"_coverageSchema":"1a1c01bbd47fc00a2c39e90264f33305004495a9","hash":"3cca2826fe703cf19d5aa245ed83e21921f9038c","contentHash":"86a69f76bf214186469568640d7e59d4a6c87ae7039daa0c601b91e5c5a37ad2"},"/home/richard/Documents/Projects/kym-api/server/api/routes/food/controllers/getFoodByNameV1/validation.js":{"path":"/home/richard/Documents/Projects/kym-api/server/api/routes/food/controllers/getFoodByNameV1/validation.js","statementMap":{"0":{"start":{"line":1,"column":12},"end":{"line":1,"column":26}},"1":{"start":{"line":3,"column":23},"end":{"line":3,"column":46}},"2":{"start":{"line":4,"column":21},"end":{"line":4,"column":44}},"3":{"start":{"line":6,"column":0},"end":{"line":9,"column":2}}},"fnMap":{},"branchMap":{},"s":{"0":1,"1":1,"2":1,"3":1},"f":{},"b":{},"_coverageSchema":"1a1c01bbd47fc00a2c39e90264f33305004495a9","hash":"f6c73a08c0f904be4f70887f8b0978e8cba97bc8","contentHash":"febe9a06a5fcead076d8508d144655cb474fcb6bed2ef1a4a1fc59dbc6bd95bd"},"/home/richard/Documents/Projects/kym-api/server/api/routes/food/controllers/createFoodV1/validation.js":{"path":"/home/richard/Documents/Projects/kym-api/server/api/routes/food/controllers/createFoodV1/validation.js","statementMap":{"0":{"start":{"line":1,"column":12},"end":{"line":1,"column":26}},"1":{"start":{"line":3,"column":25},"end":{"line":3,"column":82}},"2":{"start":{"line":3,"column":31},"end":{"line":3,"column":82}},"3":{"start":{"line":5,"column":19},"end":{"line":16,"column":2}},"4":{"start":{"line":18,"column":0},"end":{"line":20,"column":2}}},"fnMap":{"0":{"name":"(anonymous_0)","decl":{"start":{"line":3,"column":25},"end":{"line":3,"column":26}},"loc":{"start":{"line":3,"column":31},"end":{"line":3,"column":82}},"line":3}},"branchMap":{},"s":{"0":1,"1":1,"2":6,"3":1,"4":1},"f":{"0":6},"b":{},"_coverageSchema":"1a1c01bbd47fc00a2c39e90264f33305004495a9","hash":"a17d2dd67f090aa9d5ecfcb865da2e5376d31fee","contentHash":"ac4e5a33cdef412ec702311a8c74d4f6dd7619de95168d140bd652b2ff00bb87"},"/home/richard/Documents/Projects/kym-api/server/api/routes/food-groups/index.js":{"path":"/home/richard/Documents/Projects/kym-api/server/api/routes/food-groups/index.js","statementMap":{"0":{"start":{"line":1,"column":15},"end":{"line":1,"column":42}},"1":{"start":{"line":2,"column":20},"end":{"line":2,"column":62}},"2":{"start":{"line":3,"column":34},"end":{"line":3,"column":74}},"3":{"start":{"line":5,"column":12},"end":{"line":5,"column":31}},"4":{"start":{"line":7,"column":0},"end":{"line":26,"column":3}},"5":{"start":{"line":14,"column":17},"end":{"line":14,"column":50}},"6":{"start":{"line":16,"column":23},"end":{"line":18,"column":3}},"7":{"start":{"line":17,"column":26},"end":{"line":17,"column":74}},"8":{"start":{"line":25,"column":2},"end":{"line":25,"column":25}},"9":{"start":{"line":28,"column":0},"end":{"line":28,"column":24}}},"fnMap":{"0":{"name":"getFoodGroupsRoute","decl":{"start":{"line":7,"column":33},"end":{"line":7,"column":51}},"loc":{"start":{"line":7,"column":68},"end":{"line":26,"column":1}},"line":7},"1":{"name":"(anonymous_1)","decl":{"start":{"line":17,"column":15}
[...]
"start":{"line":4,"column":17},"end":{"line":4,"column":34}},"4":{"start":{"line":6,"column":18},"end":{"line":20,"column":1}},"5":{"start":{"line":7,"column":2},"end":{"line":7,"column":76}},"6":{"start":{"line":7,"column":44},"end":{"line":7,"column":59}},"7":{"start":{"line":8,"column":15},"end":{"line":12,"column":18}},"8":{"start":{"line":15,"column":2},"end":{"line":15,"column":77}},"9":{"start":{"line":15,"column":13},"end":{"line":15,"column":77}},"10":{"start":{"line":17,"column":24},"end":{"line":17,"column":49}},"11":{"start":{"line":19,"column":2},"end":{"line":19,"column":23}},"12":{"start":{"line":22,"column":0},"end":{"line":22,"column":27}}},"fnMap":{"0":{"name":"(anonymous_0)","decl":{"start":{"line":6,"column":18},"end":{"line":6,"column":19}},"loc":{"start":{"line":6,"column":38},"end":{"line":20,"column":1}},"line":6},"1":{"name":"(anonymous_1)","decl":{"start":{"line":7,"column":38},"end":{"line":7,"column":39}},"loc":{"start":{"line":7,"column":44},"end":{"line":7,"column":59}},"line":7}},"branchMap":{"0":{"loc":{"start":{"line":15,"column":2},"end":{"line":15,"column":77}},"type":"if","locations":[{"start":{"line":15,"column":2},"end":{"line":15,"column":77}},{"start":{"line":15,"column":2},"end":{"line":15,"column":77}}],"line":15}},"s":{"0":1,"1":1,"2":1,"3":1,"4":1,"5":3,"6":1,"7":2,"8":2,"9":1,"10":1,"11":1,"12":1},"f":{"0":3,"1":1},"b":{"0":[1,1]},"_coverageSchema":"1a1c01bbd47fc00a2c39e90264f33305004495a9","hash":"afb6758cffa3a4878a62d80ed466419010d3fd7f","contentHash":"99e0dc1b48853ac1ae176bcf11e7afdd81ca340f7f74672a85d4cddb7adfb1cd"},"/home/richard/Documents/Projects/kym-api/server/api/routes/user/controllers/createMeasurementsV1/index.js":{"path":"/home/richard/Documents/Projects/kym-api/server/api/routes/user/controllers/createMeasurementsV1/index.js","statementMap":{"0":{"start":{"line":1,"column":45},"end":{"line":1,"column":63}},"1":{"start":{"line":2,"column":28},"end":{"line":2,"column":45}},"2":{"start":{"line":3,"column":15},"end":{"line":3,"column":32}},"3":{"start":{"line":4,"column":23},"end":{"line":4,"column":46}},"4":{"start":{"line":6,"column":29},"end":{"line":47,"column":1}},"5":{"start":{"line":7,"column":2},"end":{"line":7,"column":57}},"6":{"start":{"line":9,"column":51},"end":{"line":9,"column":55}},"7":{"start":{"line":13,"column":2},"end":{"line":24,"column":3}},"8":{"start":{"line":14,"column":22},"end":{"line":14,"column":67}},"9":{"start":{"line":16,"column":4},"end":{"line":23,"column":7}},"10":{"start":{"line":27,"column":2},"end":{"line":38,"column":3}},"11":{"start":{"line":28,"column":4},"end":{"line":31,"column":7}},"12":{"start":{"line":29,"column":6},"end":{"line":29,"column":38}},"13":{"start":{"line":30,"column":6},"end":{"line":30,"column":34}},"14":{"start":{"line":33,"column":4},"end":{"line":33,"column":32}},"15":{"start":{"line":35,"column":4},"end":{"line":35,"column":26}},"16":{"start":{"line":37,"column":4},"end":{"line":37,"column":78}},"17":{"start":{"line":40,"column":26},"end":{"line":45,"column":4}},"18":{"start":{"line":46,"column":2},"end":{"line":46,"column":25}},"19":{"start":{"line":49,"column":0},"end":{"line":49,"column":38}}},"fnMap":{"0":{"name":"(anonymous_0)","decl":{"start":{"line":6,"column":29},"end":{"line":6,"column":30}},"loc":{"start":{"line":6,"column":55},"end":{"line":47,"column":1}},"line":6},"1":{"name":"(anonymous_1)","decl":{"start":{"line":28,"column":30},"end":{"line":28,"column":31}},"loc":{"start":{"line":28,"column":39},"end":{"line":31,"column":5}},"line":28}},"branchMap":{"0":{"loc":{"start":{"line":9,"column":10},"end":{"line":9,"column":46}},"type":"default-arg","locations":[{"start":{"line":9,"column":17},"end":{"line":9,"column":46}}],"line":9},"1":{"loc":{"start":{"line":13,"column":2},"end":{"line":24,"column":3}},"type":"if","locations":[{"start":{"line":13,"column":2},"end":{"line":24,"column":3}},{"start":{"line":13,"column":2},"end":{"line":24,"column":3}}],"line":13},"2":{"loc":{"start":{"line":27,"column":2},"end":{"line":38,"column":3}},"type":"if","locations":[{"start":{"line":27,"column":2},"end":{"line":38,"column":3}},{"start":{"line":27,"column":2},"end":{"line":38,"column":3}}],"line":27}},"s":{"0":1,"1":1,"2":1,"3":1,"4":1,"5":4,"6":3,"7":3,"8":2,"9":2,"10":3,"11":1,"12":8,"13":8,"14":1,"15":1,"16":2,"17":2,"18":2,"19":1},"f":{"0":4,"1":8},"b":{"0":[1],"1":[2,1],"2":[1,2]},"_coverageSchema":"1a1c01bbd47fc00a2c39e90264f33305004495a9","hash":"8477b27da748fc233ed45df316cc4fd9e2739d11","contentHash":"034d81f782c2b58c1b569270c6efdfcd4b2634582053650c412105e968a5a80f"},"/home/richard/Documents/Projects/kym-api/server/api/routes/user/controllers/createMeasurementsV1/validation.js":{"path":"/home/richard/Documents/Projects/kym-api/server/api/routes/user/controllers/createMeasurementsV1/validation.js","statementMap":{"0":{"start":{"line":1,"column":12},"end":{"line":1,"column":26}},"1":{"start":{"line":2,"column":24},"end":{"line":2,"column":60}},"2":{"start":{"line":4,"column":19},"end":{"line":19,"column":2}},"3":{"start":{"line":5,"column":43},"end":{"line":5,"column":82}},"4":{"start":{"line":21,"column":0},"end":{"line":23,"column":2}}},"fnMap":{"0":{"name":"(anonymous_0)","decl":{"start":{"line":5,"column":37},"end":{"line":5,"column":38}},"loc":{"start":{"line":5,"column":43},"end":{"line":5,"column":82}},"line":5}},"branchMap":{},"s":{"0":1,"1":1,"2":1,"3":1,"4":1},"f":{"0":1},"b":{},"_coverageSchema":"1a1c01bbd47fc00a2c39e90264f33305004495a9","hash":"f5b062644dcabdb149ffdd16181f9bb0fba22be1","contentHash":"0b71958126f8afebc1ce1ed5c841c1b80db643d2fb0332ea618b6f654a389646"},"/home/richard/Documents/Projects/kym-api/server/api/routes/user/controllers/updateMeasurementsV1/index.js":{"path":"/home/richard/Documents/Projects/kym-api/server/api/routes/user/controllers/updateMeasurementsV1/index.js","statementMap":{"0":{"start":{"line":1,"column":41},"end":{"line":1,"column":59}},"1":{"start":{"line":2,"column":23},"end":{"line":2,"column":46}},"2":{"start":{"line":3,"column":17},"end":{"line":3,"column":46}},"3":{"start":{"line":5,"column":28},"end":{"line":5,"column":45}},"4":{"start":{"line":7,"column":29},"end":{"line":22,"column":1}},"5":{"start":{"line":8,"column":2},"end":{"line":8,"column":34}},"6":{"start":{"line":9,"column":22},"end":{"line":14,"column":4}},"7":{"start":{"line":16,"column":2},"end":{"line":16,"column":86}},"8":{"start":{"line":16,"column":20},"end":{"line":16,"column":86}},"9":{"start":{"line":18,"column":2},"end":{"line":18,"column":42}},"10":{"start":{"line":19,"column":2},"end":{"line":19,"column":27}},"11":{"start":{"line":21,"column":2},"end":{"line":21,"column":21}},"12":{"start":{"line":24,"column":0},"end":{"line":24,"column":38}}},"fnMap":{"0":{"name":"(anonymous_0)","decl":{"start":{"line":7,"column":29},"end":{"line":7,"column":30}},"loc":{"start":{"line":7,"column":55},"end":{"line":22,"column":1}},"line":7}},"branchMap":{"0":{"loc":{"start":{"line":16,"column":2},"end":{"line":16,"column":86}},"type":"if","locations":[{"start":{"line":16,"column":2},"end":{"line":16,"column":86}},{"start":{"line":16,"column":2},"end":{"line":16,"column":86}}],"line":16}},"s":{"0":1,"1":1,"2":1,"3":1,"4":1,"5":2,"6":2,"7":2,"8":1,"9":1,"10":1,"11":1,"12":1},"f":{"0":2},"b":{"0":[1,1]},"_coverageSchema":"1a1c01bbd47fc00a2c39e90264f33305004495a9","hash":"cb9cdbd46349aa0fd01c0773d2350d9a85e09c8e","contentHash":"04ca20a50e5568d269c06dd8f3e8a4e75122684d236454275e55a96b8bfc5323"},"/home/richard/Documents/Projects/kym-api/server/api/routes/user/controllers/updateMeasurementsV1/validation.js":{"path":"/home/richard/Documents/Projects/kym-api/server/api/routes/user/controllers/updateMeasurementsV1/validation.js","statementMap":{"0":{"start":{"line":1,"column":12},"end":{"line":1,"column":26}},"1":{"start":{"line":3,"column":19},"end":{"line":16,"column":2}},"2":{"start":{"line":18,"column":0},"end":{"line":20,"column":2}}},"fnMap":{},"branchMap":{},"s":{"0":1,"1":1,"2":1},"f":{},"b":{},"_coverageSchema":"1a1c01bbd47fc00a2c39e90264f33305004495a9","hash":"911cb0fca75a4f9476f0ceb95f05c525f4aca74f","contentHash":"e4c2351513881ff897e5fce93977e1d0b04fb865283707f2e446de46a3a79ffa"},"/home/richard/Documents/Projects/kym-api/server/api/routes/user/controllers/deleteMeasurementsV1/index.js":{"path":"/home/richard/Documents/Projects/kym-api/server/api/routes/user/controllers/deleteMeasurementsV1/index.js","statementMap":{"0":{"start":{"line":1,"column":41},"end":{"line":1,"column":59}},"1":{"start":{"line":2,"column":28},"end":{"line":2,"column":45}},"2":{"start":{"line":3,"column":21},"end":{"line":3,"column":44}},"3":{"start":{"line":5,"column":29},"end":{"line":14,"column":1}},"4":{"start":{"line":6,"column":2},"end":{"line":6,"column":30}},"5":{"start":{"line":8,"column":2},"end":{"line":13,"column":5}},"6":{"start":{"line":16,"column":0},"end":{"line":16,"column":38}}},"fnMap":{"0":{"name":"(anonymous_0)","decl":{"start":{"line":5,"column":29},"end":{"line":5,"column":30}},"loc":{"start":{"line":5,"column":53},"end":{"line":14,"column":1}},"line":5}},"branchMap":{},"s":{"0":1,"1":1,"2":1,"3":1,"4":2,"5":1,"6":1},"f":{"0":2},"b":{},"_coverageSchema":"1a1c01bbd47fc00a2c39e90264f33305004495a9","hash":"550805a66030a2a423c1777dc99da4881e78eb7e","contentHash":"6ad216be0eb1db5f971d4414e9639cf6dff4948aa2ffa04c7c364c3e5847801b"},"/home/richard/Documents/Projects/kym-api/server/api/routes/user/controllers/deleteMeasurementsV1/validation.js":{"path":"/home/richard/Documents/Projects/kym-api/server/api/routes/user/controllers/deleteMeasurementsV1/validation.js","statementMap":{"0":{"start":{"line":1,"column":12},"end":{"line":1,"column":26}},"1":{"start":{"line":3,"column":17},"end":{"line":3,"column":50}},"2":{"start":{"line":4,"column":19},"end":{"line":6,"column":2}},"3":{"start":{"line":8,"column":0},"end":{"line":11,"column":2}}},"fnMap":{},"branchMap":{},"s":{"0":1,"1":1,"2":1,"3":1},"f":{},"b":{},"_coverageSchema":"1a1c01bbd47fc00a2c39e90264f33305004495a9","hash":"64ba8c047e4fb3c65dcdea73da012f5023e89ff0","contentHash":"549f9ffe96b1d072fc73546a0e358712e082113ce956f53e7d0bb3c4c238f57c"},"/home/richard/Documents/Projects/kym-api/server/api/routes/user/controllers/updateUserV1/index.js":{"path":"/home/richard/Documents/Projects/kym-api/server/api/routes/user/controllers/updateUserV1/index.js","statementMap":{"0":{"start":{"line":1,"column":28},"end":{"line":1,"column":46}},"1":{"start":{"line":2,"column":23},"end":{"line":2,"column":46}},"2":{"start":{"line":4,"column":17},"end":{"line":4,"column":34}},"3":{"start":{"line":6,"column":21},"end":{"line":23,"column":1}},"4":{"start":{"line":7,"column":2},"end":{"line":7,"column":77}},"5":{"start":{"line":8,"column":15},"end":{"line":8,"column":40}},"6":{"start":{"line":10,"column":19},"end":{"line":10,"column":30}},"7":{"start":{"line":12,"column":2},"end":{"line":12,"column":21}},"8":{"start":{"line":13,"column":2},"end":{"line":13,"column":28}},"9":{"start":{"line":14,"column":2},"end":{"line":14,"column":28}},"10":{"start":{"line":16,"column":2},"end":{"line":18,"column":5}},"11":{"start":{"line":17,"column":4},"end":{"line":17,"column":20}},"12":{"start":{"line":20,"column":20},"end":{"line":20,"column":37}},"13":{"start":{"line":22,"column":2},"end":{"line":22,"column":19}},"14":{"start":{"line":25,"column":0},"end":{"line":25,"column":30}}},"fnMap":{"0":{"name":"(anonymous_0)","decl":{"start":{"line":6,"column":21},"end":{"line":6,"column":22}},"loc":{"start":{"line":6,"column":47},"end":{"line":23,"column":1}},"line":6},"1":{"name":"(anonymous_1)","decl":{"start":{"line":16,"column":35},"end":{"line":16,"column":36}},"loc":{"start":{"line":16,"column":51},"end":{"line":18,"column":3}},"line":16}},"branchMap":{},"s":{"0":1,"1":1,"2":1,"3":1,"4":2,"5":1,"6":1,"7":1,"8":1,"9":1,"10":1,"11":1,"12":1,"13":1,"14":1},"f":{"0":2,"1":1},"b":{},"_coverageSchema":"1a1c01bbd47fc00a2c39e90264f33305004495a9","hash":"b9bba4d230c1678822637c308236796e5380dc82","contentHash":"48002929a815fa65ffa91ae847960ec33fd79ddf93e6d75bdcbaf0b24b638f0b"},"/home/richard/Documents/Projects/kym-api/server/api/routes/user/controllers/updateUserV1/validation.js":{"path":"/home/richard/Documents/Projects/kym-api/server/api/routes/user/controllers/updateUserV1/validation.js","statementMap":{"0":{"start":{"line":1,"column":12},"end":{"line":1,"column":26}},"1":{"start":{"line":3,"column":19},"end":{"line":14,"column":2}},"2":{"start":{"line":16,"column":0},"end":{"line":18,"column":2}}},"fnMap":{},"branchMap":{},"s":{"0":1,"1":1,"2":1},"f":{},"b":{},"_coverageSchema":"1a1c01bbd47fc00a2c39e90264f33305004495a9","hash":"0e1cfb7cd6ac3d9a4f383f8608b41492b5ec4679","contentHash":"84c146cc8dff9275e2847d133fd1c1a1c57e3194dec90319225628feffdfe4ce"},"/home/richard/Documents/Projects/kym-api/server/api/routes/user-measurements/index.js":{"path":"/home/richard/Documents/Projects/kym-api/server/api/routes/user-measurements/index.js","statementMap":{"0":{"start":{"line":1,"column":15},"end":{"line":1,"column":42}},"1":{"start":{"line":2,"column":24},"end":{"line":2,"column":66}},"2":{"start":{"line":4,"column":0},"end":{"line":4,"column":24}},"3":{"start":{"line":6,"column":0},"end":{"line":9,"column":3}},"4":{"start":{"line":7,"column":23},"end":{"line":7,"column":71}},"5":{"start":{"line":8,"column":2},"end":{"line":8,"column":25}}},"fnMap":{"0":{"name":"getUserMeasurements","decl":{"start":{"line":6,"column":33},"end":{"line":6,"column":52}},"loc":{"start":{"line":6,"column":69},"end":{"line":9,"column":1}},"line":6}},"branchMap":{},"s":{"0":1,"1":1,"2":1,"3":1,"4":1,"5":1},"f":{"0":1},"b":{},"_coverageSchema":"1a1c01bbd47fc00a2c39e90264f33305004495a9","hash":"27c1bfa742ed3f5f74392a24f0dae1fda0c3c32a","contentHash":"e5e1a500ad9df9ddcd5b1710397750d2d019c3e87756854e052531ee2b48255c"},"/home/richard/Documents/Projects/kym-api/server/api/routes/user-measurements/controllers/getMeasurementsV1/index.js":{"path":"/home/richard/Documents/Projects/kym-api/server/api/routes/user-measurements/controllers/getMeasurementsV1/index.js","statementMap":{"0":{"start":{"line":1,"column":41},"end":{"line":1,"column":59}},"1":{"start":{"line":2,"column":28},"end":{"line":2,"column":45}},"2":{"start":{"line":4,"column":26},"end":{"line":17,"column":1}},"3":{"start":{"line":5,"column":23},"end":{"line":15,"column":4}},"4":{"start":{"line":16,"column":2},"end":{"line":16,"column":22}},"5":{"start":{"line":19,"column":0},"end":{"line":19,"column":35}}},"fnMap":{"0":{"name":"(anonymous_0)","decl":{"start":{"line":4,"column":26},"end":{"line":4,"column":27}},"loc":{"start":{"line":4,"column":46},"end":{"line":17,"column":1}},"line":4}},"branchMap":{},"s":{"0":1,"1":1,"2":1,"3":1,"4":1,"5":1},"f":{"0":1},"b":{},"_coverageSchema":"1a1c01bbd47fc00a2c39e90264f33305004495a9","hash":"90ddabf119baeb2bf3b8e9d99e0f4c8a0a31ab06","contentHash":"1a294711da79345d76bb25e2f8c853f4d3b9d561640921b579adc824ca079253"},"/home/richard/Documents/Projects/kym-api/server/api/routes/food/controllers/addPreferenceV1/index.js":{"path":"/home/richard/Documents/Projects/kym-api/server/api/routes/food/controllers/addPreferenceV1/index.js","statementMap":{"0":{"start":{"line":1,"column":41},"end":{"line":1,"column":59}},"1":{"start":{"line":2,"column":28},"end":{"line":2,"column":45}},"2":{"start":{"line":17,"column":0},"end":{"line":17,"column":33}}},"fnMap":{},"branchMap":{},"s":{"0":1,"1":1,"2":1},"f":{},"b":{},"_coverageSchema":"1a1c01bbd47fc00a2c39e90264f33305004495a9","hash":"23cfd054a098a9ad37aee2c6aee8eb6fab9c73c8","contentHash":"d20ec5073f1a8a142768472d91fdc84e4d36ace5405dce1df651dadbdf175c40"},"/home/richard/Documents/Projects/kym-api/server/api/routes/food/controllers/assessV1/index.js":{"path":"/home/richard/Documents/Projects/kym-api/server/api/routes/food/controllers/assessV1/index.js","statementMap":{"0":{"start":{"line":1,"column":11},"end":{"line":1,"column":24}},"1":{"start":{"line":2,"column":22},"end":{"line":2,"column":37}},"2":{"start":{"line":3,"column":13},"end":{"line":3,"column":28}},"3":{"start":{"line":4,"column":14},"end":{"line":4,"column":50}},"4":{"start":{"line":6,"column":22},"end":{"line":6,"column":44}},"5":{"start":{"line":29,"column":0},"end":{"line":29,"column":26}}},"fnMap":{},"branchMap":{},"s":{"0":1,"1":1,"2":1,"3":1,"4":1,"5":1},"f":{},"b":{},"_coverageSchema":"1a1c01bbd47fc00a2c39e90264f33305004495a9","hash":"a0d334356517f2a1e05fa39edc8f9a5637d63813","contentHash":"875c45fd5db8d35e890e88fbbaf6bcd07f6af46df33875f2003647a90c9ed8d8"},"/home/richard/Documents/Projects/kym-api/server/api/routes/food/controllers/getFoodByNameV1/helpers/makeWhere.spec.js":{"path":"/home/richard/Documents/Projects/kym-api/server/api/routes/food/controllers/getFoodByNameV1/helpers/makeWhere.spec.js","statementMap":{"0":{"start":{"line":1,"column":19},"end":{"line":1,"column":34}},"1":{"start":{"line":2,"column":18},"end":{"line":2,"column":40}},"2":{"start":{"line":4,"column":0},"end":{"line":8,"column":3}},"3":{"start":{"line":5,"column":2},"end":{"line":7,"column":5}},"4":{"start":{"line":6,"column":4},"end":{"line":6,"column":52}}},"fnMap":{"0":{"name":"(anonymous_0)","decl":{"start":{"line":4,"column":38},"end":{"line":4,"column":39}},"loc":{"start":{"line":4,"column":44},"end":{"line":8,"column":1}},"line":4},"1":{"name":"(anonymous_1)","decl":{"start":{"line":5,"column":50},"end":{"line":5,"column":51}},"loc":{"start":{"line":5,"column":56},"end":{"line":7,"column":3}},"line":5}},"branchMap":{},"s":{"0":1,"1":1,"2":1,"3":1,"4":1},"f":{"0":1,"1":1},"b":{},"_coverageSchema":"1a1c01bbd47fc00a2c39e90264f33305004495a9","hash":"e2164c0f29b50b4cc81aba2df133b17d5a213cda","contentHash":"8e00626c170b3e883280454d193b85fb3c8af4f3726202b4db91dabb3062ff0e"},"/home/richard/Documents/Projects/kym-api/server/api/routes/food/controllers/trainV1/index.js":{"path":"/home/richard/Documents/Projects/kym-api/server/api/routes/food/controllers/trainV1/index.js","statementMap":{"0":{"start":{"line":1,"column":11},"end":{"line":1,"column":24}},"1":{"start":{"line":2,"column":22},"end":{"line":2,"column":37}},"2":{"start":{"line":3,"column":13},"end":{"line":3,"column":28}},"3":{"start":{"line":4,"column":14},"end":{"line":4,"column":50}},"4":{"start":{"line":6,"column":22},"end":{"line":6,"column":44}},"5":{"start":{"line":7,"column":23},"end":{"line":7,"column":46}},"6":{"start":{"line":9,"column":18},"end":{"line":9,"column":43}},"7":{"start":{"line":10,"column":22},"end":{"line":10,"column":51}},"8":{"start":{"line":44,"column":0},"end":{"line":44,"column":25}}},"fnMap":{},"branchMap":{},"s":{"0":1,"1":1,"2":1,"3":1,"4":1,"5":1,"6":1,"7":1,"8":1},"f":{},"b":{},"_coverageSchema":"1a1c01bbd47fc00a2c39e90264f33305004495a9","hash":"52159ec30280f2bdaf428fe8f0841987ae3b8088","contentHash":"b6d805687b8cebbfc98de61725b584294498a526bce844c583154468729fb727"},"/home/richard/Documents/Projects/kym-api/server/api/routes/food-record/controllers/deleteFoodRecordV1/validation.js":{"path":"/home/richard/Documents/Projects/kym-api/server/api/routes/food-record/controllers/deleteFoodRecordV1/validation.js","statementMap":{"0":{"start":{"line":1,"column":12},"end":{"line":1,"column":26}},"1":{"start":{"line":3,"column":18},"end":{"line":5,"column":12}},"2":{"start":{"line":7,"column":19},"end":{"line":9,"column":2}},"3":{"start":{"line":11,"column":0},"end":{"line":14,"column":2}}},"fnMap":{},"branchMap":{},"s":{"0":1,"1":1,"2":1,"3":1},"f":{},"b":{},"_coverageSchema":"1a1c01bbd47fc00a2c39e90264f33305004495a9","hash":"834e05096939431d7a5a6d527a08053cbbb3c764","contentHash":"7e2647f638657b2beb497810ba06eb6a22b86fa47692022dff98e5193cf74577"},"/home/richard/Documents/Projects/kym-api/server/api/routes/food-record/types.js":{"path":"/home/richard/Documents/Projects/kym-api/server/api/routes/food-record/types.js","statementMap":{},"fnMap":{},"branchMap":{},"s":{},"f":{},"b":{},"_coverageSchema":"1a1c01bbd47fc00a2c39e90264f33305004495a9","hash":"12dcd38ccd423df290b4623a2d882e7f0712a4b2","contentHash":"07edb5ec08a2cf86f1e3021b2804dd0f2c52abbf932fa592e5ae2d7c5f116a31"}}