{"/home/richard/Documents/Projects/kym-api/server/utils/logger/index.js":{"path":"/home/richard/Documents/Projects/kym-api/server/utils/logger/index.js","statementMap":{"0":{"start":{"line":1,"column":16},"end":{"line":1,"column":34}},"1":{"start":{"line":3,"column":15},"end":{"line":15,"column":2}},"2":{"start":{"line":21,"column":0},"end":{"line":28,"column":1}},"3":{"start":{"line":22,"column":2},"end":{"line":27,"column":6}},"4":{"start":{"line":30,"column":0},"end":{"line":30,"column":24}}},"fnMap":{},"branchMap":{"0":{"loc":{"start":{"line":21,"column":0},"end":{"line":28,"column":1}},"type":"if","locations":[{"start":{"line":21,"column":0},"end":{"line":28,"column":1}},{"start":{"line":21,"column":0},"end":{"line":28,"column":1}}],"line":21}},"s":{"0":1,"1":1,"2":1,"3":1,"4":1},"f":{},"b":{"0":[1,0]},"_coverageSchema":"1a1c01bbd47fc00a2c39e90264f33305004495a9","hash":"780dd6f630f03d7954cabfca6c76072603d8d29f","contentHash":"74540181283bf20cdc0f473af8edb240b1266f971dc599b04bf93dfad9d3d706"},"/home/richard/Documents/Projects/kym-api/server/api/routes/favorites/controllers/addFavoriteFoodV1/index.js":{"path":"/home/richard/Documents/Projects/kym-api/server/api/routes/favorites/controllers/addFavoriteFoodV1/index.js","statementMap":{"0":{"start":{"line":1,"column":28},"end":{"line":1,"column":46}},"1":{"start":{"line":2,"column":46},"end":{"line":2,"column":63}},"2":{"start":{"line":4,"column":24},"end":{"line":14,"column":1}},"3":{"start":{"line":5,"column":35},"end":{"line":11,"column":4}},"4":{"start":{"line":13,"column":2},"end":{"line":13,"column":34}},"5":{"start":{"line":16,"column":0},"end":{"line":16,"column":33}}},"fnMap":{"0":{"name":"(anonymous_0)","decl":{"start":{"line":4,"column":24},"end":{"line":4,"column":25}},"loc":{"start":{"line":4,"column":60},"end":{"line":14,"column":1}},"line":4}},"branchMap":{},"s":{"0":1,"1":1,"2":1,"3":1,"4":1,"5":1},"f":{"0":1},"b":{},"_coverageSchema":"1a1c01bbd47fc00a2c39e90264f33305004495a9","hash":"7d593c82300f7ba8e019655d8bfb62e1def03a30","contentHash":"ba28c4ca0b28b6cbdf5a9f7e423048b50b94eb73e6e9bc2e6abf274920d14929"},"/home/richard/Documents/Projects/kym-api/server/app.js":{"path":"/home/richard/Documents/Projects/kym-api/server/app.js","statementMap":{"0":{"start":{"line":2,"column":0},"end":{"line":2,"column":28}},"1":{"start":{"line":3,"column":0},"end":{"line":3,"column":49}},"2":{"start":{"line":3,"column":27},"end":{"line":3,"column":48}},"3":{"start":{"line":5,"column":0},"end":{"line":5,"column":64}},"4":{"start":{"line":5,"column":27},"end":{"line":5,"column":63}},"5":{"start":{"line":6,"column":15},"end":{"line":6,"column":38}},"6":{"start":{"line":7,"column":16},"end":{"line":7,"column":34}},"7":{"start":{"line":8,"column":13},"end":{"line":8,"column":28}},"8":{"start":{"line":9,"column":13},"end":{"line":9,"column":28}},"9":{"start":{"line":10,"column":19},"end":{"line":10,"column":41}},"10":{"start":{"line":11,"column":18},"end":{"line":11,"column":47}},"11":{"start":{"line":12,"column":24},"end":{"line":12,"column":44}},"12":{"start":{"line":13,"column":25},"end":{"line":13,"column":61}},"13":{"start":{"line":14,"column":23},"end":{"line":14,"column":51}},"14":{"start":{"line":22,"column":12},"end":{"line":22,"column":21}},"15":{"start":{"line":24,"column":0},"end":{"line":24,"column":20}},"16":{"start":{"line":26,"column":0},"end":{"line":28,"column":4}},"17":{"start":{"line":30,"column":0},"end":{"line":30,"column":27}},"18":{"start":{"line":31,"column":0},"end":{"line":31,"column":52}},"19":{"start":{"line":33,"column":0},"end":{"line":33,"column":21}},"20":{"start":{"line":38,"column":0},"end":{"line":38,"column":22}},"21":{"start":{"line":47,"column":0},"end":{"line":47,"column":72}},"22":{"start":{"line":50,"column":0},"end":{"line":50,"column":67}},"23":{"start":{"line":51,"column":0},"end":{"line":51,"column":79}},"24":{"start":{"line":52,"column":0},"end":{"line":52,"column":67}},"25":{"start":{"line":55,"column":0},"end":{"line":55,"column":34}},"26":{"start":{"line":57,"column":0},"end":{"line":73,"column":3}},"27":{"start":{"line":58,"column":2},"end":{"line":60,"column":3}},"28":{"start":{"line":59,"column":4},"end":{"line":59,"column":22}},"29":{"start":{"line":61,"column":2},"end":{"line":72,"column":3}},"30":{"start":{"line":62,"column":39},"end":{"line":62,"column":42}},"31":{"start":{"line":63,"column":4},"end":{"line":63,"column":88}},"32":{"start":{"line":63,"column":47},"end":{"line":63,"column":88}},"33":{"start":{"line":67,"column":17},"end":{"line":67,"column":70}},"34":{"start":{"line":69,"column":4},"end":{"line":69,"column":31}},"35":{"start":{"line":71,"column":4},"end":{"line":71,"column":70}}},"fnMap":{"0":{"name":"(anonymous_0)","decl":{"start":{"line":3,"column":18},"end":{"line":3,"column":19}},"loc":{"start":{"line":3,"column":27},"end":{"line":3,"column":48}},"line":3},"1":{"name":"(anonymous_1)","decl":{"start":{"line":5,"column":17},"end":{"line":5,"column":18}},"loc":{"start":{"line":5,"column":27},"end":{"line":5,"column":63}},"line":5},"2":{"name":"(anonymous_2)","decl":{"start":{"line":57,"column":8},"end":{"line":57,"column":9}},"loc":{"start":{"line":57,"column":33},"end":{"line":73,"column":1}},"line":57}},"branchMap":{"0":{"loc":{"start":{"line":58,"column":2},"end":{"line":60,"column":3}},"type":"if","locations":[{"start":{"line":58,"column":2},"end":{"line":60,"column":3}},{"start":{"line":58,"column":2},"end":{"line":60,"column":3}}],"line":58},"1":{"loc":{"start":{"line":61,"column":2},"end":{"line":72,"column":3}},"type":"if","locations":[{"start":{"line":61,"column":2},"end":{"line":72,"column":3}},{"start":{"line":61,"column":2},"end":{"line":72,"column":3}}],"line":61},"2":{"loc":{"start":{"line":63,"column":4},"end":{"line":63,"column":88}},"type":"if","locations":[{"start":{"line":63,"column":4},"end":{"line":63,"column":88}},{"start":{"line":63,"column":4},"end":{"line":63,"column":88}}],"line":63},"3":{"loc":{"start":{"line":67,"column":17},"end":{"line":67,"column":70}},"type":"cond-expr","locations":[{"start":{"line":67,"column":45},"end":{"line":67,"column":55}},{"start":{"line":67,"column":58},"end":{"line":67,"column":70}}],"line":67},"4":{"loc":{"start":{"line":71,"column":15},"end":{"line":71,"column":50}},"type":"binary-expr","locations":[{"start":{"line":71,"column":15},"end":{"line":71,"column":29}},{"start":{"line":71,"column":33},"end":{"line":71,"column":43}},{"start":{"line":71,"column":47},"end":{"line":71,"column":50}}],"line":71}},"s":{"0":1,"1":1,"2":57,"3":1,"4":57,"5":1,"6":1,"7":1,"8":1,"9":1,"10":1,"11":1,"12":1,"13":1,"14":1,"15":1,"16":1,"17":1,"18":1,"19":1,"20":1,"21":1,"22":1,"23":1,"24":1,"25":1,"26":1,"27":2,"28":0,"29":2,"30":2,"31":2,"32":2,"33":2,"34":2,"35":0},"f":{"0":57,"1":57,"2":2},"b":{"0":[0,2],"1":[2,0],"2":[2,0],"3":[2,0],"4":[0,0,0]},"_coverageSchema":"1a1c01bbd47fc00a2c39e90264f33305004495a9","hash":"029184fb5cc56555714e59719c05fc6bf32cda02","contentHash":"7d1a7dbe5a5532370bbde182c9c72c45bf2a7bbf1811957b4f11824dec81626c"},"/home/richard/Documents/Projects/kym-api/server/swagger/index.js":{"path":"/home/richard/Documents/Projects/kym-api/server/swagger/index.js","statementMap":{"0":{"start":{"line":1,"column":0},"end":{"line":1,"column":19}},"1":{"start":{"line":2,"column":20},"end":{"line":2,"column":44}},"2":{"start":{"line":3,"column":21},"end":{"line":3,"column":46}},"3":{"start":{"line":5,"column":0},"end":{"line":29,"column":2}}},"fnMap":{},"branchMap":{},"s":{"0":1,"1":1,"2":1,"3":1},"f":{},"b":{},"_coverageSchema":"1a1c01bbd47fc00a2c39e90264f33305004495a9","hash":"995fb6f7ebc70aad604a17146f54c6a1b17fb254","contentHash":"91454ca98aa361c734169ce840bd9e11901936f680ca4d698987cb36bf1db416"},"/home/richard/Documents/Projects/kym-api/server/swagger/paths.js":{"path":"/home/richard/Documents/Projects/kym-api/server/swagger/paths.js","statementMap":{"0":{"start":{"line":1,"column":0},"end":{"line":1,"column":31}}},"fnMap":{},"branchMap":{},"s":{"0":1},"f":{},"b":{},"_coverageSchema":"1a1c01bbd47fc00a2c39e90264f33305004495a9","hash":"82d60cead324dfd9cfd93ace22dd93425cd33b1f","contentHash":"140e6ec8172a6b467bdd34e30b377707d29f0f35ae2b7278d965b0ac076fbbe0"},"/home/richard/Documents/Projects/kym-api/server/api/routes/paths.js":{"path":"/home/richard/Documents/Projects/kym-api/server/api/routes/paths.js","statementMap":{"0":{"start":{"line":4,"column":0},"end":{"line":4,"column":29}},"1":{"start":{"line":5,"column":0},"end":{"line":5,"column":28}},"2":{"start":{"line":6,"column":0},"end":{"line":6,"column":29}},"3":{"start":{"line":7,"column":0},"end":{"line":7,"column":26}},"4":{"start":{"line":8,"column":0},"end":{"line":8,"column":24}},"5":{"start":{"line":9,"column":0},"end":{"line":9,"column":29}},"6":{"start":{"line":10,"column":0},"end":{"line":10,"column":31}},"7":{"start":{"line":11,"column":0},"end":{"line":11,"column":28}},"8":{"start":{"line":12,"column":0},"end":{"line":12,"column":25}},"9":{"start":{"line":13,"column":0},"end":{"line":13,"column":28}},"10":{"start":{"line":14,"column":0},"end":{"line":14,"column":27}}},"fnMap":{},"branchMap":{},"s":{"0":1,"1":1,"2":1,"3":1,"4":1,"5":1,"6":1,"7":1,"8":1,"9":1,"10":1},"f":{},"b":{},"_coverageSchema":"1a1c01bbd47fc00a2c39e90264f33305004495a9","hash":"c7c7ddc5fb4ec5a231ead80566f35441dade99a6","contentHash":"6281d05ee31bfb46862e16a206e43a9c0ecc37e277a9eddb6f1ce2793adaed80"},"/home/richard/Documents/Projects/kym-api/server/api/routes/calculate/paths.js":{"path":"/home/richard/Documents/Projects/kym-api/server/api/routes/calculate/paths.js","statementMap":{"0":{"start":{"line":1,"column":21},"end":{"line":1,"column":52}},"1":{"start":{"line":3,"column":0},"end":{"line":62,"column":3}},"2":{"start":{"line":64,"column":0},"end":{"line":89,"column":3}}},"fnMap":{},"branchMap":{},"s":{"0":1,"1":1,"2":1},"f":{},"b":{},"_coverageSchema":"1a1c01bbd47fc00a2c39e90264f33305004495a9","hash":"46a694980a217a3ee3d63777db1a2386f5d90238","contentHash":"f3d7f8246f541968ef85e305ab5f8d1361055905ef5e6c5442e9cc7dd5d4cb35"},"/home/richard/Documents/Projects/kym-api/server/swagger/swaggerPaths.js":{"path":"/home/richard/Documents/Projects/kym-api/server/swagger/swaggerPaths.js","statementMap":{"0":{"start":{"line":1,"column":21},"end":{"line":77,"column":4}},"1":{"start":{"line":2,"column":14},"end":{"line":2,"column":16}},"2":{"start":{"line":4,"column":2},"end":{"line":8,"column":4}},"3":{"start":{"line":18,"column":16},"end":{"line":18,"column":18}},"4":{"start":{"line":19,"column":15},"end":{"line":19,"column":26}},"5":{"start":{"line":20,"column":4},"end":{"line":22,"column":5}},"6":{"start":{"line":21,"column":6},"end":{"line":21,"column":31}},"7":{"start":{"line":23,"column":4},"end":{"line":23,"column":25}},"8":{"start":{"line":24,"column":4},"end":{"line":24,"column":19}},"9":{"start":{"line":28,"column":21},"end":{"line":35,"column":5}},"10":{"start":{"line":36,"column":4},"end":{"line":36,"column":50}},"11":{"start":{"line":40,"column":4},"end":{"line":40,"column":17}},"12":{"start":{"line":46,"column":4},"end":{"line":46,"column":46}},"13":{"start":{"line":50,"column":21},"end":{"line":50,"column":45}},"14":{"start":{"line":51,"column":17},"end":{"line":51,"column":47}},"15":{"start":{"line":52,"column":4},"end":{"line":74,"column":7}},"16":{"start":{"line":53,"column":6},"end":{"line":55,"column":7}},"17":{"start":{"line":54,"column":8},"end":{"line":54,"column":38}},"18":{"start":{"line":56,"column":6},"end":{"line":58,"column":7}},"19":{"start":{"line":57,"column":8},"end":{"line":57,"column":37}},"20":{"start":{"line":59,"column":6},"end":{"line":61,"column":7}},"21":{"start":{"line":60,"column":8},"end":{"line":60,"column":36}},"22":{"start":{"line":62,"column":6},"end":{"line":62,"column":40}},"23":{"start":{"line":63,"column":6},"end":{"line":70,"column":9}},"24":{"start":{"line":71,"column":6},"end":{"line":73,"column":8}},"25":{"start":{"line":75,"column":4},"end":{"line":75,"column":16}},"26":{"start":{"line":79,"column":0},"end":{"line":79,"column":30}}},"fnMap":{"0":{"name":"(anonymous_0)","decl":{"start":{"line":1,"column":22},"end":{"line":1,"column":23}},"loc":{"start":{"line":1,"column":28},"end":{"line":77,"column":1}},"line":1},"1":{"name":"addPath","decl":{"start":{"line":17,"column":11},"end":{"line":17,"column":18}},"loc":{"start":{"line":17,"column":51},"end":{"line":25,"column":3}},"line":17},"2":{"name":"httpStatus","decl":{"start":{"line":27,"column":11},"end":{"line":27,"column":21}},"loc":{"start":{"line":27,"column":43},"end":{"line":37,"column":3}},"line":27},"3":{"name":"showPaths","decl":{"start":{"line":39,"column":11},"end":{"line":39,"column":20}},"loc":{"start":{"line":39,"column":23},"end":{"line":41,"column":3}},"line":39},"4":{"name":"mergePath","decl":{"start":{"line":45,"column":11},"end":{"line":45,"column":20}},"loc":{"start":{"line":45,"column":30},"end":{"line":47,"column":3}},"line":45},"5":{"name":"protectPath","decl":{"start":{"line":49,"column":11},"end":{"line":49,"column":22}},"loc":{"start":{"line":49,"column":36},"end":{"line":76,"column":3}},"line":49},"6":{"name":"(anonymous_6)","decl":{"start":{"line":52,"column":21},"end":{"line":52,"column":22}},"loc":{"start":{"line":52,"column":34},"end":{"line":74,"column":5}},"line":52}},"branchMap":{"0":{"loc":{"start":{"line":20,"column":4},"end":{"line":22,"column":5}},"type":"if","locations":[{"start":{"line":20,"column":4},"end":{"line":22,"column":5}},{"start":{"line":20,"column":4},"end":{"line":22,"column":5}}],"line":20},"1":{"loc":{"start":{"line":20,"column":8},"end":{"line":20,"column":36}},"type":"binary-expr","locations":[{"start":{"line":20,"column":8},"end":{"line":20,"column":15}},{"start":{"line":20,"column":19},"end":{"line":20,"column":36}}],"line":20},"2":{"loc":{"start":{"line":53,"column":6},"end":{"line":55,"column":7}},"type":"if","locations":[{"start":{"line":53,"column":6},"end":{"line":55,"column":7}},{"start":{"line":53,"column":6},"end":{"line":55,"column":7}}],"line":53},"3":{"loc":{"start":{"line":56,"column":6},"end":{"line":58,"column":7}},"type":"if","locations":[{"start":{"line":56,"column":6},"end":{"line":58,"column":7}},{"start":{"line":56,"column":6},"end":{"line":58,"column":7}}],"line":56},"4":{"loc":{"start":{"line":59,"column":6},"end":{"line":61,"column":7}},"type":"if","locations":[{"start":{"line":59,"column":6},"end":{"line":61,"column":7}},{"start":{"line":59,"column":6},"end":{"line":61,"column":7}}],"line":59}},"s":{"0":1,"1":1,"2":1,"3":19,"4":19,"5":19,"6":15,"7":19,"8":19,"9":33,"10":33,"11":1,"12":19,"13":15,"14":15,"15":15,"16":19,"17":3,"18":19,"19":2,"20":19,"21":19,"22":19,"23":19,"24":19,"25":15,"26":1},"f":{"0":1,"1":19,"2":33,"3":1,"4":19,"5":15,"6":19},"b":{"0":[15,4],"1":[19,15],"2":[3,16],"3":[2,17],"4":[19,0]},"_coverageSchema":"1a1c01bbd47fc00a2c39e90264f33305004495a9","hash":"72093f56180dad2c540aa204ce62f383fcaaae89","contentHash":"bc2847374a03ed7141aef10e9d2461dadfbd07a40c84713740e3d0e5783bafec"},"/home/richard/Documents/Projects/kym-api/server/api/routes/database/paths.js":{"path":"/home/richard/Documents/Projects/kym-api/server/api/routes/database/paths.js","statementMap":{"0":{"start":{"line":1,"column":21},"end":{"line":1,"column":52}},"1":{"start":{"line":3,"column":0},"end":{"line":43,"column":3}}},"fnMap":{},"branchMap":{},"s":{"0":1,"1":1},"f":{},"b":{},"_coverageSchema":"1a1c01bbd47fc00a2c39e90264f33305004495a9","hash":"ba6ac3434a0fc549107bc5eecf59bb5bb1b13494","contentHash":"aee0528e4db1cc7f7b00645596534179b97e0fac14d32f95ff05fbbf1ee08d2d"},"/home/richard/Documents/Projects/kym-api/server/api/routes/favorites/paths.js":{"path":"/home/richard/Documents/Projects/kym-api/server/api/routes/favorites/paths.js","statementMap":{"0":{"start":{"line":1,"column":21},"end":{"line":1,"column":52}},"1":{"start":{"line":2,"column":18},"end":{"line":2,"column":55}},"2":{"start":{"line":4,"column":0},"end":{"line":101,"column":3}}},"fnMap":{},"branchMap":{},"s":{"0":1,"1":1,"2":1},"f":{},"b":{},"_coverageSchema":"1a1c01bbd47fc00a2c39e90264f33305004495a9","hash":"eb3759b5148a49b2990da52aa0ce1aeca2939684","contentHash":"2b14d342735afbff07363bf100e0376fedf99ee8d6adf9b856fc1cdb92d2b615"},"/home/richard/Documents/Projects/kym-api/server/swagger/definitions/Abbrev.js":{"path":"/home/richard/Documents/Projects/kym-api/server/swagger/definitions/Abbrev.js","statementMap":{"0":{"start":{"line":1,"column":0},"end":{"line":80,"column":2}}},"fnMap":{},"branchMap":{},"s":{"0":1},"f":{},"b":{},"_coverageSchema":"1a1c01bbd47fc00a2c39e90264f33305004495a9","hash":"de088da2f2558fa7245339f11a23586333a3163e","contentHash":"6d2c11836db592262d9ec026ef9ad8083ee1f45d2dfdda853cb9667907e23c78"},"/home/richard/Documents/Projects/kym-api/server/api/routes/fitbit/paths.js":{"path":"/home/richard/Documents/Projects/kym-api/server/api/routes/fitbit/paths.js","statementMap":{"0":{"start":{"line":1,"column":21},"end":{"line":1,"column":52}},"1":{"start":{"line":3,"column":0},"end":{"line":38,"column":3}}},"fnMap":{},"branchMap":{},"s":{"0":1,"1":1},"f":{},"b":{},"_coverageSchema":"1a1c01bbd47fc00a2c39e90264f33305004495a9","hash":"efec5f696f8db4a68771a07c0f3a3a7598482103","contentHash":"129fddcecbe36b9ea93269cf2906f50dc50fd0e796e8c76994417caeaa401ce0"},"/home/richard/Documents/Projects/kym-api/server/api/routes/food/paths.js":{"path":"/home/richard/Documents/Projects/kym-api/server/api/routes/food/paths.js","statementMap":{"0":{"start":{"line":1,"column":21},"end":{"line":1,"column":52}},"1":{"start":{"line":3,"column":0},"end":{"line":53,"column":3}},"2":{"start":{"line":55,"column":0},"end":{"line":131,"column":3}}},"fnMap":{},"branchMap":{},"s":{"0":1,"1":1,"2":1},"f":{},"b":{},"_coverageSchema":"1a1c01bbd47fc00a2c39e90264f33305004495a9","hash":"2e8513042e260c394e1d4487d12ec1b261f477cb","contentHash":"1c2d3e2195918fd3d081202c3e18e5223e10ee49ef834d02ab944a1130d79c32"},"/home/richard/Documents/Projects/kym-api/server/api/routes/foodmicro/paths.js":{"path":"/home/richard/Documents/Projects/kym-api/server/api/routes/foodmicro/paths.js","statementMap":{"0":{"start":{"line":1,"column":21},"end":{"line":1,"column":52}},"1":{"start":{"line":3,"column":0},"end":{"line":14,"column":3}}},"fnMap":{},"branchMap":{},"s":{"0":1,"1":1},"f":{},"b":{},"_coverageSchema":"1a1c01bbd47fc00a2c39e90264f33305004495a9","hash":"d91819420ca3c5f508d13a7f3bd0623409a06b32","contentHash":"7b6d008bdd504fb300288baa78a1f126f968ce6f6aa0f7af2a74053d23cc83a4"},"/home/richard/Documents/Projects/kym-api/server/api/routes/food-record/paths.js":{"path":"/home/richard/Documents/Projects/kym-api/server/api/routes/food-record/paths.js","statementMap":{"0":{"start":{"line":1,"column":21},"end":{"line":1,"column":52}},"1":{"start":{"line":3,"column":0},"end":{"line":31,"column":3}},"2":{"start":{"line":33,"column":0},"end":{"line":118,"column":3}},"3":{"start":{"line":120,"column":0},"end":{"line":146,"column":3}},"4":{"start":{"line":148,"column":0},"end":{"line":194,"column":3}},"5":{"start":{"line":196,"column":0},"end":{"line":214,"column":3}}},"fnMap":{},"branchMap":{},"s":{"0":1,"1":1,"2":1,"3":1,"4":1,"5":1},"f":{},"b":{},"_coverageSchema":"1a1c01bbd47fc00a2c39e90264f33305004495a9","hash":"d015877e1845bda66f73dcaac4dee29d51776082","contentHash":"a8dc074e8db5114f128fa3c9ac36cb775c2eafabf30d85cab6d672eb50a9e66a"},"/home/richard/Documents/Projects/kym-api/server/api/routes/generate/paths.js":{"path":"/home/richard/Documents/Projects/kym-api/server/api/routes/generate/paths.js","statementMap":{"0":{"start":{"line":1,"column":21},"end":{"line":1,"column":52}},"1":{"start":{"line":3,"column":0},"end":{"line":19,"column":3}},"2":{"start":{"line":21,"column":0},"end":{"line":40,"column":3}}},"fnMap":{},"branchMap":{},"s":{"0":1,"1":1,"2":1},"f":{},"b":{},"_coverageSchema":"1a1c01bbd47fc00a2c39e90264f33305004495a9","hash":"2aad9ba3bffb338756befd76eb7a65cd7582dd5e","contentHash":"5d421c8ed855b1a52fdbd6a8f9898e0ec77ecbbabaff243504ba5a143e9c4c2e"},"/home/richard/Documents/Projects/kym-api/server/api/routes/goals/paths.js":{"path":"/home/richard/Documents/Projects/kym-api/server/api/routes/goals/paths.js","statementMap":{"0":{"start":{"line":1,"column":24},"end":{"line":1,"column":42}},"1":{"start":{"line":2,"column":21},"end":{"line":2,"column":52}},"2":{"start":{"line":4,"column":0},"end":{"line":75,"column":3}}},"fnMap":{},"branchMap":{},"s":{"0":1,"1":1,"2":1},"f":{},"b":{},"_coverageSchema":"1a1c01bbd47fc00a2c39e90264f33305004495a9","hash":"61ad9b11ee41db6151d00d7de42d2bd88678906d","contentHash":"785805b2008cc8e53ebdd69185da310b1a5c6fff3004af97c7a231abe4b12c7f"},"/home/richard/Documents/Projects/kym-api/server/api/routes/programs/paths.js":{"path":"/home/richard/Documents/Projects/kym-api/server/api/routes/programs/paths.js","statementMap":{"0":{"start":{"line":1,"column":21},"end":{"line":1,"column":52}},"1":{"start":{"line":3,"column":0},"end":{"line":44,"column":3}}},"fnMap":{},"branchMap":{},"s":{"0":1,"1":1},"f":{},"b":{},"_coverageSchema":"1a1c01bbd47fc00a2c39e90264f33305004495a9","hash":"3ae9c20dcda292d459285cbc4a37cf699953f183","contentHash":"bc5b8c8d6806b341da6b350ccee2d2157e429abb48d2dd50c33f727c3e94c65a"},"/home/richard/Documents/Projects/kym-api/server/api/routes/session/paths.js":{"path":"/home/richard/Documents/Projects/kym-api/server/api/routes/session/paths.js","statementMap":{"0":{"start":{"line":1,"column":21},"end":{"line":1,"column":52}},"1":{"start":{"line":3,"column":0},"end":{"line":18,"column":3}},"2":{"start":{"line":20,"column":0},"end":{"line":48,"column":3}}},"fnMap":{},"branchMap":{},"s":{"0":1,"1":1,"2":1},"f":{},"b":{},"_coverageSchema":"1a1c01bbd47fc00a2c39e90264f33305004495a9","hash":"520d44c6e74400c49bf1b18fa1f5aa123e02b3c5","contentHash":"8ffde6411195ea5584df91ad6e604c2bc21187089913b3dd067431b9166276b4"},"/home/richard/Documents/Projects/kym-api/server/swagger/definitions/index.js":{"path":"/home/richard/Documents/Projects/kym-api/server/swagger/definitions/index.js","statementMap":{"0":{"start":{"line":1,"column":15},"end":{"line":1,"column":34}},"1":{"start":{"line":2,"column":20},"end":{"line":2,"column":44}},"2":{"start":{"line":3,"column":19},"end":{"line":3,"column":42}},"3":{"start":{"line":4,"column":13},"end":{"line":4,"column":30}},"4":{"start":{"line":5,"column":13},"end":{"line":5,"column":30}},"5":{"start":{"line":6,"column":24},"end":{"line":6,"column":52}},"6":{"start":{"line":7,"column":20},"end":{"line":7,"column":44}},"7":{"start":{"line":8,"column":16},"end":{"line":8,"column":36}},"8":{"start":{"line":9,"column":13},"end":{"line":9,"column":30}},"9":{"start":{"line":10,"column":15},"end":{"line":10,"column":34}},"10":{"start":{"line":12,"column":20},"end":{"line":23,"column":1}},"11":{"start":{"line":25,"column":0},"end":{"line":25,"column":29}}},"fnMap":{},"branchMap":{},"s":{"0":1,"1":1,"2":1,"3":1,"4":1,"5":1,"6":1,"7":1,"8":1,"9":1,"10":1,"11":1},"f":{},"b":{},"_coverageSchema":"1a1c01bbd47fc00a2c39e90264f33305004495a9","hash":"a6c928bc747a8fc80dcb29c5f932145c87f2ac64","contentHash":"0aeca7a06b51c00325707c0e7fc03784f363990419136271b9f5c13f8eec01d1"},"/home/richard/Documents/Projects/kym-api/server/swagger/definitions/AbbrevMicro.js":{"path":"/home/richard/Documents/Projects/kym-api/server/swagger/definitions/AbbrevMicro.js","statementMap":{"0":{"start":{"line":1,"column":0},"end":{"line":189,"column":2}}},"fnMap":{},"branchMap":{},"s":{"0":1},"f":{},"b":{},"_coverageSchema":"1a1c01bbd47fc00a2c39e90264f33305004495a9","hash":"9a5496e52242db35bfccd7a4560e97e43194e06e","contentHash":"8160928b8db5b11ed98bcb839ddc2eccd463b91da20964bb44eed85e375715ce"},"/home/richard/Documents/Projects/kym-api/server/swagger/definitions/FoodRecord.js":{"path":"/home/richard/Documents/Projects/kym-api/server/swagger/definitions/FoodRecord.js","statementMap":{"0":{"start":{"line":1,"column":24},"end":{"line":1,"column":42}},"1":{"start":{"line":3,"column":0},"end":{"line":127,"column":2}}},"fnMap":{},"branchMap":{},"s":{"0":1,"1":1},"f":{},"b":{},"_coverageSchema":"1a1c01bbd47fc00a2c39e90264f33305004495a9","hash":"1a42613c42b750afec274bcc51dbedcd6ac99cf2","contentHash":"a2494bd5ddd98c44970dddd7a28501bf727cae89ac121baa84a6eefa2ee79620"},"/home/richard/Documents/Projects/kym-api/server/swagger/definitions/Goal.js":{"path":"/home/richard/Documents/Projects/kym-api/server/swagger/definitions/Goal.js","statementMap":{"0":{"start":{"line":1,"column":0},"end":{"line":20,"column":2}}},"fnMap":{},"branchMap":{},"s":{"0":1},"f":{},"b":{},"_coverageSchema":"1a1c01bbd47fc00a2c39e90264f33305004495a9","hash":"f86de52175e33ed709fa015bf6dd18c6ff526fe0","contentHash":"9812696c859afb47c29b8bdc4f4a1ef6a30a438cf1c778681a1174020acc8617"},"/home/richard/Documents/Projects/kym-api/server/swagger/definitions/Meal.js":{"path":"/home/richard/Documents/Projects/kym-api/server/swagger/definitions/Meal.js","statementMap":{"0":{"start":{"line":1,"column":24},"end":{"line":1,"column":42}},"1":{"start":{"line":3,"column":0},"end":{"line":44,"column":2}}},"fnMap":{},"branchMap":{},"s":{"0":1,"1":1},"f":{},"b":{},"_coverageSchema":"1a1c01bbd47fc00a2c39e90264f33305004495a9","hash":"138e4de310e495a759febc132a390fc66ad390b4","contentHash":"df7549766631ca75671fda12270e61735ff401ff92235c92541c953d96dbbcce"},"/home/richard/Documents/Projects/kym-api/server/swagger/definitions/MealCalculation.js":{"path":"/home/richard/Documents/Projects/kym-api/server/swagger/definitions/MealCalculation.js","statementMap":{"0":{"start":{"line":1,"column":0},"end":{"line":54,"column":2}}},"fnMap":{},"branchMap":{},"s":{"0":1},"f":{},"b":{},"_coverageSchema":"1a1c01bbd47fc00a2c39e90264f33305004495a9","hash":"1f7270981ce02d6fdc1d7d8f24e596803c784ea2","contentHash":"ff79de0fe67ed32219f910270dd84f39ab8446dc5e28502ee678c3b5f8aa23d9"},"/home/richard/Documents/Projects/kym-api/server/swagger/definitions/Measurement.js":{"path":"/home/richard/Documents/Projects/kym-api/server/swagger/definitions/Measurement.js","statementMap":{"0":{"start":{"line":1,"column":24},"end":{"line":1,"column":42}},"1":{"start":{"line":3,"column":0},"end":{"line":51,"column":2}}},"fnMap":{},"branchMap":{},"s":{"0":1,"1":1},"f":{},"b":{},"_coverageSchema":"1a1c01bbd47fc00a2c39e90264f33305004495a9","hash":"f14273a874db5b7506de04fd7610135e40022eb4","contentHash":"708df7ecedec42aa9a2fb472b293ba86d928bc16bacfb814f9cad61e993d3df0"},"/home/richard/Documents/Projects/kym-api/server/swagger/definitions/Program.js":{"path":"/home/richard/Documents/Projects/kym-api/server/swagger/definitions/Program.js","statementMap":{"0":{"start":{"line":1,"column":24},"end":{"line":1,"column":42}},"1":{"start":{"line":3,"column":0},"end":{"line":51,"column":2}}},"fnMap":{},"branchMap":{},"s":{"0":1,"1":1},"f":{},"b":{},"_coverageSchema":"1a1c01bbd47fc00a2c39e90264f33305004495a9","hash":"e3c15972a466b9b1d77492861a78293e797bf99c","contentHash":"371ca129f39c2019f1f9f12cf9594c74380e82138e8c023b20bbae4f2d4b84bf"},"/home/richard/Documents/Projects/kym-api/server/swagger/definitions/User.js":{"path":"/home/richard/Documents/Projects/kym-api/server/swagger/definitions/User.js","statementMap":{"0":{"start":{"line":1,"column":24},"end":{"line":1,"column":42}},"1":{"start":{"line":3,"column":0},"end":{"line":91,"column":2}}},"fnMap":{},"branchMap":{},"s":{"0":1,"1":1},"f":{},"b":{},"_coverageSchema":"1a1c01bbd47fc00a2c39e90264f33305004495a9","hash":"274fba551aab79cb1018680f52cc2c2aee305db4","contentHash":"75112a2965ab4bd0026ae8a8a912e2a4e3ed618bb711f135db43e182fa5188e9"},"/home/richard/Documents/Projects/kym-api/server/swagger/definitions/Weight.js":{"path":"/home/richard/Documents/Projects/kym-api/server/swagger/definitions/Weight.js","statementMap":{"0":{"start":{"line":1,"column":0},"end":{"line":54,"column":2}}},"fnMap":{},"branchMap":{},"s":{"0":1},"f":{},"b":{},"_coverageSchema":"1a1c01bbd47fc00a2c39e90264f33305004495a9","hash":"871c0503217f801a6fd31be9573a7275c6e69d19","contentHash":"36962f35fe10d7d1881a6f64e4a5a69c366ab1363ee61940512197c9d798324a"},"/home/richard/Documents/Projects/kym-api/server/configure/app-variables.js":{"path":"/home/richard/Documents/Projects/kym-api/server/configure/app-variables.js","statementMap":{"0":{"start":{"line":1,"column":13},"end":{"line":1,"column":28}},"1":{"start":{"line":3,"column":17},"end":{"line":3,"column":47}},"2":{"start":{"line":4,"column":19},"end":{"line":4,"column":46}},"3":{"start":{"line":6,"column":15},"end":{"line":6,"column":37}},"4":{"start":{"line":7,"column":14},"end":{"line":7,"column":36}},"5":{"start":{"line":17,"column":0},"end":{"line":23,"column":2}},"6":{"start":{"line":18,"column":2},"end":{"line":18,"column":35}},"7":{"start":{"line":19,"column":2},"end":{"line":19,"column":31}},"8":{"start":{"line":20,"column":2},"end":{"line":20,"column":36}},"9":{"start":{"line":21,"column":2},"end":{"line":21,"column":26}},"10":{"start":{"line":22,"column":2},"end":{"line":22,"column":44}}},"fnMap":{"0":{"name":"(anonymous_0)","decl":{"start":{"line":17,"column":17},"end":{"line":17,"column":18}},"loc":{"start":{"line":17,"column":26},"end":{"line":23,"column":1}},"line":17}},"branchMap":{"0":{"loc":{"start":{"line":22,"column":18},"end":{"line":22,"column":42}},"type":"binary-expr","locations":[{"start":{"line":22,"column":18},"end":{"line":22,"column":34}},{"start":{"line":22,"column":38},"end":{"line":22,"column":42}}],"line":22}},"s":{"0":1,"1":1,"2":1,"3":1,"4":1,"5":1,"6":1,"7":1,"8":1,"9":1,"10":1},"f":{"0":1},"b":{"0":[1,1]},"_coverageSchema":"1a1c01bbd47fc00a2c39e90264f33305004495a9","hash":"2c2ef8ff5575c33298a5f132ff793599b936bae5","contentHash":"88e00fc74914ad092c3d9ea3fc5a945ab690665155c48cd186fe33fc2a1825c4"},"/home/richard/Documents/Projects/kym-api/server/configure/oauthInfo.js":{"path":"/home/richard/Documents/Projects/kym-api/server/configure/oauthInfo.js","statementMap":{"0":{"start":{"line":13,"column":19},"end":{"line":17,"column":1}},"1":{"start":{"line":19,"column":0},"end":{"line":19,"column":111}},"2":{"start":{"line":21,"column":19},"end":{"line":29,"column":1}},"3":{"start":{"line":31,"column":0},"end":{"line":34,"column":2}}},"fnMap":{},"branchMap":{},"s":{"0":1,"1":1,"2":1,"3":1},"f":{},"b":{},"_coverageSchema":"1a1c01bbd47fc00a2c39e90264f33305004495a9","hash":"7ba6645130ba486f783565d0bafd57b1189ec0d1","contentHash":"babe6b1a104339e66e05159315eedbce42c637a51add23f43008f2d7313ffdbc"},"/home/richard/Documents/Projects/kym-api/server/configure/raven.js":{"path":"/home/richard/Documents/Projects/kym-api/server/configure/raven.js","statementMap":{"0":{"start":{"line":1,"column":14},"end":{"line":1,"column":30}},"1":{"start":{"line":4,"column":2},"end":{"line":13,"column":3}},"2":{"start":{"line":5,"column":16},"end":{"line":5,"column":37}},"3":{"start":{"line":6,"column":4},"end":{"line":6,"column":32}},"4":{"start":{"line":9,"column":4},"end":{"line":9,"column":36}},"5":{"start":{"line":12,"column":4},"end":{"line":12,"column":34}},"6":{"start":{"line":16,"column":0},"end":{"line":16,"column":32}}},"fnMap":{"0":{"name":"configureRaven","decl":{"start":{"line":3,"column":9},"end":{"line":3,"column":23}},"loc":{"start":{"line":3,"column":29},"end":{"line":14,"column":1}},"line":3}},"branchMap":{"0":{"loc":{"start":{"line":4,"column":2},"end":{"line":13,"column":3}},"type":"if","locations":[{"start":{"line":4,"column":2},"end":{"line":13,"column":3}},{"start":{"line":4,"column":2},"end":{"line":13,"column":3}}],"line":4}},"s":{"0":1,"1":1,"2":0,"3":0,"4":0,"5":0,"6":1},"f":{"0":1},"b":{"0":[0,1]},"_coverageSchema":"1a1c01bbd47fc00a2c39e90264f33305004495a9","hash":"f973a3db4806f1a5f403b5b7cef7793da7525952","contentHash":"741072dce56de508d50ad82936b4075eca7d35371686255d6a60e89f278d433c"},"/home/richard/Documents/Projects/kym-api/server/api/index.js":{"path":"/home/richard/Documents/Projects/kym-api/server/api/index.js","statementMap":{"0":{"start":{"line":8,"column":15},"end":{"line":8,"column":38}},"1":{"start":{"line":9,"column":15},"end":{"line":9,"column":42}},"2":{"start":{"line":10,"column":17},"end":{"line":10,"column":32}},"3":{"start":{"line":11,"column":12},"end":{"line":11,"column":33}},"4":{"start":{"line":12,"column":14},"end":{"line":12,"column":30}},"5":{"start":{"line":13,"column":28},"end":{"line":13,"column":46}},"6":{"start":{"line":14,"column":20},"end":{"line":14,"column":56}},"7":{"start":{"line":16,"column":17},"end":{"line":16,"column":34}},"8":{"start":{"line":19,"column":24},"end":{"line":19,"column":53}},"9":{"start":{"line":20,"column":23},"end":{"line":20,"column":51}},"10":{"start":{"line":21,"column":18},"end":{"line":21,"column":41}},"11":{"start":{"line":22,"column":24},"end":{"line":22,"column":53}},"12":{"start":{"line":23,"column":21},"end":{"line":23,"column":47}},"13":{"start":{"line":24,"column":19},"end":{"line":24,"column":43}},"14":{"start":{"line":25,"column":25},"end":{"line":25,"column":56}},"15":{"start":{"line":26,"column":24},"end":{"line":26,"column":53}},"16":{"start":{"line":27,"column":25},"end":{"line":27,"column":56}},"17":{"start":{"line":28,"column":23},"end":{"line":28,"column":51}},"18":{"start":{"line":29,"column":20},"end":{"line":29,"column":45}},"19":{"start":{"line":30,"column":19},"end":{"line":30,"column":43}},"20":{"start":{"line":31,"column":24},"end":{"line":31,"column":54}},"21":{"start":{"line":32,"column":23},"end":{"line":32,"column":51}},"22":{"start":{"line":33,"column":22},"end":{"line":33,"column":49}},"23":{"start":{"line":34,"column":27},"end":{"line":34,"column":60}},"24":{"start":{"line":35,"column":19},"end":{"line":35,"column":43}},"25":{"start":{"line":36,"column":31},"end":{"line":36,"column":68}},"26":{"start":{"line":41,"column":19},"end":{"line":44,"column":1}},"27":{"start":{"line":46,"column":0},"end":{"line":76,"column":3}},"28":{"start":{"line":47,"column":2},"end":{"line":75,"column":3}},"29":{"start":{"line":48,"column":4},"end":{"line":50,"column":6}},"30":{"start":{"line":55,"column":4},"end":{"line":58,"column":5}},"31":{"start":{"line":56,"column":6},"end":{"line":56,"column":13}},"32":{"start":{"line":57,"column":6},"end":{"line":57,"column":13}},"33":{"start":{"line":60,"column":22},"end":{"line":60,"column":33}},"34":{"start":{"line":61,"column":38},"end":{"line":61,"column":67}},"35":{"start":{"line":62,"column":4},"end":{"line":62,"column":57}},"36":{"start":{"line":63,"column":4},"end":{"line":63,"column":11}},"37":{"start":{"line":65,"column":4},"end":{"line":65,"column":44}},"38":{"start":{"line":66,"column":4},"end":{"line":74,"column":5}},"39":{"start":{"line":67,"column":6},"end":{"line":71,"column":8}},"40":{"start":{"line":73,"column":6},"end":{"line":73,"column":40}},"41":{"start":{"line":78,"column":0},"end":{"line":81,"column":3}},"42":{"start":{"line":79,"column":2},"end":{"line":79,"column":49}},"43":{"start":{"line":80,"column":2},"end":{"line":80,"column":9}},"44":{"start":{"line":83,"column":0},"end":{"line":83,"column":32}},"45":{"start":{"line":84,"column":0},"end":{"line":84,"column":42}},"46":{"start":{"line":85,"column":0},"end":{"line":85,"column":40}},"47":{"start":{"line":86,"column":0},"end":{"line":86,"column":30}},"48":{"start":{"line":87,"column":0},"end":{"line":87,"column":42}},"49":{"start":{"line":88,"column":0},"end":{"line":88,"column":36}},"50":{"start":{"line":89,"column":0},"end":{"line":89,"column":32}},"51":{"start":{"line":90,"column":0},"end":{"line":90,"column":45}},"52":{"start":{"line":91,"column":0},"end":{"line":91,"column":42}},"53":{"start":{"line":92,"column":0},"end":{"line":92,"column":45}},"54":{"start":{"line":93,"column":0},"end":{"line":93,"column":40}},"55":{"start":{"line":94,"column":0},"end":{"line":94,"column":34}},"56":{"start":{"line":95,"column":0},"end":{"line":95,"column":32}},"57":{"start":{"line":96,"column":0},"end":{"line":96,"column":43}},"58":{"start":{"line":97,"column":0},"end":{"line":97,"column":40}},"59":{"start":{"line":98,"column":0},"end":{"line":98,"column":38}},"60":{"start":{"line":99,"column":0},"end":{"line":99,"column":49}},"61":{"start":{"line":100,"column":0},"end":{"line":100,"column":57}},"62":{"start":{"line":102,"column":0},"end":{"line":102,"column":24}},"63":{"start":{"line":110,"column":2},"end":{"line":110,"column":36}},"64":{"start":{"line":111,"column":14},"end":{"line":111,"column":35}},"65":{"start":{"line":112,"column":22},"end":{"line":112,"column":57}},"66":{"start":{"line":113,"column":2},"end":{"line":113,"column":64}},"67":{"start":{"line":114,"column":2},"end":{"line":116,"column":3}},"68":{"start":{"line":115,"column":4},"end":{"line":115,"column":23}},"69":{"start":{"line":118,"column":2},"end":{"line":118,"column":33}},"70":{"start":{"line":119,"column":2},"end":{"line":121,"column":3}},"71":{"start":{"line":120,"column":4},"end":{"line":120,"column":40}},"72":{"start":{"line":123,"column":17},"end":{"line":123,"column":39}},"73":{"start":{"line":124,"column":18},"end":{"line":124,"column":43}},"74":{"start":{"line":126,"column":2},"end":{"line":126,"column":56}},"75":{"start":{"line":128,"column":17},"end":{"line":128,"column":44}},"76":{"start":{"line":129,"column":19},"end":{"line":129,"column":26}},"77":{"start":{"line":130,"column":15},"end":{"line":130,"column":40}},"78":{"start":{"line":132,"column":2},"end":{"line":134,"column":3}},"79":{"start":{"line":133,"column":4},"end":{"line":133,"column":40}},"80":{"start":{"line":136,"column":2},"end":{"line":136,"column":57}},"81":{"start":{"line":137,"column":2},"end":{"line":137,"column":17}}},"fnMap":{"0":{"name":"authMiddleware","decl":{"start":{"line":46,"column":26},"end":{"line":46,"column":40}},"loc":{"start":{"line":46,"column":57},"end":{"line":76,"column":1}},"line":46},"1":{"name":"(anonymous_1)","decl":{"start":{"line":78,"column":11},"end":{"line":78,"column":12}},"loc":{"start":{"line":78,"column":31},"end":{"line":81,"column":1}},"line":78},"2":{"name":"checkSecureRoute","decl":{"start":{"line":109,"column":15},"end":{"line":109,"column":31}},"loc":{"start":{"line":109,"column":39},"end":{"line":138,"column":1}},"line":109}},"branchMap":{"0":{"loc":{"start":{"line":55,"column":4},"end":{"line":58,"column":5}},"type":"if","locations":[{"start":{"line":55,"column":4},"end":{"line":58,"column":5}},{"start":{"line":55,"column":4},"end":{"line":58,"column":5}}],"line":55},"1":{"loc":{"start":{"line":66,"column":4},"end":{"line":74,"column":5}},"type":"if","locations":[{"start":{"line":66,"column":4},"end":{"line":74,"column":5}},{"start":{"line":66,"column":4},"end":{"line":74,"column":5}}],"line":66},"2":{"loc":{"start":{"line":114,"column":2},"end":{"line":116,"column":3}},"type":"if","locations":[{"start":{"line":114,"column":2},"end":{"line":116,"column":3}},{"start":{"line":114,"column":2},"end":{"line":116,"column":3}}],"line":114},"3":{"loc":{"start":{"line":114,"column":6},"end":{"line":114,"column":40}},"type":"binary-expr","locations":[{"start":{"line":114,"column":6},"end":{"line":114,"column":17}},{"start":{"line":114,"column":21},"end":{"line":114,"column":40}}],"line":114},"4":{"loc":{"start":{"line":119,"column":2},"end":{"line":121,"column":3}},"type":"if","locations":[{"start":{"line":119,"column":2},"end":{"line":121,"column":3}},{"start":{"line":119,"column":2},"end":{"line":121,"column":3}}],"line":119},"5":{"loc":{"start":{"line":119,"column":6},"end":{"line":119,"column":43}},"type":"binary-expr","locations":[{"start":{"line":119,"column":6},"end":{"line":119,"column":12}},{"start":{"line":119,"column":16},"end":{"line":119,"column":43}}],"line":119},"6":{"loc":{"start":{"line":128,"column":17},"end":{"line":128,"column":44}},"type":"binary-expr","locations":[{"start":{"line":128,"column":17},"end":{"line":128,"column":27}},{"start":{"line":128,"column":31},"end":{"line":128,"column":44}}],"line":128},"7":{"loc":{"start":{"line":132,"column":2},"end":{"line":134,"column":3}},"type":"if","locations":[{"start":{"line":132,"column":2},"end":{"line":134,"column":3}},{"start":{"line":132,"column":2},"end":{"line":134,"column":3}}],"line":132}},"s":{"0":1,"1":1,"2":1,"3":1,"4":1,"5":1,"6":1,"7":1,"8":1,"9":1,"10":1,"11":1,"12":1,"13":1,"14":1,"15":1,"16":1,"17":1,"18":1,"19":1,"20":1,"21":1,"22":1,"23":1,"24":1,"25":1,"26":1,"27":1,"28":5,"29":5,"30":5,"31":0,"32":0,"33":5,"34":5,"35":5,"36":5,"37":0,"38":0,"39":0,"40":0,"41":1,"42":5,"43":5,"44":1,"45":1,"46":1,"47":1,"48":1,"49":1,"50":1,"51":1,"52":1,"53":1,"54":1,"55":1,"56":1,"57":1,"58":1,"59":1,"60":1,"61":1,"62":1,"63":5,"64":5,"65":5,"66":5,"67":5,"68":5,"69":0,"70":0,"71":0,"72":0,"73":0,"74":0,"75":0,"76":0,"77":0,"78":0,"79":0,"80":0,"81":0},"f":{"0":5,"1":5,"2":5},"b":{"0":[0,5],"1":[0,0],"2":[5,0],"3":[5,5],"4":[0,0],"5":[0,0],"6":[0,0],"7":[0,0]},"_coverageSchema":"1a1c01bbd47fc00a2c39e90264f33305004495a9","hash":"ac42297db3467904352ab50dad32dccce7c0aaac","contentHash":"3a3240dc79177612df30d3d195b72ee0ef392d8ef10cc37149147b6d1d416e81"},"/home/richard/Documents/Projects/kym-api/server/configure/redis-client.js":{"path":"/home/richard/Documents/Projects/kym-api/server/configure/redis-client.js","statementMap":{"0":{"start":{"line":1,"column":15},"end":{"line":1,"column":38}},"1":{"start":{"line":2,"column":14},"end":{"line":2,"column":30}},"2":{"start":{"line":3,"column":22},"end":{"line":3,"column":37}},"3":{"start":{"line":6,"column":2},"end":{"line":8,"column":3}},"4":{"start":{"line":7,"column":4},"end":{"line":7,"column":16}},"5":{"start":{"line":9,"column":2},"end":{"line":9,"column":14}},"6":{"start":{"line":12,"column":15},"end":{"line":12,"column":56}},"7":{"start":{"line":13,"column":17},"end":{"line":13,"column":65}},"8":{"start":{"line":14,"column":18},"end":{"line":14,"column":67}},"9":{"start":{"line":15,"column":18},"end":{"line":15,"column":67}},"10":{"start":{"line":16,"column":19},"end":{"line":16,"column":69}},"11":{"start":{"line":17,"column":21},"end":{"line":17,"column":73}},"12":{"start":{"line":19,"column":0},"end":{"line":21,"column":3}},"13":{"start":{"line":20,"column":2},"end":{"line":20,"column":32}},"14":{"start":{"line":23,"column":0},"end":{"line":23,"column":27}},"15":{"start":{"line":24,"column":0},"end":{"line":24,"column":29}},"16":{"start":{"line":25,"column":0},"end":{"line":25,"column":29}},"17":{"start":{"line":26,"column":0},"end":{"line":26,"column":31}},"18":{"start":{"line":27,"column":0},"end":{"line":27,"column":35}},"19":{"start":{"line":29,"column":0},"end":{"line":29,"column":24}}},"fnMap":{"0":{"name":"safeFunction","decl":{"start":{"line":5,"column":9},"end":{"line":5,"column":21}},"loc":{"start":{"line":5,"column":28},"end":{"line":10,"column":1}},"line":5},"1":{"name":"(anonymous_1)","decl":{"start":{"line":19,"column":19},"end":{"line":19,"column":20}},"loc":{"start":{"line":19,"column":28},"end":{"line":21,"column":1}},"line":19}},"branchMap":{"0":{"loc":{"start":{"line":6,"column":2},"end":{"line":8,"column":3}},"type":"if","locations":[{"start":{"line":6,"column":2},"end":{"line":8,"column":3}},{"start":{"line":6,"column":2},"end":{"line":8,"column":3}}],"line":6}},"s":{"0":1,"1":1,"2":1,"3":5,"4":0,"5":5,"6":1,"7":1,"8":1,"9":1,"10":1,"11":1,"12":1,"13":0,"14":1,"15":1,"16":1,"17":1,"18":1,"19":1},"f":{"0":5,"1":0},"b":{"0":[0,5]},"_coverageSchema":"1a1c01bbd47fc00a2c39e90264f33305004495a9","hash":"bf3abc440efff4b386677778fc7b50b62c47ce74","contentHash":"825c25874a390990e4418abf274a4564270349c8b7d15a6198a827ad07bdcbfe"},"/home/richard/Documents/Projects/kym-api/server/api/routes/calculate/index.js":{"path":"/home/richard/Documents/Projects/kym-api/server/api/routes/calculate/index.js","statementMap":{"0":{"start":{"line":1,"column":29},"end":{"line":1,"column":62}},"1":{"start":{"line":2,"column":15},"end":{"line":2,"column":42}},"2":{"start":{"line":3,"column":30},"end":{"line":3,"column":76}},"3":{"start":{"line":4,"column":28},"end":{"line":4,"column":72}},"4":{"start":{"line":5,"column":23},"end":{"line":5,"column":78}},"5":{"start":{"line":7,"column":0},"end":{"line":7,"column":24}},"6":{"start":{"line":9,"column":0},"end":{"line":17,"column":3}},"7":{"start":{"line":10,"column":2},"end":{"line":16,"column":3}},"8":{"start":{"line":11,"column":19},"end":{"line":11,"column":57}},"9":{"start":{"line":12,"column":4},"end":{"line":12,"column":21}},"10":{"start":{"line":14,"column":4},"end":{"line":14,"column":39}},"11":{"start":{"line":15,"column":4},"end":{"line":15,"column":14}},"12":{"start":{"line":19,"column":0},"end":{"line":28,"column":3}},"13":{"start":{"line":20,"column":2},"end":{"line":27,"column":3}},"14":{"start":{"line":21,"column":4},"end":{"line":21,"column":83}},"15":{"start":{"line":22,"column":18},"end":{"line":22,"column":70}},"16":{"start":{"line":23,"column":4},"end":{"line":23,"column":20}},"17":{"start":{"line":25,"column":4},"end":{"line":25,"column":39}},"18":{"start":{"line":26,"column":4},"end":{"line":26,"column":14}}},"fnMap":{"0":{"name":"getCalculate","decl":{"start":{"line":9,"column":33},"end":{"line":9,"column":45}},"loc":{"start":{"line":9,"column":62},"end":{"line":17,"column":1}},"line":9},"1":{"name":"postCalculateDay","decl":{"start":{"line":19,"column":38},"end":{"line":19,"column":54}},"loc":{"start":{"line":19,"column":71},"end":{"line":28,"column":1}},"line":19}},"branchMap":{},"s":{"0":1,"1":1,"2":1,"3":1,"4":1,"5":1,"6":1,"7":0,"8":0,"9":0,"10":0,"11":0,"12":1,"13":0,"14":0,"15":0,"16":0,"17":0,"18":0},"f":{"0":0,"1":0},"b":{},"_coverageSchema":"1a1c01bbd47fc00a2c39e90264f33305004495a9","hash":"51eca66ff6074da46b4b3c41e5953955348940b1","contentHash":"49b8ce43f9846da1d64d39ed4d9f90f7e27a5a5dd62542244e4d1f5d04c7cc94"},"/home/richard/Documents/Projects/kym-api/server/utils/handleRouteError/index.js":{"path":"/home/richard/Documents/Projects/kym-api/server/utils/handleRouteError/index.js","statementMap":{"0":{"start":{"line":1,"column":17},"end":{"line":1,"column":46}},"1":{"start":{"line":10,"column":2},"end":{"line":16,"column":3}},"2":{"start":{"line":11,"column":4},"end":{"line":15,"column":6}},"3":{"start":{"line":17,"column":2},"end":{"line":17,"column":13}},"4":{"start":{"line":20,"column":0},"end":{"line":22,"column":2}}},"fnMap":{"0":{"name":"handleRouteError","decl":{"start":{"line":9,"column":9},"end":{"line":9,"column":25}},"loc":{"start":{"line":9,"column":44},"end":{"line":18,"column":1}},"line":9}},"branchMap":{"0":{"loc":{"start":{"line":10,"column":2},"end":{"line":16,"column":3}},"type":"if","locations":[{"start":{"line":10,"column":2},"end":{"line":16,"column":3}},{"start":{"line":10,"column":2},"end":{"line":16,"column":3}}],"line":10}},"s":{"0":1,"1":2,"2":2,"3":2,"4":1},"f":{"0":2},"b":{"0":[2,0]},"_coverageSchema":"1a1c01bbd47fc00a2c39e90264f33305004495a9","hash":"31ac49e115a2febdce6baf089398f49f55969ed8","contentHash":"27fbef77e3d0f1fee2a36a540eaf2baf5e8aab90cd5cebae4fba3c5c695eb9e7"},"/home/richard/Documents/Projects/kym-api/server/configure/appError.js":{"path":"/home/richard/Documents/Projects/kym-api/server/configure/appError.js","statementMap":{"0":{"start":{"line":10,"column":2},"end":{"line":10,"column":19}},"1":{"start":{"line":11,"column":2},"end":{"line":11,"column":32}},"2":{"start":{"line":12,"column":2},"end":{"line":12,"column":31}},"3":{"start":{"line":13,"column":2},"end":{"line":13,"column":33}},"4":{"start":{"line":14,"column":2},"end":{"line":14,"column":29}},"5":{"start":{"line":15,"column":2},"end":{"line":15,"column":37}},"6":{"start":{"line":18,"column":0},"end":{"line":21,"column":2}},"7":{"start":{"line":19,"column":18},"end":{"line":19,"column":44}},"8":{"start":{"line":20,"column":2},"end":{"line":20,"column":17}},"9":{"start":{"line":23,"column":0},"end":{"line":23,"column":26}}},"fnMap":{"0":{"name":"AppError","decl":{"start":{"line":9,"column":9},"end":{"line":9,"column":17}},"loc":{"start":{"line":9,"column":58},"end":{"line":16,"column":1}},"line":9},"1":{"name":"getMessage","decl":{"start":{"line":18,"column":31},"end":{"line":18,"column":41}},"loc":{"start":{"line":18,"column":47},"end":{"line":21,"column":1}},"line":18}},"branchMap":{"0":{"loc":{"start":{"line":19,"column":18},"end":{"line":19,"column":44}},"type":"binary-expr","locations":[{"start":{"line":19,"column":18},"end":{"line":19,"column":29}},{"start":{"line":19,"column":33},"end":{"line":19,"column":44}}],"line":19}},"s":{"0":0,"1":0,"2":0,"3":0,"4":0,"5":0,"6":1,"7":2,"8":2,"9":1},"f":{"0":0,"1":2},"b":{"0":[2,0]},"_coverageSchema":"1a1c01bbd47fc00a2c39e90264f33305004495a9","hash":"a75f0e5d4ee0850ef302436fe2f40e05d7a5ee84","contentHash":"1fe0df981ceef915d7896347e0cad46ea8e11bab44d5e5dc981e883bf12f481a"},"/home/richard/Documents/Projects/kym-api/server/api/routes/calculate/controllers/singleMealCalculateV1/index.js":{"path":"/home/richard/Documents/Projects/kym-api/server/api/routes/calculate/controllers/singleMealCalculateV1/index.js","statementMap":{"0":{"start":{"line":1,"column":28},"end":{"line":1,"column":46}},"1":{"start":{"line":2,"column":19},"end":{"line":2,"column":36}},"2":{"start":{"line":3,"column":24},"end":{"line":3,"column":47}},"3":{"start":{"line":5,"column":30},"end":{"line":25,"column":1}},"4":{"start":{"line":6,"column":20},"end":{"line":6,"column":70}},"5":{"start":{"line":7,"column":2},"end":{"line":7,"column":25}},"6":{"start":{"line":7,"column":13},"end":{"line":7,"column":25}},"7":{"start":{"line":14,"column":6},"end":{"line":14,"column":11}},"8":{"start":{"line":16,"column":16},"end":{"line":20,"column":3}},"9":{"start":{"line":22,"column":17},"end":{"line":22,"column":71}},"10":{"start":{"line":24,"column":2},"end":{"line":24,"column":16}},"11":{"start":{"line":27,"column":0},"end":{"line":27,"column":39}}},"fnMap":{"0":{"name":"(anonymous_0)","decl":{"start":{"line":5,"column":30},"end":{"line":5,"column":31}},"loc":{"start":{"line":5,"column":47},"end":{"line":25,"column":1}},"line":5}},"branchMap":{"0":{"loc":{"start":{"line":7,"column":2},"end":{"line":7,"column":25}},"type":"if","locations":[{"start":{"line":7,"column":2},"end":{"line":7,"column":25}},{"start":{"line":7,"column":2},"end":{"line":7,"column":25}}],"line":7}},"s":{"0":1,"1":1,"2":1,"3":1,"4":0,"5":0,"6":0,"7":0,"8":0,"9":0,"10":0,"11":1},"f":{"0":0},"b":{"0":[0,0]},"_coverageSchema":"1a1c01bbd47fc00a2c39e90264f33305004495a9","hash":"29f7869cb09d5cebf503744e8e69b26cc3a5e168","contentHash":"5e5369e8a3a68ab62bc697e950b502ce68c81026997a685a526e68b5f558221e"},"/home/richard/Documents/Projects/kym-api/server/api/routes/calculate/controllers/singleMealCalculateV1/validation.js":{"path":"/home/richard/Documents/Projects/kym-api/server/api/routes/calculate/controllers/singleMealCalculateV1/validation.js","statementMap":{"0":{"start":{"line":1,"column":12},"end":{"line":1,"column":26}},"1":{"start":{"line":2,"column":24},"end":{"line":2,"column":60}},"2":{"start":{"line":4,"column":29},"end":{"line":4,"column":51}},"3":{"start":{"line":5,"column":35},"end":{"line":5,"column":63}},"4":{"start":{"line":6,"column":25},"end":{"line":6,"column":43}},"5":{"start":{"line":8,"column":26},"end":{"line":8,"column":104}},"6":{"start":{"line":8,"column":62},"end":{"line":8,"column":103}},"7":{"start":{"line":9,"column":23},"end":{"line":9,"column":107}},"8":{"start":{"line":9,"column":59},"end":{"line":9,"column":106}},"9":{"start":{"line":10,"column":22},"end":{"line":10,"column":96}},"10":{"start":{"line":10,"column":58},"end":{"line":10,"column":95}},"11":{"start":{"line":11,"column":20},"end":{"line":11,"column":42}},"12":{"start":{"line":13,"column":20},"end":{"line":18,"column":2}},"13":{"start":{"line":20,"column":0},"end":{"line":31,"column":2}}},"fnMap":{"0":{"name":"(anonymous_0)","decl":{"start":{"line":8,"column":56},"end":{"line":8,"column":57}},"loc":{"start":{"line":8,"column":62},"end":{"line":8,"column":103}},"line":8},"1":{"name":"(anonymous_1)","decl":{"start":{"line":9,"column":53},"end":{"line":9,"column":54}},"loc":{"start":{"line":9,"column":59},"end":{"line":9,"column":106}},"line":9},"2":{"name":"(anonymous_2)","decl":{"start":{"line":10,"column":52},"end":{"line":10,"column":53}},"loc":{"start":{"line":10,"column":58},"end":{"line":10,"column":95}},"line":10}},"branchMap":{},"s":{"0":1,"1":1,"2":1,"3":1,"4":1,"5":1,"6":0,"7":1,"8":0,"9":1,"10":0,"11":1,"12":1,"13":1},"f":{"0":0,"1":0,"2":0},"b":{},"_coverageSchema":"1a1c01bbd47fc00a2c39e90264f33305004495a9","hash":"52258a414ddff267b5973c0ffe8907c245351b82","contentHash":"ec957f76269a02f870c94f57581d4099097ef1b5788d6174888474d687ea6047"},"/home/richard/Documents/Projects/kym-api/server/configure/ValidationError.js":{"path":"/home/richard/Documents/Projects/kym-api/server/configure/ValidationError.js","statementMap":{"0":{"start":{"line":8,"column":2},"end":{"line":8,"column":19}},"1":{"start":{"line":9,"column":2},"end":{"line":9,"column":32}},"2":{"start":{"line":10,"column":2},"end":{"line":10,"column":32}},"3":{"start":{"line":11,"column":2},"end":{"line":11,"column":25}},"4":{"start":{"line":14,"column":0},"end":{"line":14,"column":33}}},"fnMap":{"0":{"name":"ValidationError","decl":{"start":{"line":7,"column":9},"end":{"line":7,"column":24}},"loc":{"start":{"line":7,"column":34},"end":{"line":12,"column":1}},"line":7}},"branchMap":{},"s":{"0":0,"1":0,"2":0,"3":0,"4":1},"f":{"0":0},"b":{},"_coverageSchema":"1a1c01bbd47fc00a2c39e90264f33305004495a9","hash":"c8e2fe6cda845b6f440f3de166e6667c7bf39961","contentHash":"9679e459e4cb26d8539323922f940ade9bb9d6becebbd62b587009acfc6a0e66"},"/home/richard/Documents/Projects/kym-api/server/api/routes/calculate/controllers/dayMealsCalculateV1/index.js":{"path":"/home/richard/Documents/Projects/kym-api/server/api/routes/calculate/controllers/dayMealsCalculateV1/index.js","statementMap":{"0":{"start":{"line":1,"column":28},"end":{"line":1,"column":46}},"1":{"start":{"line":2,"column":30},"end":{"line":2,"column":47}},"2":{"start":{"line":4,"column":23},"end":{"line":4,"column":38}},"3":{"start":{"line":6,"column":30},"end":{"line":15,"column":1}},"4":{"start":{"line":7,"column":17},"end":{"line":7,"column":82}},"5":{"start":{"line":9,"column":2},"end":{"line":14,"column":4}},"6":{"start":{"line":17,"column":0},"end":{"line":17,"column":39}}},"fnMap":{"0":{"name":"(anonymous_0)","decl":{"start":{"line":6,"column":30},"end":{"line":6,"column":31}},"loc":{"start":{"line":6,"column":52},"end":{"line":15,"column":1}},"line":6}},"branchMap":{"0":{"loc":{"start":{"line":13,"column":10},"end":{"line":13,"column":26}},"type":"binary-expr","locations":[{"start":{"line":13,"column":10},"end":{"line":13,"column":14}},{"start":{"line":13,"column":18},"end":{"line":13,"column":26}}],"line":13}},"s":{"0":1,"1":1,"2":1,"3":1,"4":0,"5":0,"6":1},"f":{"0":0},"b":{"0":[0,0]},"_coverageSchema":"1a1c01bbd47fc00a2c39e90264f33305004495a9","hash":"63ea723f9875107394138fc304713dbcc8b943f3","contentHash":"e90127a4bcc99b22175de647e6055640d395f48717d5772e5e9b89af7f241d45"},"/home/richard/Documents/Projects/kym-api/server/api/routes/calculate/controllers/dayMealsCalculateV1/validation.js":{"path":"/home/richard/Documents/Projects/kym-api/server/api/routes/calculate/controllers/dayMealsCalculateV1/validation.js","statementMap":{"0":{"start":{"line":1,"column":12},"end":{"line":1,"column":26}},"1":{"start":{"line":3,"column":19},"end":{"line":6,"column":35}},"2":{"start":{"line":6,"column":15},"end":{"line":6,"column":34}},"3":{"start":{"line":8,"column":19},"end":{"line":10,"column":2}},"4":{"start":{"line":12,"column":0},"end":{"line":15,"column":2}}},"fnMap":{"0":{"name":"(anonymous_0)","decl":{"start":{"line":6,"column":9},"end":{"line":6,"column":10}},"loc":{"start":{"line":6,"column":15},"end":{"line":6,"column":34}},"line":6}},"branchMap":{},"s":{"0":1,"1":1,"2":0,"3":1,"4":1},"f":{"0":0},"b":{},"_coverageSchema":"1a1c01bbd47fc00a2c39e90264f33305004495a9","hash":"9028147c9f94ab35066dedd016a564ce4925a1f5","contentHash":"9dc612c359fd8642b170e3b6bcb7337dfc5233de5ab60e0967e85d67c7fac5ac"},"/home/richard/Documents/Projects/kym-api/server/api/routes/database/index.js":{"path":"/home/richard/Documents/Projects/kym-api/server/api/routes/database/index.js","statementMap":{"0":{"start":{"line":1,"column":15},"end":{"line":1,"column":42}},"1":{"start":{"line":2,"column":23},"end":{"line":2,"column":62}},"2":{"start":{"line":3,"column":25},"end":{"line":3,"column":66}},"3":{"start":{"line":4,"column":21},"end":{"line":4,"column":58}},"4":{"start":{"line":5,"column":23},"end":{"line":5,"column":62}},"5":{"start":{"line":6,"column":31},"end":{"line":6,"column":79}},"6":{"start":{"line":7,"column":51},"end":{"line":7,"column":101}},"7":{"start":{"line":8,"column":49},"end":{"line":8,"column":99}},"8":{"start":{"line":10,"column":29},"end":{"line":10,"column":62}},"9":{"start":{"line":12,"column":0},"end":{"line":12,"column":24}},"10":{"start":{"line":16,"column":0},"end":{"line":29,"column":3}},"11":{"start":{"line":17,"column":2},"end":{"line":28,"column":3}},"12":{"start":{"line":18,"column":4},"end":{"line":18,"column":56}},"13":{"start":{"line":20,"column":21},"end":{"line":20,"column":30}},"14":{"start":{"line":22,"column":18},"end":{"line":22,"column":48}},"15":{"start":{"line":24,"column":4},"end":{"line":24,"column":20}},"16":{"start":{"line":26,"column":4},"end":{"line":26,"column":39}},"17":{"start":{"line":27,"column":4},"end":{"line":27,"column":14}},"18":{"start":{"line":32,"column":0},"end":{"line":45,"column":3}},"19":{"start":{"line":33,"column":2},"end":{"line":44,"column":3}},"20":{"start":{"line":34,"column":4},"end":{"line":34,"column":78}},"21":{"start":{"line":36,"column":56},"end":{"line":36,"column":64}},"22":{"start":{"line":38,"column":20},"end":{"line":38,"column":85}},"23":{"start":{"line":40,"column":4},"end":{"line":40,"column":22}},"24":{"start":{"line":42,"column":4},"end":{"line":42,"column":39}},"25":{"start":{"line":43,"column":4},"end":{"line":43,"column":14}},"26":{"start":{"line":48,"column":0},"end":{"line":59,"column":3}},"27":{"start":{"line":49,"column":2},"end":{"line":58,"column":3}},"28":{"start":{"line":50,"column":21},"end":{"line":50,"column":31}},"29":{"start":{"line":52,"column":20},"end":{"line":52,"column":52}},"30":{"start":{"line":54,"column":4},"end":{"line":54,"column":22}},"31":{"start":{"line":56,"column":4},"end":{"line":56,"column":39}},"32":{"start":{"line":57,"column":4},"end":{"line":57,"column":14}},"33":{"start":{"line":62,"column":0},"end":{"line":75,"column":3}},"34":{"start":{"line":63,"column":2},"end":{"line":74,"column":3}},"35":{"start":{"line":64,"column":4},"end":{"line":64,"column":52}},"36":{"start":{"line":66,"column":21},"end":{"line":66,"column":31}},"37":{"start":{"line":67,"column":19},"end":{"line":67,"column":27}},"38":{"start":{"line":69,"column":4},"end":{"line":69,"column":37}},"39":{"start":{"line":70,"column":4},"end":{"line":70,"column":24}},"40":{"start":{"line":72,"column":4},"end":{"line":72,"column":39}},"41":{"start":{"line":73,"column":4},"end":{"line":73,"column":14}}},"fnMap":{"0":{"name":"(anonymous_0)","decl":{"start":{"line":16,"column":28},"end":{"line":16,"column":29}},"loc":{"start":{"line":16,"column":54},"end":{"line":29,"column":1}},"line":16},"1":{"name":"(anonymous_1)","decl":{"start":{"line":32,"column":33},"end":{"line":32,"column":34}},"loc":{"start":{"line":32,"column":59},"end":{"line":45,"column":1}},"line":32},"2":{"name":"(anonymous_2)","decl":{"start":{"line":48,"column":31},"end":{"line":48,"column":32}},"loc":{"start":{"line":48,"column":57},"end":{"line":59,"column":1}},"line":48},"3":{"name":"(anonymous_3)","decl":{"start":{"line":62,"column":34},"end":{"line":62,"column":35}},"loc":{"start":{"line":62,"column":60},"end":{"line":75,"column":1}},"line":62}},"branchMap":{},"s":{"0":1,"1":1,"2":1,"3":1,"4":1,"5":1,"6":1,"7":1,"8":1,"9":1,"10":1,"11":0,"12":0,"13":0,"14":0,"15":0,"16":0,"17":0,"18":1,"19":0,"20":0,"21":0,"22":0,"23":0,"24":0,"25":0,"26":1,"27":0,"28":0,"29":0,"30":0,"31":0,"32":0,"33":1,"34":0,"35":0,"36":0,"37":0,"38":0,"39":0,"40":0,"41":0},"f":{"0":0,"1":0,"2":0,"3":0},"b":{},"_coverageSchema":"1a1c01bbd47fc00a2c39e90264f33305004495a9","hash":"21db2e58a600f24223d6c1d93310ffd5efc039bd","contentHash":"6f8f0db18d3e5ed818638b1bdd693f9b8a279e0ee10d62aab70b8fe3136a13a1"},"/home/richard/Documents/Projects/kym-api/server/api/routes/database/controllers/getBestGroupV1/index.js":{"path":"/home/richard/Documents/Projects/kym-api/server/api/routes/database/controllers/getBestGroupV1/index.js","statementMap":{"0":{"start":{"line":1,"column":32},"end":{"line":1,"column":50}},"1":{"start":{"line":3,"column":21},"end":{"line":3,"column":38}},"2":{"start":{"line":5,"column":21},"end":{"line":14,"column":1}},"3":{"start":{"line":6,"column":16},"end":{"line":10,"column":4}},"4":{"start":{"line":12,"column":16},"end":{"line":12,"column":50}},"5":{"start":{"line":13,"column":2},"end":{"line":13,"column":15}},"6":{"start":{"line":16,"column":0},"end":{"line":16,"column":30}}},"fnMap":{"0":{"name":"(anonymous_0)","decl":{"start":{"line":5,"column":21},"end":{"line":5,"column":22}},"loc":{"start":{"line":5,"column":41},"end":{"line":14,"column":1}},"line":5}},"branchMap":{},"s":{"0":1,"1":1,"2":1,"3":0,"4":0,"5":0,"6":1},"f":{"0":0},"b":{},"_coverageSchema":"1a1c01bbd47fc00a2c39e90264f33305004495a9","hash":"b7dd0eeb2cb9b47009859adfea883278266101f2","contentHash":"c9d52b43f89f95febc4d8cf6a2aa263bab823eca5d8c770da14b640dbb2bec3e"},"/home/richard/Documents/Projects/kym-api/server/api/routes/database/controllers/getUserCreatedV1/index.js":{"path":"/home/richard/Documents/Projects/kym-api/server/api/routes/database/controllers/getUserCreatedV1/index.js","statementMap":{"0":{"start":{"line":1,"column":41},"end":{"line":1,"column":59}},"1":{"start":{"line":3,"column":19},"end":{"line":3,"column":36}},"2":{"start":{"line":4,"column":17},"end":{"line":4,"column":28}},"3":{"start":{"line":6,"column":25},"end":{"line":13,"column":1}},"4":{"start":{"line":7,"column":18},"end":{"line":10,"column":4}},"5":{"start":{"line":12,"column":2},"end":{"line":12,"column":17}},"6":{"start":{"line":15,"column":0},"end":{"line":15,"column":34}}},"fnMap":{"0":{"name":"(anonymous_0)","decl":{"start":{"line":6,"column":25},"end":{"line":6,"column":26}},"loc":{"start":{"line":6,"column":45},"end":{"line":13,"column":1}},"line":6}},"branchMap":{},"s":{"0":1,"1":1,"2":1,"3":1,"4":0,"5":0,"6":1},"f":{"0":0},"b":{},"_coverageSchema":"1a1c01bbd47fc00a2c39e90264f33305004495a9","hash":"f081318ed590e40221d6831881ff6ffc9b1dec2a","contentHash":"d50712cdc1c1a9c2a9cffc6aeb8e098db5c90d65425e6c066c6391c4b5ef61fd"},"/home/richard/Documents/Projects/kym-api/server/api/routes/database/controllers/deleteFoodV1/index.js":{"path":"/home/richard/Documents/Projects/kym-api/server/api/routes/database/controllers/deleteFoodV1/index.js","statementMap":{"0":{"start":{"line":1,"column":41},"end":{"line":1,"column":59}},"1":{"start":{"line":3,"column":17},"end":{"line":3,"column":46}},"2":{"start":{"line":5,"column":19},"end":{"line":5,"column":36}},"3":{"start":{"line":7,"column":21},"end":{"line":23,"column":1}},"4":{"start":{"line":8,"column":17},"end":{"line":8,"column":42}},"5":{"start":{"line":9,"column":2},"end":{"line":14,"column":3}},"6":{"start":{"line":10,"column":4},"end":{"line":13,"column":13}},"7":{"start":{"line":16,"column":2},"end":{"line":21,"column":3}},"8":{"start":{"line":17,"column":4},"end":{"line":20,"column":13}},"9":{"start":{"line":22,"column":2},"end":{"line":22,"column":25}},"10":{"start":{"line":25,"column":0},"end":{"line":25,"column":30}}},"fnMap":{"0":{"name":"(anonymous_0)","decl":{"start":{"line":7,"column":21},"end":{"line":7,"column":22}},"loc":{"start":{"line":7,"column":45},"end":{"line":23,"column":1}},"line":7}},"branchMap":{"0":{"loc":{"start":{"line":9,"column":2},"end":{"line":14,"column":3}},"type":"if","locations":[{"start":{"line":9,"column":2},"end":{"line":14,"column":3}},{"start":{"line":9,"column":2},"end":{"line":14,"column":3}}],"line":9},"1":{"loc":{"start":{"line":16,"column":2},"end":{"line":21,"column":3}},"type":"if","locations":[{"start":{"line":16,"column":2},"end":{"line":21,"column":3}},{"start":{"line":16,"column":2},"end":{"line":21,"column":3}}],"line":16}},"s":{"0":1,"1":1,"2":1,"3":1,"4":0,"5":0,"6":0,"7":0,"8":0,"9":0,"10":1},"f":{"0":0},"b":{"0":[0,0],"1":[0,0]},"_coverageSchema":"1a1c01bbd47fc00a2c39e90264f33305004495a9","hash":"6dcda9826a9521bc13f0c81baea5480d4950e0e0","contentHash":"bcb6e3c762c4ea9a7ac0dc0ba7c86fb53059d42d62207a9190aa0e6f27a24491"},"/home/richard/Documents/Projects/kym-api/server/api/routes/database/controllers/searchDetailV1/index.js":{"path":"/home/richard/Documents/Projects/kym-api/server/api/routes/database/controllers/searchDetailV1/index.js","statementMap":{"0":{"start":{"line":1,"column":32},"end":{"line":1,"column":50}},"1":{"start":{"line":2,"column":22},"end":{"line":2,"column":47}},"2":{"start":{"line":3,"column":25},"end":{"line":3,"column":53}},"3":{"start":{"line":5,"column":30},"end":{"line":5,"column":47}},"4":{"start":{"line":7,"column":21},"end":{"line":48,"column":1}},"5":{"start":{"line":8,"column":15},"end":{"line":8,"column":54}},"6":{"start":{"line":9,"column":18},"end":{"line":13,"column":3}},"7":{"start":{"line":15,"column":2},"end":{"line":17,"column":3}},"8":{"start":{"line":16,"column":4},"end":{"line":16,"column":36}},"9":{"start":{"line":19,"column":16},"end":{"line":22,"column":3}},"10":{"start":{"line":24,"column":16},"end":{"line":24,"column":45}},"11":{"start":{"line":25,"column":15},"end":{"line":40,"column":4}},"12":{"start":{"line":42,"column":2},"end":{"line":47,"column":5}},"13":{"start":{"line":50,"column":0},"end":{"line":50,"column":30}}},"fnMap":{"0":{"name":"(anonymous_0)","decl":{"start":{"line":7,"column":21},"end":{"line":7,"column":22}},"loc":{"start":{"line":7,"column":76},"end":{"line":48,"column":1}},"line":7}},"branchMap":{"0":{"loc":{"start":{"line":8,"column":15},"end":{"line":8,"column":54}},"type":"cond-expr","locations":[{"start":{"line":8,"column":27},"end":{"line":8,"column":47}},{"start":{"line":8,"column":50},"end":{"line":8,"column":54}}],"line":8},"1":{"loc":{"start":{"line":15,"column":2},"end":{"line":17,"column":3}},"type":"if","locations":[{"start":{"line":15,"column":2},"end":{"line":17,"column":3}},{"start":{"line":15,"column":2},"end":{"line":17,"column":3}}],"line":15},"2":{"loc":{"start":{"line":27,"column":11},"end":{"line":38,"column":9}},"type":"cond-expr","locations":[{"start":{"line":28,"column":8},"end":{"line":34,"column":11}},{"start":{"line":35,"column":8},"end":{"line":38,"column":9}}],"line":27}},"s":{"0":1,"1":1,"2":1,"3":1,"4":1,"5":0,"6":0,"7":0,"8":0,"9":0,"10":0,"11":0,"12":0,"13":1},"f":{"0":0},"b":{"0":[0,0],"1":[0,0],"2":[0,0]},"_coverageSchema":"1a1c01bbd47fc00a2c39e90264f33305004495a9","hash":"73f3882794e6ae7a5dd70dfb1a09b9e754cd0c34","contentHash":"340f742e21fba7b930eec8e3940df463ca765138f5ef279331081f0d27633192"},"/home/richard/Documents/Projects/kym-api/server/api/routes/database/controllers/searchDetailV1/queries/food.js":{"path":"/home/richard/Documents/Projects/kym-api/server/api/routes/database/controllers/searchDetailV1/queries/food.js","statementMap":{"0":{"start":{"line":1,"column":15},"end":{"line":1,"column":33}},"1":{"start":{"line":4,"column":2},"end":{"line":6,"column":3}},"2":{"start":{"line":5,"column":4},"end":{"line":5,"column":14}},"3":{"start":{"line":7,"column":2},"end":{"line":9,"column":3}},"4":{"start":{"line":8,"column":4},"end":{"line":8,"column":14}},"5":{"start":{"line":10,"column":2},"end":{"line":18,"column":4}},"6":{"start":{"line":11,"column":32},"end":{"line":17,"column":5}},"7":{"start":{"line":21,"column":0},"end":{"line":21,"column":31}}},"fnMap":{"0":{"name":"makeFoodQuery","decl":{"start":{"line":3,"column":9},"end":{"line":3,"column":22}},"loc":{"start":{"line":3,"column":29},"end":{"line":19,"column":1}},"line":3},"1":{"name":"(anonymous_1)","decl":{"start":{"line":11,"column":23},"end":{"line":11,"column":24}},"loc":{"start":{"line":11,"column":32},"end":{"line":17,"column":5}},"line":11}},"branchMap":{"0":{"loc":{"start":{"line":4,"column":2},"end":{"line":6,"column":3}},"type":"if","locations":[{"start":{"line":4,"column":2},"end":{"line":6,"column":3}},{"start":{"line":4,"column":2},"end":{"line":6,"column":3}}],"line":4},"1":{"loc":{"start":{"line":7,"column":2},"end":{"line":9,"column":3}},"type":"if","locations":[{"start":{"line":7,"column":2},"end":{"line":9,"column":3}},{"start":{"line":7,"column":2},"end":{"line":9,"column":3}}],"line":7},"2":{"loc":{"start":{"line":7,"column":7},"end":{"line":7,"column":42}},"type":"binary-expr","locations":[{"start":{"line":7,"column":7},"end":{"line":7,"column":24}},{"start":{"line":7,"column":28},"end":{"line":7,"column":42}}],"line":7}},"s":{"0":1,"1":0,"2":0,"3":0,"4":0,"5":0,"6":0,"7":1},"f":{"0":0,"1":0},"b":{"0":[0,0],"1":[0,0],"2":[0,0]},"_coverageSchema":"1a1c01bbd47fc00a2c39e90264f33305004495a9","hash":"dfc7d03094023714734c8b1086f980406e178cb9","contentHash":"2b577a160d1fd1141b9eee9bb2b2f4a325db536de7e75ed21d20eec9cc508edc"},"/home/richard/Documents/Projects/kym-api/server/api/routes/database/controllers/searchDetailV1/queries/percent.js":{"path":"/home/richard/Documents/Projects/kym-api/server/api/routes/database/controllers/searchDetailV1/queries/percent.js","statementMap":{"0":{"start":{"line":1,"column":46},"end":{"line":1,"column":73}},"1":{"start":{"line":4,"column":14},"end":{"line":4,"column":16}},"2":{"start":{"line":6,"column":21},"end":{"line":6,"column":59}},"3":{"start":{"line":6,"column":30},"end":{"line":6,"column":59}},"4":{"start":{"line":8,"column":15},"end":{"line":8,"column":49}},"5":{"start":{"line":9,"column":15},"end":{"line":9,"column":47}},"6":{"start":{"line":10,"column":15},"end":{"line":10,"column":45}},"7":{"start":{"line":12,"column":2},"end":{"line":15,"column":3}},"8":{"start":{"line":13,"column":4},"end":{"line":13,"column":58}},"9":{"start":{"line":14,"column":4},"end":{"line":14,"column":58}},"10":{"start":{"line":17,"column":2},"end":{"line":20,"column":3}},"11":{"start":{"line":18,"column":4},"end":{"line":18,"column":50}},"12":{"start":{"line":19,"column":4},"end":{"line":19,"column":50}},"13":{"start":{"line":22,"column":2},"end":{"line":25,"column":3}},"14":{"start":{"line":23,"column":4},"end":{"line":23,"column":61}},"15":{"start":{"line":24,"column":4},"end":{"line":24,"column":61}},"16":{"start":{"line":27,"column":2},"end":{"line":27,"column":13}},"17":{"start":{"line":30,"column":0},"end":{"line":30,"column":34}}},"fnMap":{"0":{"name":"makePercentQuery","decl":{"start":{"line":3,"column":9},"end":{"line":3,"column":25}},"loc":{"start":{"line":3,"column":60},"end":{"line":28,"column":1}},"line":3},"1":{"name":"(anonymous_1)","decl":{"start":{"line":6,"column":21},"end":{"line":6,"column":22}},"loc":{"start":{"line":6,"column":30},"end":{"line":6,"column":59}},"line":6}},"branchMap":{"0":{"loc":{"start":{"line":12,"column":2},"end":{"line":15,"column":3}},"type":"if","locations":[{"start":{"line":12,"column":2},"end":{"line":15,"column":3}},{"start":{"line":12,"column":2},"end":{"line":15,"column":3}}],"line":12},"1":{"loc":{"start":{"line":17,"column":2},"end":{"line":20,"column":3}},"type":"if","locations":[{"start":{"line":17,"column":2},"end":{"line":20,"column":3}},{"start":{"line":17,"column":2},"end":{"line":20,"column":3}}],"line":17},"2":{"loc":{"start":{"line":22,"column":2},"end":{"line":25,"column":3}},"type":"if","locations":[{"start":{"line":22,"column":2},"end":{"line":25,"column":3}},{"start":{"line":22,"column":2},"end":{"line":25,"column":3}}],"line":22}},"s":{"0":1,"1":0,"2":0,"3":0,"4":0,"5":0,"6":0,"7":0,"8":0,"9":0,"10":0,"11":0,"12":0,"13":0,"14":0,"15":0,"16":0,"17":1},"f":{"0":0,"1":0},"b":{"0":[0,0],"1":[0,0],"2":[0,0]},"_coverageSchema":"1a1c01bbd47fc00a2c39e90264f33305004495a9","hash":"65d58fcd8f3a3af24c4d932a66d78cc50422927e","contentHash":"2b29578d5124d899d70c5ba982d84d2008a1211990be2c26edf32fa85337e3ba"},"/home/richard/Documents/Projects/kym-api/server/api/routes/database/controllers/searchDetailV1/queries/macronutrients.js":{"path":"/home/richard/Documents/Projects/kym-api/server/api/routes/database/controllers/searchDetailV1/queries/macronutrients.js","statementMap":{"0":{"start":{"line":1,"column":28},"end":{"line":1,"column":46}},"1":{"start":{"line":2,"column":22},"end":{"line":2,"column":39}},"2":{"start":{"line":4,"column":14},"end":{"line":4,"column":40}},"3":{"start":{"line":5,"column":12},"end":{"line":5,"column":28}},"4":{"start":{"line":6,"column":16},"end":{"line":6,"column":36}},"5":{"start":{"line":8,"column":23},"end":{"line":8,"column":64}},"6":{"start":{"line":9,"column":26},"end":{"line":9,"column":104}},"7":{"start":{"line":10,"column":25},"end":{"line":10,"column":52}},"8":{"start":{"line":13,"column":2},"end":{"line":13,"column":59}},"9":{"start":{"line":15,"column":4},"end":{"line":15,"column":41}},"10":{"start":{"line":20,"column":20},"end":{"line":20,"column":27}},"11":{"start":{"line":21,"column":2},"end":{"line":23,"column":3}},"12":{"start":{"line":22,"column":4},"end":{"line":22,"column":24}},"13":{"start":{"line":24,"column":2},"end":{"line":26,"column":3}},"14":{"start":{"line":25,"column":4},"end":{"line":25,"column":24}},"15":{"start":{"line":27,"column":2},"end":{"line":27,"column":21}},"16":{"start":{"line":36,"column":2},"end":{"line":38,"column":3}},"17":{"start":{"line":37,"column":4},"end":{"line":37,"column":25}},"18":{"start":{"line":39,"column":2},"end":{"line":41,"column":3}},"19":{"start":{"line":40,"column":4},"end":{"line":40,"column":28}},"20":{"start":{"line":42,"column":22},"end":{"line":42,"column":46}},"21":{"start":{"line":43,"column":2},"end":{"line":47,"column":4}},"22":{"start":{"line":56,"column":2},"end":{"line":58,"column":3}},"23":{"start":{"line":57,"column":4},"end":{"line":57,"column":25}},"24":{"start":{"line":59,"column":2},"end":{"line":61,"column":3}},"25":{"start":{"line":60,"column":4},"end":{"line":60,"column":28}},"26":{"start":{"line":62,"column":22},"end":{"line":62,"column":46}},"27":{"start":{"line":63,"column":2},"end":{"line":67,"column":4}},"28":{"start":{"line":76,"column":2},"end":{"line":78,"column":3}},"29":{"start":{"line":77,"column":4},"end":{"line":77,"column":25}},"30":{"start":{"line":79,"column":2},"end":{"line":81,"column":3}},"31":{"start":{"line":80,"column":4},"end":{"line":80,"column":28}},"32":{"start":{"line":82,"column":22},"end":{"line":82,"column":46}},"33":{"start":{"line":83,"column":2},"end":{"line":87,"column":4}},"34":{"start":{"line":90,"column":0},"end":{"line":97,"column":2}}},"fnMap":{"0":{"name":"isValidComparator","decl":{"start":{"line":12,"column":9},"end":{"line":12,"column":26}},"loc":{"start":{"line":12,"column":39},"end":{"line":17,"column":1}},"line":12},"1":{"name":"comparatorsReduce","decl":{"start":{"line":14,"column":11},"end":{"line":14,"column":28}},"loc":{"start":{"line":14,"column":43},"end":{"line":16,"column":3}},"line":14},"2":{"name":"makeSafePercent","decl":{"start":{"line":19,"column":9},"end":{"line":19,"column":24}},"loc":{"start":{"line":19,"column":34},"end":{"line":28,"column":1}},"line":19},"3":{"name":"proteinQuery","decl":{"start":{"line":35,"column":9},"end":{"line":35,"column":21}},"loc":{"start":{"line":35,"column":43},"end":{"line":48,"column":1}},"line":35},"4":{"name":"carbQuery","decl":{"start":{"line":55,"column":9},"end":{"line":55,"column":18}},"loc":{"start":{"line":55,"column":40},"end":{"line":68,"column":1}},"line":55},"5":{"name":"fatQuery","decl":{"start":{"line":75,"column":9},"end":{"line":75,"column":17}},"loc":{"start":{"line":75,"column":39},"end":{"line":88,"column":1}},"line":75}},"branchMap":{"0":{"loc":{"start":{"line":15,"column":11},"end":{"line":15,"column":40}},"type":"binary-expr","locations":[{"start":{"line":15,"column":11},"end":{"line":15,"column":15}},{"start":{"line":15,"column":19},"end":{"line":15,"column":40}}],"line":15},"1":{"loc":{"start":{"line":21,"column":2},"end":{"line":23,"column":3}},"type":"if","locations":[{"start":{"line":21,"column":2},"end":{"line":23,"column":3}},{"start":{"line":21,"column":2},"end":{"line":23,"column":3}}],"line":21},"2":{"loc":{"start":{"line":24,"column":2},"end":{"line":26,"column":3}},"type":"if","locations":[{"start":{"line":24,"column":2},"end":{"line":26,"column":3}},{"start":{"line":24,"column":2},"end":{"line":26,"column":3}}],"line":24},"3":{"loc":{"start":{"line":36,"column":2},"end":{"line":38,"column":3}},"type":"if","locations":[{"start":{"line":36,"column":2},"end":{"line":38,"column":3}},{"start":{"line":36,"column":2},"end":{"line":38,"column":3}}],"line":36},"4":{"loc":{"start":{"line":39,"column":2},"end":{"line":41,"column":3}},"type":"if","locations":[{"start":{"line":39,"column":2},"end":{"line":41,"column":3}},{"start":{"line":39,"column":2},"end":{"line":41,"column":3}}],"line":39},"5":{"loc":{"start":{"line":56,"column":2},"end":{"line":58,"column":3}},"type":"if","locations":[{"start":{"line":56,"column":2},"end":{"line":58,"column":3}},{"start":{"line":56,"column":2},"end":{"line":58,"column":3}}],"line":56},"6":{"loc":{"start":{"line":59,"column":2},"end":{"line":61,"column":3}},"type":"if","locations":[{"start":{"line":59,"column":2},"end":{"line":61,"column":3}},{"start":{"line":59,"column":2},"end":{"line":61,"column":3}}],"line":59},"7":{"loc":{"start":{"line":76,"column":2},"end":{"line":78,"column":3}},"type":"if","locations":[{"start":{"line":76,"column":2},"end":{"line":78,"column":3}},{"start":{"line":76,"column":2},"end":{"line":78,"column":3}}],"line":76},"8":{"loc":{"start":{"line":79,"column":2},"end":{"line":81,"column":3}},"type":"if","locations":[{"start":{"line":79,"column":2},"end":{"line":81,"column":3}},{"start":{"line":79,"column":2},"end":{"line":81,"column":3}}],"line":79}},"s":{"0":1,"1":1,"2":1,"3":1,"4":1,"5":1,"6":1,"7":1,"8":0,"9":0,"10":0,"11":0,"12":0,"13":0,"14":0,"15":0,"16":0,"17":0,"18":0,"19":0,"20":0,"21":0,"22":0,"23":0,"24":0,"25":0,"26":0,"27":0,"28":0,"29":0,"30":0,"31":0,"32":0,"33":0,"34":1},"f":{"0":0,"1":0,"2":0,"3":0,"4":0,"5":0},"b":{"0":[0,0],"1":[0,0],"2":[0,0],"3":[0,0],"4":[0,0],"5":[0,0],"6":[0,0],"7":[0,0],"8":[0,0]},"_coverageSchema":"1a1c01bbd47fc00a2c39e90264f33305004495a9","hash":"1c56c3f332e205ef282b4c4c104a767b3c60f7d5","contentHash":"a4d92164c1569589081d35714e64b2604d5ba0e8536734bd51b9d2afb563b0c2"},"/home/richard/Documents/Projects/kym-api/server/api/routes/database/controllers/deleteFoodV1/validation.js":{"path":"/home/richard/Documents/Projects/kym-api/server/api/routes/database/controllers/deleteFoodV1/validation.js","statementMap":{"0":{"start":{"line":1,"column":12},"end":{"line":1,"column":26}},"1":{"start":{"line":3,"column":19},"end":{"line":5,"column":2}},"2":{"start":{"line":7,"column":0},"end":{"line":7,"column":28}}},"fnMap":{},"branchMap":{},"s":{"0":1,"1":1,"2":1},"f":{},"b":{},"_coverageSchema":"1a1c01bbd47fc00a2c39e90264f33305004495a9","hash":"c58f896593e688ca264d9e956356ef3c8480a9cb","contentHash":"8399295f2b0721bf07c5316941994aadb4a4a9a40149cd07c36a058b7e2b1ed5"},"/home/richard/Documents/Projects/kym-api/server/api/routes/database/controllers/getBestGroupV1/validation.js":{"path":"/home/richard/Documents/Projects/kym-api/server/api/routes/database/controllers/getBestGroupV1/validation.js","statementMap":{"0":{"start":{"line":1,"column":12},"end":{"line":1,"column":26}},"1":{"start":{"line":3,"column":20},"end":{"line":7,"column":2}},"2":{"start":{"line":9,"column":0},"end":{"line":11,"column":2}}},"fnMap":{},"branchMap":{},"s":{"0":1,"1":1,"2":1},"f":{},"b":{},"_coverageSchema":"1a1c01bbd47fc00a2c39e90264f33305004495a9","hash":"07df66bcb0297bf1787ff16abac03bc628cbcce6","contentHash":"d4e0eca7ab4a62b291d2ddf781d851947d07c7738029f3327beb164ae8a6d651"},"/home/richard/Documents/Projects/kym-api/server/api/routes/database/controllers/searchDetailV1/validation.js":{"path":"/home/richard/Documents/Projects/kym-api/server/api/routes/database/controllers/searchDetailV1/validation.js","statementMap":{"0":{"start":{"line":1,"column":12},"end":{"line":1,"column":26}},"1":{"start":{"line":3,"column":19},"end":{"line":8,"column":2}},"2":{"start":{"line":10,"column":0},"end":{"line":12,"column":2}}},"fnMap":{},"branchMap":{},"s":{"0":1,"1":1,"2":1},"f":{
[...]
":[0,0]},"_coverageSchema":"1a1c01bbd47fc00a2c39e90264f33305004495a9","hash":"2e77fe9c2f3592353715df7ac43b19a9be6d303c","contentHash":"dde886cc56cc895cf85869114bb4000d1eb5a9ebdf38d8bd15a1d1ba1bcfa37e"},"/home/richard/Documents/Projects/kym-api/server/api/routes/user/controllers/signup/index.js":{"path":"/home/richard/Documents/Projects/kym-api/server/api/routes/user/controllers/signup/index.js","statementMap":{"0":{"start":{"line":1,"column":29},"end":{"line":1,"column":62}},"1":{"start":{"line":2,"column":17},"end":{"line":2,"column":46}},"2":{"start":{"line":3,"column":41},"end":{"line":3,"column":59}},"3":{"start":{"line":9,"column":4},"end":{"line":9,"column":21}},"4":{"start":{"line":10,"column":15},"end":{"line":10,"column":32}},"5":{"start":{"line":11,"column":12},"end":{"line":11,"column":33}},"6":{"start":{"line":15,"column":4},"end":{"line":15,"column":27}},"7":{"start":{"line":17,"column":15},"end":{"line":113,"column":1}},"8":{"start":{"line":19,"column":2},"end":{"line":112,"column":3}},"9":{"start":{"line":20,"column":4},"end":{"line":20,"column":40}},"10":{"start":{"line":22,"column":19},"end":{"line":29,"column":5}},"11":{"start":{"line":31,"column":21},"end":{"line":31,"column":24}},"12":{"start":{"line":32,"column":44},"end":{"line":32,"column":48}},"13":{"start":{"line":34,"column":28},"end":{"line":36,"column":12}},"14":{"start":{"line":35,"column":6},"end":{"line":35,"column":65}},"15":{"start":{"line":38,"column":4},"end":{"line":105,"column":5}},"16":{"start":{"line":39,"column":6},"end":{"line":86,"column":7}},"17":{"start":{"line":40,"column":8},"end":{"line":40,"column":64}},"18":{"start":{"line":42,"column":23},"end":{"line":45,"column":9}},"19":{"start":{"line":47,"column":27},"end":{"line":47,"column":60}},"20":{"start":{"line":49,"column":8},"end":{"line":49,"column":44}},"21":{"start":{"line":51,"column":20},"end":{"line":51,"column":53}},"22":{"start":{"line":52,"column":8},"end":{"line":52,"column":52}},"23":{"start":{"line":54,"column":45},"end":{"line":61,"column":10}},"24":{"start":{"line":64,"column":8},"end":{"line":67,"column":11}},"25":{"start":{"line":69,"column":8},"end":{"line":69,"column":35}},"26":{"start":{"line":72,"column":25},"end":{"line":76,"column":29}},"27":{"start":{"line":78,"column":22},"end":{"line":78,"column":88}},"28":{"start":{"line":80,"column":8},"end":{"line":80,"column":59}},"29":{"start":{"line":82,"column":8},"end":{"line":85,"column":17}},"30":{"start":{"line":88,"column":6},"end":{"line":104,"column":7}},"31":{"start":{"line":89,"column":21},"end":{"line":89,"column":48}},"32":{"start":{"line":90,"column":22},"end":{"line":93,"column":32}},"33":{"start":{"line":95,"column":8},"end":{"line":98,"column":22}},"34":{"start":{"line":100,"column":8},"end":{"line":103,"column":17}},"35":{"start":{"line":107,"column":4},"end":{"line":109,"column":5}},"36":{"start":{"line":108,"column":6},"end":{"line":108,"column":29}},"37":{"start":{"line":110,"column":4},"end":{"line":110,"column":57}},"38":{"start":{"line":111,"column":4},"end":{"line":111,"column":14}},"39":{"start":{"line":115,"column":0},"end":{"line":115,"column":24}}},"fnMap":{"0":{"name":"(anonymous_0)","decl":{"start":{"line":17,"column":15},"end":{"line":17,"column":16}},"loc":{"start":{"line":17,"column":41},"end":{"line":113,"column":1}},"line":17},"1":{"name":"(anonymous_1)","decl":{"start":{"line":34,"column":42},"end":{"line":34,"column":43}},"loc":{"start":{"line":34,"column":59},"end":{"line":36,"column":5}},"line":34}},"branchMap":{"0":{"loc":{"start":{"line":35,"column":13},"end":{"line":35,"column":64}},"type":"binary-expr","locations":[{"start":{"line":35,"column":13},"end":{"line":35,"column":17}},{"start":{"line":35,"column":21},"end":{"line":35,"column":37}},{"start":{"line":35,"column":41},"end":{"line":35,"column":64}}],"line":35},"1":{"loc":{"start":{"line":38,"column":4},"end":{"line":105,"column":5}},"type":"if","locations":[{"start":{"line":38,"column":4},"end":{"line":105,"column":5}},{"start":{"line":38,"column":4},"end":{"line":105,"column":5}}],"line":38},"2":{"loc":{"start":{"line":107,"column":4},"end":{"line":109,"column":5}},"type":"if","locations":[{"start":{"line":107,"column":4},"end":{"line":109,"column":5}},{"start":{"line":107,"column":4},"end":{"line":109,"column":5}}],"line":107}},"s":{"0":1,"1":1,"2":1,"3":1,"4":1,"5":1,"6":1,"7":1,"8":0,"9":0,"10":0,"11":0,"12":0,"13":0,"14":0,"15":0,"16":0,"17":0,"18":0,"19":0,"20":0,"21":0,"22":0,"23":0,"24":0,"25":0,"26":0,"27":0,"28":0,"29":0,"30":0,"31":0,"32":0,"33":0,"34":0,"35":0,"36":0,"37":0,"38":0,"39":1},"f":{"0":0,"1":0},"b":{"0":[0,0,0],"1":[0,0],"2":[0,0]},"_coverageSchema":"1a1c01bbd47fc00a2c39e90264f33305004495a9","hash":"5dcb82870b4dbc1605cac451693b27d36c613343","contentHash":"f7189a9fde8f0f13ac44e65e34663ab49ab57fa99b5a8edeadb5733f83eb846d"},"/home/richard/Documents/Projects/kym-api/server/api/routes/user/controllers/signup/validation.js":{"path":"/home/richard/Documents/Projects/kym-api/server/api/routes/user/controllers/signup/validation.js","statementMap":{"0":{"start":{"line":1,"column":12},"end":{"line":1,"column":26}},"1":{"start":{"line":3,"column":31},"end":{"line":11,"column":2}},"2":{"start":{"line":13,"column":19},"end":{"line":21,"column":2}},"3":{"start":{"line":23,"column":0},"end":{"line":26,"column":2}}},"fnMap":{},"branchMap":{},"s":{"0":1,"1":1,"2":1,"3":1},"f":{},"b":{},"_coverageSchema":"1a1c01bbd47fc00a2c39e90264f33305004495a9","hash":"1a413fd6f97b72f1aa0373fac840a43a9dbdd4ed","contentHash":"285f91a6a568eb07ecf00d59f16c451f428728b19424acd2907035b4689176ba"},"/home/richard/Documents/Projects/kym-api/server/api/routes/user/controllers/createMeasurements/index.js":{"path":"/home/richard/Documents/Projects/kym-api/server/api/routes/user/controllers/createMeasurements/index.js","statementMap":{"0":{"start":{"line":1,"column":41},"end":{"line":1,"column":59}},"1":{"start":{"line":2,"column":28},"end":{"line":2,"column":45}},"2":{"start":{"line":3,"column":15},"end":{"line":3,"column":32}},"3":{"start":{"line":4,"column":23},"end":{"line":4,"column":46}},"4":{"start":{"line":6,"column":27},"end":{"line":49,"column":1}},"5":{"start":{"line":7,"column":20},"end":{"line":10,"column":4}},"6":{"start":{"line":12,"column":2},"end":{"line":12,"column":25}},"7":{"start":{"line":12,"column":13},"end":{"line":12,"column":25}},"8":{"start":{"line":14,"column":51},"end":{"line":14,"column":55}},"9":{"start":{"line":18,"column":2},"end":{"line":33,"column":3}},"10":{"start":{"line":19,"column":22},"end":{"line":19,"column":67}},"11":{"start":{"line":20,"column":20},"end":{"line":20,"column":56}},"12":{"start":{"line":22,"column":4},"end":{"line":32,"column":7}},"13":{"start":{"line":36,"column":2},"end":{"line":45,"column":3}},"14":{"start":{"line":37,"column":4},"end":{"line":40,"column":7}},"15":{"start":{"line":38,"column":6},"end":{"line":38,"column":38}},"16":{"start":{"line":39,"column":6},"end":{"line":39,"column":34}},"17":{"start":{"line":42,"column":4},"end":{"line":42,"column":32}},"18":{"start":{"line":44,"column":4},"end":{"line":44,"column":90}},"19":{"start":{"line":47,"column":26},"end":{"line":47,"column":73}},"20":{"start":{"line":48,"column":2},"end":{"line":48,"column":25}},"21":{"start":{"line":51,"column":0},"end":{"line":51,"column":36}}},"fnMap":{"0":{"name":"(anonymous_0)","decl":{"start":{"line":6,"column":27},"end":{"line":6,"column":28}},"loc":{"start":{"line":6,"column":49},"end":{"line":49,"column":1}},"line":6},"1":{"name":"(anonymous_1)","decl":{"start":{"line":37,"column":30},"end":{"line":37,"column":31}},"loc":{"start":{"line":37,"column":39},"end":{"line":40,"column":5}},"line":37}},"branchMap":{"0":{"loc":{"start":{"line":12,"column":2},"end":{"line":12,"column":25}},"type":"if","locations":[{"start":{"line":12,"column":2},"end":{"line":12,"column":25}},{"start":{"line":12,"column":2},"end":{"line":12,"column":25}}],"line":12},"1":{"loc":{"start":{"line":14,"column":10},"end":{"line":14,"column":46}},"type":"default-arg","locations":[{"start":{"line":14,"column":17},"end":{"line":14,"column":46}}],"line":14},"2":{"loc":{"start":{"line":18,"column":2},"end":{"line":33,"column":3}},"type":"if","locations":[{"start":{"line":18,"column":2},"end":{"line":33,"column":3}},{"start":{"line":18,"column":2},"end":{"line":33,"column":3}}],"line":18},"3":{"loc":{"start":{"line":36,"column":2},"end":{"line":45,"column":3}},"type":"if","locations":[{"start":{"line":36,"column":2},"end":{"line":45,"column":3}},{"start":{"line":36,"column":2},"end":{"line":45,"column":3}}],"line":36}},"s":{"0":1,"1":1,"2":1,"3":1,"4":1,"5":0,"6":0,"7":0,"8":0,"9":0,"10":0,"11":0,"12":0,"13":0,"14":0,"15":0,"16":0,"17":0,"18":0,"19":0,"20":0,"21":1},"f":{"0":0,"1":0},"b":{"0":[0,0],"1":[0],"2":[0,0],"3":[0,0]},"_coverageSchema":"1a1c01bbd47fc00a2c39e90264f33305004495a9","hash":"a1899d29d267707254916f20f7cdb7ec77026a94","contentHash":"5a7c083a96cf898f15fbf243ec0ea1ad9ceeb1e54e2e241cca3a2dfff823b4be"},"/home/richard/Documents/Projects/kym-api/server/api/routes/user/controllers/createMeasurements/validation.js":{"path":"/home/richard/Documents/Projects/kym-api/server/api/routes/user/controllers/createMeasurements/validation.js","statementMap":{"0":{"start":{"line":1,"column":12},"end":{"line":1,"column":26}},"1":{"start":{"line":2,"column":24},"end":{"line":2,"column":42}},"2":{"start":{"line":3,"column":24},"end":{"line":3,"column":60}},"3":{"start":{"line":5,"column":19},"end":{"line":20,"column":2}},"4":{"start":{"line":6,"column":43},"end":{"line":6,"column":82}},"5":{"start":{"line":22,"column":0},"end":{"line":24,"column":2}}},"fnMap":{"0":{"name":"(anonymous_0)","decl":{"start":{"line":6,"column":37},"end":{"line":6,"column":38}},"loc":{"start":{"line":6,"column":43},"end":{"line":6,"column":82}},"line":6}},"branchMap":{},"s":{"0":1,"1":1,"2":1,"3":1,"4":0,"5":1},"f":{"0":0},"b":{},"_coverageSchema":"1a1c01bbd47fc00a2c39e90264f33305004495a9","hash":"7b4f361da7b9eb23e01ce41e016e4366faf943f7","contentHash":"b807c4a8bc402549c58f223a8826c90c33710f3e64b624d1dcb841a00250e766"},"/home/richard/Documents/Projects/kym-api/server/api/routes/user/controllers/updateMeasurements/index.js":{"path":"/home/richard/Documents/Projects/kym-api/server/api/routes/user/controllers/updateMeasurements/index.js","statementMap":{"0":{"start":{"line":1,"column":41},"end":{"line":1,"column":59}},"1":{"start":{"line":2,"column":23},"end":{"line":2,"column":46}},"2":{"start":{"line":3,"column":17},"end":{"line":3,"column":46}},"3":{"start":{"line":5,"column":28},"end":{"line":5,"column":45}},"4":{"start":{"line":7,"column":27},"end":{"line":23,"column":1}},"5":{"start":{"line":8,"column":2},"end":{"line":8,"column":34}},"6":{"start":{"line":9,"column":22},"end":{"line":14,"column":4}},"7":{"start":{"line":16,"column":2},"end":{"line":16,"column":86}},"8":{"start":{"line":16,"column":20},"end":{"line":16,"column":86}},"9":{"start":{"line":18,"column":2},"end":{"line":18,"column":42}},"10":{"start":{"line":19,"column":2},"end":{"line":19,"column":27}},"11":{"start":{"line":21,"column":26},"end":{"line":21,"column":73}},"12":{"start":{"line":22,"column":2},"end":{"line":22,"column":25}},"13":{"start":{"line":25,"column":0},"end":{"line":25,"column":36}}},"fnMap":{"0":{"name":"(anonymous_0)","decl":{"start":{"line":7,"column":27},"end":{"line":7,"column":28}},"loc":{"start":{"line":7,"column":49},"end":{"line":23,"column":1}},"line":7}},"branchMap":{"0":{"loc":{"start":{"line":16,"column":2},"end":{"line":16,"column":86}},"type":"if","locations":[{"start":{"line":16,"column":2},"end":{"line":16,"column":86}},{"start":{"line":16,"column":2},"end":{"line":16,"column":86}}],"line":16}},"s":{"0":1,"1":1,"2":1,"3":1,"4":1,"5":0,"6":0,"7":0,"8":0,"9":0,"10":0,"11":0,"12":0,"13":1},"f":{"0":0},"b":{"0":[0,0]},"_coverageSchema":"1a1c01bbd47fc00a2c39e90264f33305004495a9","hash":"fa3dd87d4e5c484a361b2ce21dda1d2ede66ae59","contentHash":"37b025968e04128a85ed7e5e25e045ce6f8ceb35c2759330a51cd64de7e61fbd"},"/home/richard/Documents/Projects/kym-api/server/api/routes/user/controllers/updateMeasurements/validation.js":{"path":"/home/richard/Documents/Projects/kym-api/server/api/routes/user/controllers/updateMeasurements/validation.js","statementMap":{"0":{"start":{"line":1,"column":12},"end":{"line":1,"column":26}},"1":{"start":{"line":3,"column":19},"end":{"line":16,"column":2}},"2":{"start":{"line":18,"column":0},"end":{"line":20,"column":2}}},"fnMap":{},"branchMap":{},"s":{"0":1,"1":1,"2":1},"f":{},"b":{},"_coverageSchema":"1a1c01bbd47fc00a2c39e90264f33305004495a9","hash":"ca6cd9f1c2ac08f7fcb68a75e26f3ae767f3d664","contentHash":"3a634fd626c12793e5c09d27c704016a4e5f344d859b6734283c65a3a28c7076"},"/home/richard/Documents/Projects/kym-api/server/api/routes/user/controllers/deleteMeasurements/index.js":{"path":"/home/richard/Documents/Projects/kym-api/server/api/routes/user/controllers/deleteMeasurements/index.js","statementMap":{"0":{"start":{"line":1,"column":29},"end":{"line":1,"column":62}},"1":{"start":{"line":2,"column":41},"end":{"line":2,"column":59}},"2":{"start":{"line":3,"column":28},"end":{"line":3,"column":45}},"3":{"start":{"line":4,"column":23},"end":{"line":4,"column":46}},"4":{"start":{"line":6,"column":27},"end":{"line":25,"column":1}},"5":{"start":{"line":7,"column":2},"end":{"line":24,"column":3}},"6":{"start":{"line":8,"column":4},"end":{"line":8,"column":40}},"7":{"start":{"line":10,"column":19},"end":{"line":10,"column":27}},"8":{"start":{"line":11,"column":21},"end":{"line":11,"column":31}},"9":{"start":{"line":13,"column":4},"end":{"line":18,"column":7}},"10":{"start":{"line":20,"column":4},"end":{"line":20,"column":36}},"11":{"start":{"line":22,"column":4},"end":{"line":22,"column":59}},"12":{"start":{"line":23,"column":4},"end":{"line":23,"column":14}},"13":{"start":{"line":27,"column":0},"end":{"line":27,"column":36}}},"fnMap":{"0":{"name":"(anonymous_0)","decl":{"start":{"line":6,"column":27},"end":{"line":6,"column":28}},"loc":{"start":{"line":6,"column":53},"end":{"line":25,"column":1}},"line":6}},"branchMap":{},"s":{"0":1,"1":1,"2":1,"3":1,"4":1,"5":0,"6":0,"7":0,"8":0,"9":0,"10":0,"11":0,"12":0,"13":1},"f":{"0":0},"b":{},"_coverageSchema":"1a1c01bbd47fc00a2c39e90264f33305004495a9","hash":"8da8d958b7dd0471acfb061013cc49c97796e61c","contentHash":"5ab7e2d945f3047decfbdf57242c5a8d71169ed06b7282bbcc7a86175cfa31c0"},"/home/richard/Documents/Projects/kym-api/server/api/routes/user/controllers/deleteMeasurements/validation.js":{"path":"/home/richard/Documents/Projects/kym-api/server/api/routes/user/controllers/deleteMeasurements/validation.js","statementMap":{"0":{"start":{"line":1,"column":12},"end":{"line":1,"column":26}},"1":{"start":{"line":3,"column":17},"end":{"line":3,"column":50}},"2":{"start":{"line":4,"column":19},"end":{"line":6,"column":2}},"3":{"start":{"line":8,"column":0},"end":{"line":11,"column":2}}},"fnMap":{},"branchMap":{},"s":{"0":1,"1":1,"2":1,"3":1},"f":{},"b":{},"_coverageSchema":"1a1c01bbd47fc00a2c39e90264f33305004495a9","hash":"a36cf1dd0f47d85b5ab1dd2bc0108ef567e68e2e","contentHash":"30d4dd16066a5eacc36a5aae3edbc6713e328644061e9ca8f1c5f90eee8d694d"},"/home/richard/Documents/Projects/kym-api/server/api/routes/user/controllers/updateUser/index.js":{"path":"/home/richard/Documents/Projects/kym-api/server/api/routes/user/controllers/updateUser/index.js","statementMap":{"0":{"start":{"line":1,"column":28},"end":{"line":1,"column":46}},"1":{"start":{"line":2,"column":23},"end":{"line":2,"column":46}},"2":{"start":{"line":4,"column":17},"end":{"line":4,"column":34}},"3":{"start":{"line":6,"column":19},"end":{"line":23,"column":1}},"4":{"start":{"line":7,"column":2},"end":{"line":7,"column":58}},"5":{"start":{"line":8,"column":15},"end":{"line":8,"column":40}},"6":{"start":{"line":10,"column":19},"end":{"line":10,"column":30}},"7":{"start":{"line":12,"column":2},"end":{"line":12,"column":21}},"8":{"start":{"line":13,"column":2},"end":{"line":13,"column":28}},"9":{"start":{"line":14,"column":2},"end":{"line":14,"column":28}},"10":{"start":{"line":16,"column":2},"end":{"line":18,"column":5}},"11":{"start":{"line":17,"column":4},"end":{"line":17,"column":20}},"12":{"start":{"line":20,"column":20},"end":{"line":20,"column":37}},"13":{"start":{"line":22,"column":2},"end":{"line":22,"column":19}},"14":{"start":{"line":25,"column":0},"end":{"line":25,"column":28}}},"fnMap":{"0":{"name":"(anonymous_0)","decl":{"start":{"line":6,"column":19},"end":{"line":6,"column":20}},"loc":{"start":{"line":6,"column":41},"end":{"line":23,"column":1}},"line":6},"1":{"name":"(anonymous_1)","decl":{"start":{"line":16,"column":35},"end":{"line":16,"column":36}},"loc":{"start":{"line":16,"column":51},"end":{"line":18,"column":3}},"line":16}},"branchMap":{},"s":{"0":1,"1":1,"2":1,"3":1,"4":0,"5":0,"6":0,"7":0,"8":0,"9":0,"10":0,"11":0,"12":0,"13":0,"14":1},"f":{"0":0,"1":0},"b":{},"_coverageSchema":"1a1c01bbd47fc00a2c39e90264f33305004495a9","hash":"6b7000413817688859705401ccdede41f0f7c901","contentHash":"ee0d60ce0ba5ef6ff0d34cd93c12b49c5cdbc78815cb4442c13f197b140ab7a1"},"/home/richard/Documents/Projects/kym-api/server/api/routes/user/controllers/updateUser/validation.js":{"path":"/home/richard/Documents/Projects/kym-api/server/api/routes/user/controllers/updateUser/validation.js","statementMap":{"0":{"start":{"line":1,"column":12},"end":{"line":1,"column":26}},"1":{"start":{"line":3,"column":19},"end":{"line":14,"column":2}},"2":{"start":{"line":16,"column":0},"end":{"line":18,"column":2}}},"fnMap":{},"branchMap":{},"s":{"0":1,"1":1,"2":1},"f":{},"b":{},"_coverageSchema":"1a1c01bbd47fc00a2c39e90264f33305004495a9","hash":"cc64ef9a8e7a8fa376ad3f7f43b49478aa677c72","contentHash":"5ffc70c1242934ae3973184245b556e3eb4307c482bbbf0b2385c0400399109d"},"/home/richard/Documents/Projects/kym-api/server/api/routes/user-measurements/index.js":{"path":"/home/richard/Documents/Projects/kym-api/server/api/routes/user-measurements/index.js","statementMap":{"0":{"start":{"line":1,"column":15},"end":{"line":1,"column":42}},"1":{"start":{"line":2,"column":24},"end":{"line":2,"column":64}},"2":{"start":{"line":4,"column":0},"end":{"line":4,"column":24}},"3":{"start":{"line":6,"column":0},"end":{"line":13,"column":3}},"4":{"start":{"line":7,"column":2},"end":{"line":12,"column":3}},"5":{"start":{"line":8,"column":25},"end":{"line":8,"column":63}},"6":{"start":{"line":9,"column":4},"end":{"line":9,"column":27}},"7":{"start":{"line":11,"column":4},"end":{"line":11,"column":14}}},"fnMap":{"0":{"name":"getUserMeasurements","decl":{"start":{"line":6,"column":31},"end":{"line":6,"column":50}},"loc":{"start":{"line":6,"column":67},"end":{"line":13,"column":1}},"line":6}},"branchMap":{},"s":{"0":1,"1":1,"2":1,"3":1,"4":0,"5":0,"6":0,"7":0},"f":{"0":0},"b":{},"_coverageSchema":"1a1c01bbd47fc00a2c39e90264f33305004495a9","hash":"2a3f944e37a0827888ca4cfa38f220125f9d4601","contentHash":"e0873ee3da9c73565d4d207033eda3630ba4b29de0a2fb145e6c9e55871eda44"},"/home/richard/Documents/Projects/kym-api/server/api/routes/user-measurements/controllers/getMeasurements/index.js":{"path":"/home/richard/Documents/Projects/kym-api/server/api/routes/user-measurements/controllers/getMeasurements/index.js","statementMap":{"0":{"start":{"line":1,"column":41},"end":{"line":1,"column":59}},"1":{"start":{"line":2,"column":28},"end":{"line":2,"column":45}},"2":{"start":{"line":4,"column":0},"end":{"line":4,"column":33}},"3":{"start":{"line":7,"column":23},"end":{"line":17,"column":4}},"4":{"start":{"line":18,"column":2},"end":{"line":18,"column":22}}},"fnMap":{"0":{"name":"getMeasurements","decl":{"start":{"line":6,"column":15},"end":{"line":6,"column":30}},"loc":{"start":{"line":6,"column":37},"end":{"line":19,"column":1}},"line":6}},"branchMap":{},"s":{"0":1,"1":1,"2":1,"3":0,"4":0},"f":{"0":0},"b":{},"_coverageSchema":"1a1c01bbd47fc00a2c39e90264f33305004495a9","hash":"2d28c743adf893d9cc10fff6d1607e11f75f15aa","contentHash":"ea838be1b7cf102ea8eef61167290c474c97df6d57454d09bbffe6e87b7f67a8"}}